INFO:root:Namespace(FOV=0.2, G_max=40, SNR=False, S_max=200, TSP=True, TSP_epoch=20, a_max=0.17030400000000004, acc_weight=0.1, batch_size=24, checkpoint='summary/16/radial_TSP_0.001_0.1_0.1/model.pt', data_parallel=True, data_path=PosixPath('/mnt/shared/home/b31xs3'), decimation_rate=10, device='cuda', drop_prob=0.0, dt=1e-05, exp_dir='summary/16/radial_TSP_0.001_0.1_0.1', gamma=42576, initialization='radial', interp_gap=1, lr=0.001, lr_gamma=0.01, lr_step_size=30, n_shots=16, num_chans=32, num_epochs=30, num_pools=4, rec_weight=1, report_interval=100, resolution=320, resume=False, sample_rate=1.0, seed=42, sub_lr=0.001, test_name='16/radial_TSP_0.001_0.1_0.1', trajectory_learning='1', v_max=3.40608, vel_weight=0.1, weight_decay=0.0)
INFO:root:Epoch = [  0/ 30] Iter = [   0/  39] Loss = 0.7726 Avg Loss = 0.7726 rec_loss: 0.7726, vel_loss: 3.098e-06, acc_loss: 3.098e-06
INFO:root:Epoch = [   0/  30] TrainLoss = 0.6236 DevLoss = 0.2434 TrainTime = 66.2419s DevTime = 11.0740s
INFO:root:Epoch = [  1/ 30] Iter = [   0/  39] Loss = 0.2321 Avg Loss = 0.2321 rec_loss: 0.2321, vel_loss: 3.098e-06, acc_loss: 3.098e-06
INFO:root:Epoch = [   1/  30] TrainLoss = 0.2255 DevLoss = 0.2165 TrainTime = 61.2007s DevTime = 10.9295s
INFO:root:Epoch = [  2/ 30] Iter = [   0/  39] Loss = 0.1929 Avg Loss = 0.1929 rec_loss: 0.1929, vel_loss: 3.098e-06, acc_loss: 3.098e-06
INFO:root:Epoch = [   2/  30] TrainLoss = 0.1954 DevLoss = 0.2064 TrainTime = 61.2651s DevTime = 10.4681s
INFO:root:Epoch = [  3/ 30] Iter = [   0/  39] Loss = 0.1908 Avg Loss = 0.1908 rec_loss: 0.1908, vel_loss: 3.098e-06, acc_loss: 3.098e-06
INFO:root:Epoch = [   3/  30] TrainLoss = 0.1892 DevLoss = 0.1975 TrainTime = 59.8922s DevTime = 11.4132s
INFO:root:Epoch = [  4/ 30] Iter = [   0/  39] Loss = 0.1916 Avg Loss = 0.1916 rec_loss: 0.1916, vel_loss: 3.098e-06, acc_loss: 0.02157
INFO:root:Epoch = [   4/  30] TrainLoss = 0.1883 DevLoss = 0.1942 TrainTime = 60.1618s DevTime = 10.9476s
INFO:root:Epoch = [  5/ 30] Iter = [   0/  39] Loss = 0.1777 Avg Loss = 0.1777 rec_loss: 0.1777, vel_loss: 3.098e-06, acc_loss: 0.07119
INFO:root:Epoch = [   5/  30] TrainLoss = 0.1773 DevLoss = 0.1857 TrainTime = 60.9798s DevTime = 10.5068s
INFO:root:Epoch = [  6/ 30] Iter = [   0/  39] Loss = 0.159 Avg Loss = 0.159 rec_loss: 0.159, vel_loss: 3.098e-06, acc_loss: 0.1415
INFO:root:Epoch = [   6/  30] TrainLoss = 0.1633 DevLoss = 0.1868 TrainTime = 60.7457s DevTime = 10.5628s
INFO:root:Epoch = [  7/ 30] Iter = [   0/  39] Loss = 0.1731 Avg Loss = 0.1731 rec_loss: 0.1731, vel_loss: 3.098e-06, acc_loss: 0.2219
INFO:root:Epoch = [   7/  30] TrainLoss = 0.1721 DevLoss = 0.1802 TrainTime = 61.4576s DevTime = 10.5763s
INFO:root:Epoch = [  8/ 30] Iter = [   0/  39] Loss = 0.1741 Avg Loss = 0.1741 rec_loss: 0.1741, vel_loss: 3.098e-06, acc_loss: 0.286
INFO:root:Epoch = [   8/  30] TrainLoss = 0.171 DevLoss = 0.18 TrainTime = 62.3644s DevTime = 10.7754s
INFO:root:Epoch = [  9/ 30] Iter = [   0/  39] Loss = 0.1584 Avg Loss = 0.1584 rec_loss: 0.1584, vel_loss: 3.098e-06, acc_loss: 0.4022
INFO:root:Epoch = [   9/  30] TrainLoss = 0.1607 DevLoss = 0.1749 TrainTime = 61.6356s DevTime = 10.6118s
INFO:root:Epoch = [ 10/ 30] Iter = [   0/  39] Loss = 0.1612 Avg Loss = 0.1612 rec_loss: 0.1612, vel_loss: 3.098e-06, acc_loss: 0.5796
INFO:root:Epoch = [  10/  30] TrainLoss = 0.161 DevLoss = 0.1718 TrainTime = 61.7945s DevTime = 11.1747s
INFO:root:Epoch = [ 11/ 30] Iter = [   0/  39] Loss = 0.1616 Avg Loss = 0.1616 rec_loss: 0.1616, vel_loss: 3.098e-06, acc_loss: 0.7915
INFO:root:Epoch = [  11/  30] TrainLoss = 0.16 DevLoss = 0.1708 TrainTime = 61.2708s DevTime = 10.5634s
INFO:root:Epoch = [ 12/ 30] Iter = [   0/  39] Loss = 0.1554 Avg Loss = 0.1554 rec_loss: 0.1554, vel_loss: 3.098e-06, acc_loss: 1.046
INFO:root:Epoch = [  12/  30] TrainLoss = 0.1548 DevLoss = 0.1704 TrainTime = 61.8682s DevTime = 10.7021s
INFO:root:Epoch = [ 13/ 30] Iter = [   0/  39] Loss = 0.1576 Avg Loss = 0.1576 rec_loss: 0.1576, vel_loss: 3.098e-06, acc_loss: 1.344
INFO:root:Epoch = [  13/  30] TrainLoss = 0.1566 DevLoss = 0.1714 TrainTime = 61.9829s DevTime = 10.5230s
INFO:root:Epoch = [ 14/ 30] Iter = [   0/  39] Loss = 0.161 Avg Loss = 0.161 rec_loss: 0.161, vel_loss: 3.098e-06, acc_loss: 1.721
INFO:root:Epoch = [  14/  30] TrainLoss = 0.1584 DevLoss = 0.1666 TrainTime = 62.6590s DevTime = 10.5657s
INFO:root:Epoch = [ 15/ 30] Iter = [   0/  39] Loss = 0.1456 Avg Loss = 0.1456 rec_loss: 0.1456, vel_loss: 3.098e-06, acc_loss: 2.142
INFO:root:Epoch = [  15/  30] TrainLoss = 0.1472 DevLoss = 0.1667 TrainTime = 60.9234s DevTime = 10.5789s
INFO:root:Epoch = [ 16/ 30] Iter = [   0/  39] Loss = 0.1435 Avg Loss = 0.1435 rec_loss: 0.1435, vel_loss: 3.098e-06, acc_loss: 2.617
INFO:root:Epoch = [  16/  30] TrainLoss = 0.1454 DevLoss = 0.1628 TrainTime = 60.4272s DevTime = 10.8101s
INFO:root:Epoch = [ 17/ 30] Iter = [   0/  39] Loss = 0.1502 Avg Loss = 0.1502 rec_loss: 0.1502, vel_loss: 3.098e-06, acc_loss: 3.146
INFO:root:Epoch = [  17/  30] TrainLoss = 0.1498 DevLoss = 0.1608 TrainTime = 61.2279s DevTime = 11.3094s
INFO:root:Epoch = [ 18/ 30] Iter = [   0/  39] Loss = 0.1429 Avg Loss = 0.1429 rec_loss: 0.1429, vel_loss: 3.098e-06, acc_loss: 3.713
INFO:root:Epoch = [  18/  30] TrainLoss = 0.1437 DevLoss = 0.1622 TrainTime = 62.2279s DevTime = 11.0339s
INFO:root:Epoch = [ 19/ 30] Iter = [   0/  39] Loss = 0.1402 Avg Loss = 0.1402 rec_loss: 0.1402, vel_loss: 3.098e-06, acc_loss: 4.357
INFO:root:Epoch = [  19/  30] TrainLoss = 0.1421 DevLoss = 0.1609 TrainTime = 60.9117s DevTime = 10.8848s
INFO:root:Epoch = [ 20/ 30] Iter = [   0/  39] Loss = 0.1578 Avg Loss = 0.1578 rec_loss: 0.1578, vel_loss: 3.098e-06, acc_loss: 3.098e-06
INFO:root:Epoch = [  20/  30] TrainLoss = 0.1575 DevLoss = 0.1661 TrainTime = 63.8802s DevTime = 11.3801s
INFO:root:Epoch = [ 21/ 30] Iter = [   0/  39] Loss = 0.1462 Avg Loss = 0.1462 rec_loss: 0.1462, vel_loss: 3.098e-06, acc_loss: 3.098e-06
INFO:root:Epoch = [  21/  30] TrainLoss = 0.1471 DevLoss = 0.1719 TrainTime = 63.8672s DevTime = 11.7158s
INFO:root:Epoch = [ 22/ 30] Iter = [   0/  39] Loss = 0.1603 Avg Loss = 0.1603 rec_loss: 0.1603, vel_loss: 3.098e-06, acc_loss: 3.098e-06
INFO:root:Epoch = [  22/  30] TrainLoss = 0.1567 DevLoss = 0.1636 TrainTime = 63.1647s DevTime = 11.8897s
INFO:root:Epoch = [ 23/ 30] Iter = [   0/  39] Loss = 0.1557 Avg Loss = 0.1557 rec_loss: 0.1557, vel_loss: 3.098e-06, acc_loss: 3.098e-06
INFO:root:Epoch = [  23/  30] TrainLoss = 0.1522 DevLoss = 0.1645 TrainTime = 62.8199s DevTime = 10.8956s
INFO:root:Epoch = [ 24/ 30] Iter = [   0/  39] Loss = 0.1471 Avg Loss = 0.1471 rec_loss: 0.1471, vel_loss: 3.098e-06, acc_loss: 3.098e-06
INFO:root:Epoch = [  24/  30] TrainLoss = 0.1466 DevLoss = 0.1628 TrainTime = 64.1152s DevTime = 11.2955s
INFO:root:Epoch = [ 25/ 30] Iter = [   0/  39] Loss = 0.1541 Avg Loss = 0.1541 rec_loss: 0.1541, vel_loss: 3.098e-06, acc_loss: 3.098e-06
INFO:root:Epoch = [  25/  30] TrainLoss = 0.1502 DevLoss = 0.1604 TrainTime = 64.4363s DevTime = 11.9377s
INFO:root:Epoch = [ 26/ 30] Iter = [   0/  39] Loss = 0.1434 Avg Loss = 0.1434 rec_loss: 0.1434, vel_loss: 3.098e-06, acc_loss: 3.098e-06
INFO:root:Epoch = [  26/  30] TrainLoss = 0.1435 DevLoss = 0.1636 TrainTime = 63.1670s DevTime = 11.4472s
INFO:root:Epoch = [ 27/ 30] Iter = [   0/  39] Loss = 0.147 Avg Loss = 0.147 rec_loss: 0.147, vel_loss: 3.098e-06, acc_loss: 3.098e-06
INFO:root:Epoch = [  27/  30] TrainLoss = 0.1455 DevLoss = 0.1615 TrainTime = 65.5218s DevTime = 11.2520s
INFO:root:Epoch = [ 28/ 30] Iter = [   0/  39] Loss = 0.1361 Avg Loss = 0.1361 rec_loss: 0.1361, vel_loss: 3.098e-06, acc_loss: 3.098e-06
INFO:root:Epoch = [  28/  30] TrainLoss = 0.1384 DevLoss = 0.1613 TrainTime = 65.5105s DevTime = 12.1143s
INFO:root:Epoch = [ 29/ 30] Iter = [   0/  39] Loss = 0.1399 Avg Loss = 0.1399 rec_loss: 0.1399, vel_loss: 3.098e-06, acc_loss: 3.098e-06
INFO:root:Epoch = [  29/  30] TrainLoss = 0.1404 DevLoss = 0.1589 TrainTime = 64.2737s DevTime = 11.0795s
