a_max=0.17030400000000004, v_max=3.40608
a_max=0.17030400000000004, v_max=3.40608
a_max=0.17030400000000004, v_max=3.40608
a_max=0.17030400000000004, v_max=3.40608
a_max=0.17030400000000004, v_max=3.40608
a_max=0.17030400000000004, v_max=3.40608
a_max=0.17030400000000004, v_max=3.40608
a_max=0.17030400000000004, v_max=3.40608
a_max=0.17030400000000004, v_max=3.40608
a_max=0.17030400000000004, v_max=3.40608
a_max=0.17030400000000004, v_max=3.40608
a_max=0.17030400000000004, v_max=3.40608
a_max=0.17030400000000004, v_max=3.40608
a_max=0.17030400000000004, v_max=3.40608
a_max=0.17030400000000004, v_max=3.40608
a_max=0.17030400000000004, v_max=3.40608
a_max=0.17030400000000004, v_max=3.40608
a_max=0.17030400000000004, v_max=3.40608
a_max=0.17030400000000004, v_max=3.40608
a_max=0.17030400000000004, v_max=3.40608
a_max=0.3320928000000001, v_max=6.641856000000001
a_max=0.3235776000000001, v_max=6.471552000000001
a_max=0.3150624000000001, v_max=6.301248000000001
a_max=0.3065472000000001, v_max=6.130944000000001
a_max=0.2980320000000001, v_max=5.9606400000000015
a_max=0.2895168000000001, v_max=5.790336000000002
a_max=0.2810016000000001, v_max=5.620032000000002
a_max=0.2724864000000001, v_max=5.449728000000002
a_max=0.2639712000000001, v_max=5.279424000000002
a_max=0.25545600000000007, v_max=5.1091200000000025
a_max=0.24694080000000007, v_max=4.938816000000003
a_max=0.24694080000000007, v_max=4.938816000000003
a_max=0.24694080000000007, v_max=4.938816000000003
a_max=0.24694080000000007, v_max=4.938816000000003
a_max=0.24694080000000007, v_max=4.938816000000003
a_max=0.23842560000000007, v_max=4.768512000000003
a_max=0.23842560000000007, v_max=4.768512000000003
a_max=0.23842560000000007, v_max=4.768512000000003
a_max=0.23842560000000007, v_max=4.768512000000003
a_max=0.23842560000000007, v_max=4.768512000000003
a_max=0.23842560000000007, v_max=4.768512000000003
a_max=0.23842560000000007, v_max=4.768512000000003
a_max=0.23842560000000007, v_max=4.768512000000003
a_max=0.23842560000000007, v_max=4.768512000000003
a_max=0.23842560000000007, v_max=4.768512000000003
a_max=0.23842560000000007, v_max=4.768512000000003
a_max=0.23842560000000007, v_max=4.768512000000003
a_max=0.23842560000000007, v_max=4.768512000000003
a_max=0.23842560000000007, v_max=4.768512000000003
a_max=0.23842560000000007, v_max=4.768512000000003
a_max=0.23842560000000007, v_max=4.768512000000003
a_max=0.23842560000000007, v_max=4.768512000000003
a_max=0.23842560000000007, v_max=4.768512000000003
a_max=0.23842560000000007, v_max=4.768512000000003
a_max=0.23842560000000007, v_max=4.768512000000003
a_max=0.23842560000000007, v_max=4.768512000000003
a_max=0.23842560000000007, v_max=4.768512000000003
a_max=0.23842560000000007, v_max=4.768512000000003
a_max=0.23842560000000007, v_max=4.768512000000003
a_max=0.23842560000000007, v_max=4.768512000000003
a_max=0.23842560000000007, v_max=4.768512000000003
a_max=0.23842560000000007, v_max=4.768512000000003
a_max=0.23842560000000007, v_max=4.768512000000003
a_max=0.23842560000000007, v_max=4.768512000000003
a_max=0.23842560000000007, v_max=4.768512000000003
a_max=0.23842560000000007, v_max=4.768512000000003
a_max=0.23842560000000007, v_max=4.768512000000003
a_max=0.23842560000000007, v_max=4.768512000000003
a_max=0.23842560000000007, v_max=4.768512000000003
a_max=0.23842560000000007, v_max=4.768512000000003
a_max=0.23842560000000007, v_max=4.768512000000003
a_max=0.23842560000000007, v_max=4.768512000000003
a_max=0.23842560000000007, v_max=4.768512000000003
a_max=0.23842560000000007, v_max=4.768512000000003
a_max=0.23842560000000007, v_max=4.768512000000003
a_max=0.23842560000000007, v_max=4.768512000000003
a_max=0.23842560000000007, v_max=4.768512000000003
a_max=0.23842560000000007, v_max=4.768512000000003
a_max=0.23842560000000007, v_max=4.768512000000003
a_max=0.23842560000000007, v_max=4.768512000000003
a_max=0.23842560000000007, v_max=4.768512000000003
a_max=0.23842560000000007, v_max=4.768512000000003
a_max=0.23842560000000007, v_max=4.768512000000003
a_max=0.23842560000000007, v_max=4.768512000000003
a_max=0.23842560000000007, v_max=4.768512000000003
a_max=0.23842560000000007, v_max=4.768512000000003
a_max=0.23842560000000007, v_max=4.768512000000003
a_max=0.23842560000000007, v_max=4.768512000000003
a_max=0.23842560000000007, v_max=4.768512000000003
a_max=0.23842560000000007, v_max=4.768512000000003
a_max=0.23842560000000007, v_max=4.768512000000003
a_max=0.23842560000000007, v_max=4.768512000000003
a_max=0.23842560000000007, v_max=4.768512000000003
a_max=0.23842560000000007, v_max=4.768512000000003
a_max=0.23842560000000007, v_max=4.768512000000003
a_max=0.23842560000000007, v_max=4.768512000000003
a_max=0.23842560000000007, v_max=4.768512000000003
a_max=0.23842560000000007, v_max=4.768512000000003
a_max=0.23842560000000007, v_max=4.768512000000003
a_max=0.23842560000000007, v_max=4.768512000000003
a_max=0.23842560000000007, v_max=4.768512000000003
a_max=0.23842560000000007, v_max=4.768512000000003
a_max=0.23842560000000007, v_max=4.768512000000003
a_max=0.23842560000000007, v_max=4.768512000000003
a_max=0.23842560000000007, v_max=4.768512000000003
a_max=0.23842560000000007, v_max=4.768512000000003
a_max=0.23842560000000007, v_max=4.768512000000003
a_max=0.23842560000000007, v_max=4.768512000000003
a_max=0.23842560000000007, v_max=4.768512000000003
a_max=0.23842560000000007, v_max=4.768512000000003
a_max=0.23842560000000007, v_max=4.768512000000003
a_max=0.23842560000000007, v_max=4.768512000000003
a_max=0.23842560000000007, v_max=4.768512000000003
a_max=0.23842560000000007, v_max=4.768512000000003
a_max=0.23842560000000007, v_max=4.768512000000003
a_max=0.23842560000000007, v_max=4.768512000000003
a_max=0.23842560000000007, v_max=4.768512000000003
a_max=0.23842560000000007, v_max=4.768512000000003
a_max=0.23842560000000007, v_max=4.768512000000003
a_max=0.23842560000000007, v_max=4.768512000000003
a_max=0.23842560000000007, v_max=4.768512000000003
a_max=0.23842560000000007, v_max=4.768512000000003
a_max=0.23842560000000007, v_max=4.768512000000003
a_max=0.23842560000000007, v_max=4.768512000000003
a_max=0.23842560000000007, v_max=4.768512000000003
a_max=0.23842560000000007, v_max=4.768512000000003
a_max=0.23842560000000007, v_max=4.768512000000003
a_max=0.23842560000000007, v_max=4.768512000000003
a_max=0.23842560000000007, v_max=4.768512000000003
a_max=0.23842560000000007, v_max=4.768512000000003
a_max=0.23842560000000007, v_max=4.768512000000003
a_max=0.23842560000000007, v_max=4.768512000000003
a_max=0.23842560000000007, v_max=4.768512000000003
a_max=0.23842560000000007, v_max=4.768512000000003
a_max=0.23842560000000007, v_max=4.768512000000003
a_max=0.23842560000000007, v_max=4.768512000000003
a_max=0.23842560000000007, v_max=4.768512000000003
a_max=0.23842560000000007, v_max=4.768512000000003
a_max=0.23842560000000007, v_max=4.768512000000003
a_max=0.23842560000000007, v_max=4.768512000000003
a_max=0.23842560000000007, v_max=4.768512000000003
a_max=0.23842560000000007, v_max=4.768512000000003
a_max=0.23842560000000007, v_max=4.768512000000003
a_max=0.23842560000000007, v_max=4.768512000000003
a_max=0.23842560000000007, v_max=4.768512000000003
a_max=0.23842560000000007, v_max=4.768512000000003
a_max=0.23842560000000007, v_max=4.768512000000003
a_max=0.23842560000000007, v_max=4.768512000000003
a_max=0.23842560000000007, v_max=4.768512000000003
a_max=0.23842560000000007, v_max=4.768512000000003
a_max=0.23842560000000007, v_max=4.768512000000003
a_max=0.23842560000000007, v_max=4.768512000000003
a_max=0.23842560000000007, v_max=4.768512000000003
a_max=0.23842560000000007, v_max=4.768512000000003
a_max=0.23842560000000007, v_max=4.768512000000003
a_max=0.23842560000000007, v_max=4.768512000000003
a_max=0.23842560000000007, v_max=4.768512000000003
a_max=0.23842560000000007, v_max=4.768512000000003
a_max=0.23842560000000007, v_max=4.768512000000003
a_max=0.23842560000000007, v_max=4.768512000000003
a_max=0.23842560000000007, v_max=4.768512000000003
a_max=0.23842560000000007, v_max=4.768512000000003
a_max=0.23842560000000007, v_max=4.768512000000003
a_max=0.23842560000000007, v_max=4.768512000000003
a_max=0.23842560000000007, v_max=4.768512000000003
a_max=0.23842560000000007, v_max=4.768512000000003
a_max=0.23842560000000007, v_max=4.768512000000003
a_max=0.23842560000000007, v_max=4.768512000000003
a_max=0.23842560000000007, v_max=4.768512000000003
a_max=0.23842560000000007, v_max=4.768512000000003
a_max=0.23842560000000007, v_max=4.768512000000003
a_max=0.23842560000000007, v_max=4.768512000000003
a_max=0.23842560000000007, v_max=4.768512000000003
a_max=0.23842560000000007, v_max=4.768512000000003
a_max=0.23842560000000007, v_max=4.768512000000003
a_max=0.23842560000000007, v_max=4.768512000000003
a_max=0.23842560000000007, v_max=4.768512000000003
a_max=0.23842560000000007, v_max=4.768512000000003
a_max=0.23842560000000007, v_max=4.768512000000003
a_max=0.23842560000000007, v_max=4.768512000000003
a_max=0.23842560000000007, v_max=4.768512000000003
a_max=0.23842560000000007, v_max=4.768512000000003
a_max=0.23842560000000007, v_max=4.768512000000003
a_max=0.23842560000000007, v_max=4.768512000000003
a_max=0.23842560000000007, v_max=4.768512000000003
a_max=0.23842560000000007, v_max=4.768512000000003
a_max=0.23842560000000007, v_max=4.768512000000003
a_max=0.23842560000000007, v_max=4.768512000000003
a_max=0.23842560000000007, v_max=4.768512000000003
a_max=0.23842560000000007, v_max=4.768512000000003
a_max=0.23842560000000007, v_max=4.768512000000003
a_max=0.23842560000000007, v_max=4.768512000000003
a_max=0.23842560000000007, v_max=4.768512000000003
a_max=0.23842560000000007, v_max=4.768512000000003
a_max=0.23842560000000007, v_max=4.768512000000003
a_max=0.23842560000000007, v_max=4.768512000000003
a_max=0.23842560000000007, v_max=4.768512000000003
a_max=0.23842560000000007, v_max=4.768512000000003
a_max=0.23842560000000007, v_max=4.768512000000003
a_max=0.23842560000000007, v_max=4.768512000000003
a_max=0.23842560000000007, v_max=4.768512000000003
a_max=0.23842560000000007, v_max=4.768512000000003
a_max=0.23842560000000007, v_max=4.768512000000003
a_max=0.23842560000000007, v_max=4.768512000000003
a_max=0.23842560000000007, v_max=4.768512000000003
a_max=0.23842560000000007, v_max=4.768512000000003
a_max=0.23842560000000007, v_max=4.768512000000003
a_max=0.23842560000000007, v_max=4.768512000000003
a_max=0.23842560000000007, v_max=4.768512000000003
a_max=0.23842560000000007, v_max=4.768512000000003
a_max=0.23842560000000007, v_max=4.768512000000003
a_max=0.23842560000000007, v_max=4.768512000000003
a_max=0.23842560000000007, v_max=4.768512000000003
a_max=0.23842560000000007, v_max=4.768512000000003
a_max=0.23842560000000007, v_max=4.768512000000003
a_max=0.23842560000000007, v_max=4.768512000000003
a_max=0.23842560000000007, v_max=4.768512000000003
a_max=0.23842560000000007, v_max=4.768512000000003
a_max=0.23842560000000007, v_max=4.768512000000003
a_max=0.23842560000000007, v_max=4.768512000000003
a_max=0.23842560000000007, v_max=4.768512000000003
a_max=0.23842560000000007, v_max=4.768512000000003
a_max=0.23842560000000007, v_max=4.768512000000003
a_max=0.23842560000000007, v_max=4.768512000000003
a_max=0.23842560000000007, v_max=4.768512000000003
a_max=0.23842560000000007, v_max=4.768512000000003
a_max=0.23842560000000007, v_max=4.768512000000003
a_max=0.23842560000000007, v_max=4.768512000000003
a_max=0.23842560000000007, v_max=4.768512000000003
a_max=0.23842560000000007, v_max=4.768512000000003
a_max=0.23842560000000007, v_max=4.768512000000003
a_max=0.23842560000000007, v_max=4.768512000000003
a_max=0.23842560000000007, v_max=4.768512000000003
a_max=0.23842560000000007, v_max=4.768512000000003
a_max=0.23842560000000007, v_max=4.768512000000003
a_max=0.23842560000000007, v_max=4.768512000000003
a_max=0.23842560000000007, v_max=4.768512000000003
a_max=0.23842560000000007, v_max=4.768512000000003
a_max=0.23842560000000007, v_max=4.768512000000003
a_max=0.23842560000000007, v_max=4.768512000000003
a_max=0.23842560000000007, v_max=4.768512000000003
a_max=0.23842560000000007, v_max=4.768512000000003
a_max=0.23842560000000007, v_max=4.768512000000003
a_max=0.23842560000000007, v_max=4.768512000000003
a_max=0.23842560000000007, v_max=4.768512000000003
a_max=0.23842560000000007, v_max=4.768512000000003
a_max=0.23842560000000007, v_max=4.768512000000003
a_max=0.23842560000000007, v_max=4.768512000000003
a_max=0.23842560000000007, v_max=4.768512000000003
a_max=0.23842560000000007, v_max=4.768512000000003
a_max=0.23842560000000007, v_max=4.768512000000003
a_max=0.23842560000000007, v_max=4.768512000000003
a_max=0.23842560000000007, v_max=4.768512000000003
a_max=0.23842560000000007, v_max=4.768512000000003
a_max=0.23842560000000007, v_max=4.768512000000003
a_max=0.23842560000000007, v_max=4.768512000000003
a_max=0.23842560000000007, v_max=4.768512000000003
a_max=0.23842560000000007, v_max=4.768512000000003
a_max=0.23842560000000007, v_max=4.768512000000003
a_max=0.23842560000000007, v_max=4.768512000000003
a_max=0.23842560000000007, v_max=4.768512000000003
a_max=0.23842560000000007, v_max=4.768512000000003
a_max=0.23842560000000007, v_max=4.768512000000003
a_max=0.23842560000000007, v_max=4.768512000000003
a_max=0.23842560000000007, v_max=4.768512000000003
a_max=0.23842560000000007, v_max=4.768512000000003
a_max=0.23842560000000007, v_max=4.768512000000003
a_max=0.23842560000000007, v_max=4.768512000000003
a_max=0.23842560000000007, v_max=4.768512000000003
a_max=0.23842560000000007, v_max=4.768512000000003
a_max=0.23842560000000007, v_max=4.768512000000003
a_max=0.23842560000000007, v_max=4.768512000000003
a_max=0.23842560000000007, v_max=4.768512000000003
a_max=0.23842560000000007, v_max=4.768512000000003
a_max=0.23842560000000007, v_max=4.768512000000003
a_max=0.23842560000000007, v_max=4.768512000000003
a_max=0.23842560000000007, v_max=4.768512000000003
a_max=0.23842560000000007, v_max=4.768512000000003
a_max=0.23842560000000007, v_max=4.768512000000003
a_max=0.23842560000000007, v_max=4.768512000000003
a_max=0.23842560000000007, v_max=4.768512000000003
a_max=0.23842560000000007, v_max=4.768512000000003
a_max=0.23842560000000007, v_max=4.768512000000003
a_max=0.23842560000000007, v_max=4.768512000000003
a_max=0.23842560000000007, v_max=4.768512000000003
a_max=0.23842560000000007, v_max=4.768512000000003
a_max=0.23842560000000007, v_max=4.768512000000003
a_max=0.23842560000000007, v_max=4.768512000000003
a_max=0.23842560000000007, v_max=4.768512000000003
a_max=0.23842560000000007, v_max=4.768512000000003
a_max=0.23842560000000007, v_max=4.768512000000003
a_max=0.23842560000000007, v_max=4.768512000000003
a_max=0.23842560000000007, v_max=4.768512000000003
a_max=0.23842560000000007, v_max=4.768512000000003
a_max=0.23842560000000007, v_max=4.768512000000003
a_max=0.23842560000000007, v_max=4.768512000000003
a_max=0.23842560000000007, v_max=4.768512000000003
a_max=0.23842560000000007, v_max=4.768512000000003
a_max=0.23842560000000007, v_max=4.768512000000003
a_max=0.23842560000000007, v_max=4.768512000000003
16/radial_TSP_0.001_0.1_0.1
Training done, best epoch: 131
summary/16/radial_TSP_0.001_0.1_0.1
PSNR: 29.59 +- 0.88, SSIM: 0.7705 +- 0.0316
cuda
