INFO:root:Namespace(FOV=0.2, G_max=40, SNR=False, S_max=200, TSP=False, TSP_epoch=20, a_max=0.17030400000000004, acc_weight=0.1, batch_size=24, checkpoint='summary/8/radial_fixed/model.pt', data_parallel=True, data_path=PosixPath('/mnt/shared/home/b31xs3'), decimation_rate=10, device='cuda', drop_prob=0.0, dt=1e-05, exp_dir='summary/8/radial_fixed', gamma=42576, initialization='radial', interp_gap=1, lr=0.001, lr_gamma=0.01, lr_step_size=30, n_shots=8, num_chans=32, num_epochs=300, num_pools=4, rec_weight=1, report_interval=100, resolution=320, resume=False, sample_rate=1.0, seed=42, sub_lr=0.001, test_name='8/radial_fixed', trajectory_learning='0', v_max=3.40608, vel_weight=0.1, weight_decay=0.0)
INFO:root:Epoch = [  0/300] Iter = [   0/  70] Loss = 0.7522 Avg Loss = 0.7522 rec_loss: 0.7522, vel_loss: 2.191e-06, acc_loss: 2.191e-06
INFO:root:Epoch = [   0/ 300] TrainLoss = 0.5327 DevLoss = 0.284 TrainTime = 71.6221s DevTime = 10.4280s
INFO:root:Epoch = [  1/300] Iter = [   0/  70] Loss = 0.2676 Avg Loss = 0.2676 rec_loss: 0.2676, vel_loss: 2.191e-06, acc_loss: 2.191e-06
INFO:root:Epoch = [   1/ 300] TrainLoss = 0.2634 DevLoss = 0.2729 TrainTime = 70.2138s DevTime = 9.5784s
INFO:root:Epoch = [  2/300] Iter = [   0/  70] Loss = 0.2503 Avg Loss = 0.2503 rec_loss: 0.2503, vel_loss: 2.191e-06, acc_loss: 2.191e-06
INFO:root:Epoch = [   2/ 300] TrainLoss = 0.2492 DevLoss = 0.2687 TrainTime = 70.6302s DevTime = 9.8844s
INFO:root:Epoch = [  3/300] Iter = [   0/  70] Loss = 0.2539 Avg Loss = 0.2539 rec_loss: 0.2539, vel_loss: 2.191e-06, acc_loss: 2.191e-06
INFO:root:Epoch = [   3/ 300] TrainLoss = 0.2466 DevLoss = 0.2468 TrainTime = 70.5893s DevTime = 9.4664s
INFO:root:Epoch = [  4/300] Iter = [   0/  70] Loss = 0.2212 Avg Loss = 0.2212 rec_loss: 0.2212, vel_loss: 2.191e-06, acc_loss: 2.191e-06
INFO:root:Epoch = [   4/ 300] TrainLoss = 0.2267 DevLoss = 0.2462 TrainTime = 69.4822s DevTime = 9.6495s
INFO:root:Epoch = [  5/300] Iter = [   0/  70] Loss = 0.2377 Avg Loss = 0.2377 rec_loss: 0.2377, vel_loss: 2.191e-06, acc_loss: 2.191e-06
INFO:root:Epoch = [   5/ 300] TrainLoss = 0.2313 DevLoss = 0.2413 TrainTime = 70.4612s DevTime = 10.2352s
INFO:root:Epoch = [  6/300] Iter = [   0/  70] Loss = 0.2089 Avg Loss = 0.2089 rec_loss: 0.2089, vel_loss: 2.191e-06, acc_loss: 2.191e-06
INFO:root:Epoch = [   6/ 300] TrainLoss = 0.2153 DevLoss = 0.2388 TrainTime = 70.8456s DevTime = 9.4296s
INFO:root:Epoch = [  7/300] Iter = [   0/  70] Loss = 0.2113 Avg Loss = 0.2113 rec_loss: 0.2113, vel_loss: 2.191e-06, acc_loss: 2.191e-06
INFO:root:Epoch = [   7/ 300] TrainLoss = 0.2144 DevLoss = 0.2342 TrainTime = 69.9805s DevTime = 10.5639s
INFO:root:Epoch = [  8/300] Iter = [   0/  70] Loss = 0.2093 Avg Loss = 0.2093 rec_loss: 0.2093, vel_loss: 2.191e-06, acc_loss: 2.191e-06
INFO:root:Epoch = [   8/ 300] TrainLoss = 0.2104 DevLoss = 0.2318 TrainTime = 70.9375s DevTime = 9.6009s
INFO:root:Epoch = [  9/300] Iter = [   0/  70] Loss = 0.1979 Avg Loss = 0.1979 rec_loss: 0.1979, vel_loss: 2.191e-06, acc_loss: 2.191e-06
INFO:root:Epoch = [   9/ 300] TrainLoss = 0.204 DevLoss = 0.2263 TrainTime = 70.5451s DevTime = 9.6556s
INFO:root:Epoch = [ 10/300] Iter = [   0/  70] Loss = 0.1956 Avg Loss = 0.1956 rec_loss: 0.1956, vel_loss: 2.191e-06, acc_loss: 2.191e-06
INFO:root:Epoch = [  10/ 300] TrainLoss = 0.2006 DevLoss = 0.2265 TrainTime = 69.5862s DevTime = 10.5027s
INFO:root:Epoch = [ 11/300] Iter = [   0/  70] Loss = 0.1956 Avg Loss = 0.1956 rec_loss: 0.1956, vel_loss: 2.191e-06, acc_loss: 2.191e-06
INFO:root:Epoch = [  11/ 300] TrainLoss = 0.1989 DevLoss = 0.2256 TrainTime = 70.5141s DevTime = 9.5734s
INFO:root:Epoch = [ 12/300] Iter = [   0/  70] Loss = 0.1926 Avg Loss = 0.1926 rec_loss: 0.1926, vel_loss: 2.191e-06, acc_loss: 2.191e-06
INFO:root:Epoch = [  12/ 300] TrainLoss = 0.1973 DevLoss = 0.2228 TrainTime = 70.5564s DevTime = 9.4294s
INFO:root:Epoch = [ 13/300] Iter = [   0/  70] Loss = 0.2029 Avg Loss = 0.2029 rec_loss: 0.2029, vel_loss: 2.191e-06, acc_loss: 2.191e-06
INFO:root:Epoch = [  13/ 300] TrainLoss = 0.1995 DevLoss = 0.2211 TrainTime = 70.4782s DevTime = 10.4000s
INFO:root:Epoch = [ 14/300] Iter = [   0/  70] Loss = 0.2016 Avg Loss = 0.2016 rec_loss: 0.2016, vel_loss: 2.191e-06, acc_loss: 2.191e-06
INFO:root:Epoch = [  14/ 300] TrainLoss = 0.1975 DevLoss = 0.2209 TrainTime = 70.5247s DevTime = 9.9828s
INFO:root:Epoch = [ 15/300] Iter = [   0/  70] Loss = 0.1925 Avg Loss = 0.1925 rec_loss: 0.1925, vel_loss: 2.191e-06, acc_loss: 2.191e-06
INFO:root:Epoch = [  15/ 300] TrainLoss = 0.1924 DevLoss = 0.2148 TrainTime = 71.9299s DevTime = 10.0420s
INFO:root:Epoch = [ 16/300] Iter = [   0/  70] Loss = 0.176 Avg Loss = 0.176 rec_loss: 0.176, vel_loss: 2.191e-06, acc_loss: 2.191e-06
INFO:root:Epoch = [  16/ 300] TrainLoss = 0.183 DevLoss = 0.2159 TrainTime = 70.1302s DevTime = 10.6574s
INFO:root:Epoch = [ 17/300] Iter = [   0/  70] Loss = 0.2024 Avg Loss = 0.2024 rec_loss: 0.2024, vel_loss: 2.191e-06, acc_loss: 2.191e-06
INFO:root:Epoch = [  17/ 300] TrainLoss = 0.194 DevLoss = 0.2165 TrainTime = 70.4360s DevTime = 9.8125s
INFO:root:Epoch = [ 18/300] Iter = [   0/  70] Loss = 0.178 Avg Loss = 0.178 rec_loss: 0.178, vel_loss: 2.191e-06, acc_loss: 2.191e-06
INFO:root:Epoch = [  18/ 300] TrainLoss = 0.1817 DevLoss = 0.2168 TrainTime = 70.6427s DevTime = 9.6522s
INFO:root:Epoch = [ 19/300] Iter = [   0/  70] Loss = 0.1923 Avg Loss = 0.1923 rec_loss: 0.1923, vel_loss: 2.191e-06, acc_loss: 2.191e-06
INFO:root:Epoch = [  19/ 300] TrainLoss = 0.1874 DevLoss = 0.2246 TrainTime = 70.1160s DevTime = 9.6698s
INFO:root:Epoch = [ 20/300] Iter = [   0/  70] Loss = 0.1984 Avg Loss = 0.1984 rec_loss: 0.1984, vel_loss: 2.191e-06, acc_loss: 2.191e-06
INFO:root:Epoch = [  20/ 300] TrainLoss = 0.1904 DevLoss = 0.2127 TrainTime = 70.6710s DevTime = 9.6517s
INFO:root:Epoch = [ 21/300] Iter = [   0/  70] Loss = 0.1814 Avg Loss = 0.1814 rec_loss: 0.1814, vel_loss: 2.191e-06, acc_loss: 2.191e-06
INFO:root:Epoch = [  21/ 300] TrainLoss = 0.1805 DevLoss = 0.2108 TrainTime = 70.8983s DevTime = 10.5834s
INFO:root:Epoch = [ 22/300] Iter = [   0/  70] Loss = 0.179 Avg Loss = 0.179 rec_loss: 0.179, vel_loss: 2.191e-06, acc_loss: 2.191e-06
INFO:root:Epoch = [  22/ 300] TrainLoss = 0.1786 DevLoss = 0.2109 TrainTime = 70.1306s DevTime = 9.5010s
INFO:root:Epoch = [ 23/300] Iter = [   0/  70] Loss = 0.1559 Avg Loss = 0.1559 rec_loss: 0.1559, vel_loss: 2.191e-06, acc_loss: 2.191e-06
INFO:root:Epoch = [  23/ 300] TrainLoss = 0.1664 DevLoss = 0.2128 TrainTime = 70.5110s DevTime = 9.6906s
INFO:root:Epoch = [ 24/300] Iter = [   0/  70] Loss = 0.1605 Avg Loss = 0.1605 rec_loss: 0.1605, vel_loss: 2.191e-06, acc_loss: 2.191e-06
INFO:root:Epoch = [  24/ 300] TrainLoss = 0.1688 DevLoss = 0.21 TrainTime = 70.0567s DevTime = 9.5949s
INFO:root:Epoch = [ 25/300] Iter = [   0/  70] Loss = 0.1654 Avg Loss = 0.1654 rec_loss: 0.1654, vel_loss: 2.191e-06, acc_loss: 2.191e-06
INFO:root:Epoch = [  25/ 300] TrainLoss = 0.1703 DevLoss = 0.2095 TrainTime = 69.7148s DevTime = 9.2186s
INFO:root:Epoch = [ 26/300] Iter = [   0/  70] Loss = 0.1683 Avg Loss = 0.1683 rec_loss: 0.1683, vel_loss: 2.191e-06, acc_loss: 2.191e-06
INFO:root:Epoch = [  26/ 300] TrainLoss = 0.1708 DevLoss = 0.2091 TrainTime = 70.3163s DevTime = 9.5496s
INFO:root:Epoch = [ 27/300] Iter = [   0/  70] Loss = 0.1724 Avg Loss = 0.1724 rec_loss: 0.1724, vel_loss: 2.191e-06, acc_loss: 2.191e-06
INFO:root:Epoch = [  27/ 300] TrainLoss = 0.1724 DevLoss = 0.2126 TrainTime = 69.0689s DevTime = 10.2433s
INFO:root:Epoch = [ 28/300] Iter = [   0/  70] Loss = 0.1839 Avg Loss = 0.1839 rec_loss: 0.1839, vel_loss: 2.191e-06, acc_loss: 2.191e-06
INFO:root:Epoch = [  28/ 300] TrainLoss = 0.1779 DevLoss = 0.2109 TrainTime = 69.3347s DevTime = 9.5423s
INFO:root:Epoch = [ 29/300] Iter = [   0/  70] Loss = 0.1635 Avg Loss = 0.1635 rec_loss: 0.1635, vel_loss: 2.191e-06, acc_loss: 2.191e-06
INFO:root:Epoch = [  29/ 300] TrainLoss = 0.1672 DevLoss = 0.21 TrainTime = 69.5394s DevTime = 10.4936s
INFO:root:Epoch = [ 30/300] Iter = [   0/  70] Loss = 0.1844 Avg Loss = 0.1844 rec_loss: 0.1844, vel_loss: 2.191e-06, acc_loss: 2.191e-06
INFO:root:Epoch = [  30/ 300] TrainLoss = 0.1761 DevLoss = 0.2116 TrainTime = 69.8380s DevTime = 10.7764s
INFO:root:Epoch = [ 31/300] Iter = [   0/  70] Loss = 0.1742 Avg Loss = 0.1742 rec_loss: 0.1742, vel_loss: 2.191e-06, acc_loss: 2.191e-06
INFO:root:Epoch = [  31/ 300] TrainLoss = 0.1705 DevLoss = 0.2068 TrainTime = 70.6823s DevTime = 9.4602s
INFO:root:Epoch = [ 32/300] Iter = [   0/  70] Loss = 0.1736 Avg Loss = 0.1736 rec_loss: 0.1736, vel_loss: 2.191e-06, acc_loss: 2.191e-06
INFO:root:Epoch = [  32/ 300] TrainLoss = 0.1697 DevLoss = 0.2051 TrainTime = 70.8483s DevTime = 10.3751s
INFO:root:Epoch = [ 33/300] Iter = [   0/  70] Loss = 0.1549 Avg Loss = 0.1549 rec_loss: 0.1549, vel_loss: 2.191e-06, acc_loss: 2.191e-06
INFO:root:Epoch = [  33/ 300] TrainLoss = 0.1601 DevLoss = 0.2088 TrainTime = 69.8422s DevTime = 9.7623s
INFO:root:Epoch = [ 34/300] Iter = [   0/  70] Loss = 0.1657 Avg Loss = 0.1657 rec_loss: 0.1657, vel_loss: 2.191e-06, acc_loss: 2.191e-06
INFO:root:Epoch = [  34/ 300] TrainLoss = 0.1649 DevLoss = 0.207 TrainTime = 70.4318s DevTime = 10.2379s
INFO:root:Epoch = [ 35/300] Iter = [   0/  70] Loss = 0.156 Avg Loss = 0.156 rec_loss: 0.156, vel_loss: 2.191e-06, acc_loss: 2.191e-06
INFO:root:Epoch = [  35/ 300] TrainLoss = 0.1595 DevLoss = 0.2085 TrainTime = 69.4863s DevTime = 10.5835s
INFO:root:Epoch = [ 36/300] Iter = [   0/  70] Loss = 0.163 Avg Loss = 0.163 rec_loss: 0.163, vel_loss: 2.191e-06, acc_loss: 2.191e-06
INFO:root:Epoch = [  36/ 300] TrainLoss = 0.1626 DevLoss = 0.2099 TrainTime = 70.2579s DevTime = 9.8221s
INFO:root:Epoch = [ 37/300] Iter = [   0/  70] Loss = 0.1483 Avg Loss = 0.1483 rec_loss: 0.1483, vel_loss: 2.191e-06, acc_loss: 2.191e-06
INFO:root:Epoch = [  37/ 300] TrainLoss = 0.155 DevLoss = 0.2081 TrainTime = 70.5863s DevTime = 9.6179s
INFO:root:Epoch = [ 38/300] Iter = [   0/  70] Loss = 0.1649 Avg Loss = 0.1649 rec_loss: 0.1649, vel_loss: 2.191e-06, acc_loss: 2.191e-06
INFO:root:Epoch = [  38/ 300] TrainLoss = 0.1632 DevLoss = 0.2072 TrainTime = 69.9662s DevTime = 9.5441s
INFO:root:Epoch = [ 39/300] Iter = [   0/  70] Loss = 0.1561 Avg Loss = 0.1561 rec_loss: 0.1561, vel_loss: 2.191e-06, acc_loss: 2.191e-06
INFO:root:Epoch = [  39/ 300] TrainLoss = 0.1587 DevLoss = 0.2082 TrainTime = 68.7430s DevTime = 9.8490s
INFO:root:Epoch = [ 40/300] Iter = [   0/  70] Loss = 0.1556 Avg Loss = 0.1556 rec_loss: 0.1556, vel_loss: 2.191e-06, acc_loss: 2.191e-06
INFO:root:Epoch = [  40/ 300] TrainLoss = 0.1571 DevLoss = 0.2065 TrainTime = 69.9381s DevTime = 10.6458s
INFO:root:Epoch = [ 41/300] Iter = [   0/  70] Loss = 0.1565 Avg Loss = 0.1565 rec_loss: 0.1565, vel_loss: 2.191e-06, acc_loss: 2.191e-06
INFO:root:Epoch = [  41/ 300] TrainLoss = 0.1572 DevLoss = 0.206 TrainTime = 69.9457s DevTime = 9.3661s
INFO:root:Epoch = [ 42/300] Iter = [   0/  70] Loss = 0.1595 Avg Loss = 0.1595 rec_loss: 0.1595, vel_loss: 2.191e-06, acc_loss: 2.191e-06
INFO:root:Epoch = [  42/ 300] TrainLoss = 0.1583 DevLoss = 0.2081 TrainTime = 69.4273s DevTime = 9.4316s
INFO:root:Epoch = [ 43/300] Iter = [   0/  70] Loss = 0.1463 Avg Loss = 0.1463 rec_loss: 0.1463, vel_loss: 2.191e-06, acc_loss: 2.191e-06
INFO:root:Epoch = [  43/ 300] TrainLoss = 0.1518 DevLoss = 0.2057 TrainTime = 70.5219s DevTime = 10.6297s
INFO:root:Epoch = [ 44/300] Iter = [   0/  70] Loss = 0.1611 Avg Loss = 0.1611 rec_loss: 0.1611, vel_loss: 2.191e-06, acc_loss: 2.191e-06
INFO:root:Epoch = [  44/ 300] TrainLoss = 0.1589 DevLoss = 0.2074 TrainTime = 71.8383s DevTime = 9.4023s
INFO:root:Epoch = [ 45/300] Iter = [   0/  70] Loss = 0.1616 Avg Loss = 0.1616 rec_loss: 0.1616, vel_loss: 2.191e-06, acc_loss: 2.191e-06
INFO:root:Epoch = [  45/ 300] TrainLoss = 0.1591 DevLoss = 0.2088 TrainTime = 69.9659s DevTime = 9.8956s
INFO:root:Epoch = [ 46/300] Iter = [   0/  70] Loss = 0.1566 Avg Loss = 0.1566 rec_loss: 0.1566, vel_loss: 2.191e-06, acc_loss: 2.191e-06
INFO:root:Epoch = [  46/ 300] TrainLoss = 0.1556 DevLoss = 0.2051 TrainTime = 70.6171s DevTime = 10.4104s
INFO:root:Epoch = [ 47/300] Iter = [   0/  70] Loss = 0.1535 Avg Loss = 0.1535 rec_loss: 0.1535, vel_loss: 2.191e-06, acc_loss: 2.191e-06
INFO:root:Epoch = [  47/ 300] TrainLoss = 0.154 DevLoss = 0.2084 TrainTime = 70.1346s DevTime = 9.7043s
INFO:root:Epoch = [ 48/300] Iter = [   0/  70] Loss = 0.1679 Avg Loss = 0.1679 rec_loss: 0.1679, vel_loss: 2.191e-06, acc_loss: 2.191e-06
INFO:root:Epoch = [  48/ 300] TrainLoss = 0.1608 DevLoss = 0.2084 TrainTime = 68.7105s DevTime = 9.5123s
INFO:root:Epoch = [ 49/300] Iter = [   0/  70] Loss = 0.1567 Avg Loss = 0.1567 rec_loss: 0.1567, vel_loss: 2.191e-06, acc_loss: 2.191e-06
INFO:root:Epoch = [  49/ 300] TrainLoss = 0.1551 DevLoss = 0.2053 TrainTime = 70.4306s DevTime = 10.3451s
INFO:root:Epoch = [ 50/300] Iter = [   0/  70] Loss = 0.1509 Avg Loss = 0.1509 rec_loss: 0.1509, vel_loss: 2.191e-06, acc_loss: 2.191e-06
INFO:root:Epoch = [  50/ 300] TrainLoss = 0.1518 DevLoss = 0.2043 TrainTime = 69.6820s DevTime = 9.7609s
INFO:root:Epoch = [ 51/300] Iter = [   0/  70] Loss = 0.144 Avg Loss = 0.144 rec_loss: 0.144, vel_loss: 2.191e-06, acc_loss: 2.191e-06
INFO:root:Epoch = [  51/ 300] TrainLoss = 0.1485 DevLoss = 0.2077 TrainTime = 69.6252s DevTime = 10.4221s
INFO:root:Epoch = [ 52/300] Iter = [   0/  70] Loss = 0.1567 Avg Loss = 0.1567 rec_loss: 0.1567, vel_loss: 2.191e-06, acc_loss: 2.191e-06
INFO:root:Epoch = [  52/ 300] TrainLoss = 0.1549 DevLoss = 0.2068 TrainTime = 70.1237s DevTime = 9.7588s
INFO:root:Epoch = [ 53/300] Iter = [   0/  70] Loss = 0.1462 Avg Loss = 0.1462 rec_loss: 0.1462, vel_loss: 2.191e-06, acc_loss: 2.191e-06
INFO:root:Epoch = [  53/ 300] TrainLoss = 0.1485 DevLoss = 0.2073 TrainTime = 69.6214s DevTime = 9.7033s
INFO:root:Epoch = [ 54/300] Iter = [   0/  70] Loss = 0.1442 Avg Loss = 0.1442 rec_loss: 0.1442, vel_loss: 2.191e-06, acc_loss: 2.191e-06
INFO:root:Epoch = [  54/ 300] TrainLoss = 0.1476 DevLoss = 0.2078 TrainTime = 70.8551s DevTime = 9.3474s
INFO:root:Epoch = [ 55/300] Iter = [   0/  70] Loss = 0.1409 Avg Loss = 0.1409 rec_loss: 0.1409, vel_loss: 2.191e-06, acc_loss: 2.191e-06
INFO:root:Epoch = [  55/ 300] TrainLoss = 0.1458 DevLoss = 0.2091 TrainTime = 71.1676s DevTime = 9.5600s
INFO:root:Epoch = [ 56/300] Iter = [   0/  70] Loss = 0.1471 Avg Loss = 0.1471 rec_loss: 0.1471, vel_loss: 2.191e-06, acc_loss: 2.191e-06
INFO:root:Epoch = [  56/ 300] TrainLoss = 0.1485 DevLoss = 0.2065 TrainTime = 70.3620s DevTime = 9.5235s
INFO:root:Epoch = [ 57/300] Iter = [   0/  70] Loss = 0.1498 Avg Loss = 0.1498 rec_loss: 0.1498, vel_loss: 2.191e-06, acc_loss: 2.191e-06
INFO:root:Epoch = [  57/ 300] TrainLoss = 0.1492 DevLoss = 0.2116 TrainTime = 71.3257s DevTime = 9.5098s
INFO:root:Epoch = [ 58/300] Iter = [   0/  70] Loss = 0.1487 Avg Loss = 0.1487 rec_loss: 0.1487, vel_loss: 2.191e-06, acc_loss: 2.191e-06
INFO:root:Epoch = [  58/ 300] TrainLoss = 0.1491 DevLoss = 0.2054 TrainTime = 70.5942s DevTime = 9.7862s
INFO:root:Epoch = [ 59/300] Iter = [   0/  70] Loss = 0.1349 Avg Loss = 0.1349 rec_loss: 0.1349, vel_loss: 2.191e-06, acc_loss: 2.191e-06
INFO:root:Epoch = [  59/ 300] TrainLoss = 0.1417 DevLoss = 0.2057 TrainTime = 70.9378s DevTime = 9.6372s
INFO:root:Epoch = [ 60/300] Iter = [   0/  70] Loss = 0.1394 Avg Loss = 0.1394 rec_loss: 0.1394, vel_loss: 2.191e-06, acc_loss: 2.191e-06
INFO:root:Epoch = [  60/ 300] TrainLoss = 0.1435 DevLoss = 0.2061 TrainTime = 70.4102s DevTime = 10.0813s
INFO:root:Epoch = [ 61/300] Iter = [   0/  70] Loss = 0.1452 Avg Loss = 0.1452 rec_loss: 0.1452, vel_loss: 2.191e-06, acc_loss: 2.191e-06
INFO:root:Epoch = [  61/ 300] TrainLoss = 0.1466 DevLoss = 0.2051 TrainTime = 70.1815s DevTime = 9.5620s
INFO:root:Epoch = [ 62/300] Iter = [   0/  70] Loss = 0.1438 Avg Loss = 0.1438 rec_loss: 0.1438, vel_loss: 2.191e-06, acc_loss: 2.191e-06
INFO:root:Epoch = [  62/ 300] TrainLoss = 0.1454 DevLoss = 0.2075 TrainTime = 71.0096s DevTime = 10.5415s
INFO:root:Epoch = [ 63/300] Iter = [   0/  70] Loss = 0.1443 Avg Loss = 0.1443 rec_loss: 0.1443, vel_loss: 2.191e-06, acc_loss: 2.191e-06
INFO:root:Epoch = [  63/ 300] TrainLoss = 0.1452 DevLoss = 0.2057 TrainTime = 70.1157s DevTime = 9.5400s
INFO:root:Epoch = [ 64/300] Iter = [   0/  70] Loss = 0.1428 Avg Loss = 0.1428 rec_loss: 0.1428, vel_loss: 2.191e-06, acc_loss: 2.191e-06
INFO:root:Epoch = [  64/ 300] TrainLoss = 0.1445 DevLoss = 0.2069 TrainTime = 70.6534s DevTime = 10.4044s
INFO:root:Epoch = [ 65/300] Iter = [   0/  70] Loss = 0.1444 Avg Loss = 0.1444 rec_loss: 0.1444, vel_loss: 2.191e-06, acc_loss: 2.191e-06
INFO:root:Epoch = [  65/ 300] TrainLoss = 0.145 DevLoss = 0.2063 TrainTime = 69.9083s DevTime = 10.2968s
INFO:root:Epoch = [ 66/300] Iter = [   0/  70] Loss = 0.1506 Avg Loss = 0.1506 rec_loss: 0.1506, vel_loss: 2.191e-06, acc_loss: 2.191e-06
INFO:root:Epoch = [  66/ 300] TrainLoss = 0.1479 DevLoss = 0.2082 TrainTime = 69.0360s DevTime = 9.6481s
INFO:root:Epoch = [ 67/300] Iter = [   0/  70] Loss = 0.1517 Avg Loss = 0.1517 rec_loss: 0.1517, vel_loss: 2.191e-06, acc_loss: 2.191e-06
INFO:root:Epoch = [  67/ 300] TrainLoss = 0.1483 DevLoss = 0.2065 TrainTime = 69.0859s DevTime = 9.5777s
INFO:root:Epoch = [ 68/300] Iter = [   0/  70] Loss = 0.145 Avg Loss = 0.145 rec_loss: 0.145, vel_loss: 2.191e-06, acc_loss: 2.191e-06
INFO:root:Epoch = [  68/ 300] TrainLoss = 0.1447 DevLoss = 0.211 TrainTime = 70.2692s DevTime = 10.5558s
INFO:root:Epoch = [ 69/300] Iter = [   0/  70] Loss = 0.1423 Avg Loss = 0.1423 rec_loss: 0.1423, vel_loss: 2.191e-06, acc_loss: 2.191e-06
INFO:root:Epoch = [  69/ 300] TrainLoss = 0.1429 DevLoss = 0.2057 TrainTime = 70.4008s DevTime = 9.5130s
INFO:root:Epoch = [ 70/300] Iter = [   0/  70] Loss = 0.1455 Avg Loss = 0.1455 rec_loss: 0.1455, vel_loss: 2.191e-06, acc_loss: 2.191e-06
INFO:root:Epoch = [  70/ 300] TrainLoss = 0.1447 DevLoss = 0.2051 TrainTime = 70.5108s DevTime = 10.3863s
INFO:root:Epoch = [ 71/300] Iter = [   0/  70] Loss = 0.141 Avg Loss = 0.141 rec_loss: 0.141, vel_loss: 2.191e-06, acc_loss: 2.191e-06
INFO:root:Epoch = [  71/ 300] TrainLoss = 0.1425 DevLoss = 0.2096 TrainTime = 69.2380s DevTime = 10.3282s
INFO:root:Epoch = [ 72/300] Iter = [   0/  70] Loss = 0.1387 Avg Loss = 0.1387 rec_loss: 0.1387, vel_loss: 2.191e-06, acc_loss: 2.191e-06
INFO:root:Epoch = [  72/ 300] TrainLoss = 0.141 DevLoss = 0.2067 TrainTime = 69.6084s DevTime = 9.5402s
INFO:root:Epoch = [ 73/300] Iter = [   0/  70] Loss = 0.1446 Avg Loss = 0.1446 rec_loss: 0.1446, vel_loss: 2.191e-06, acc_loss: 2.191e-06
INFO:root:Epoch = [  73/ 300] TrainLoss = 0.1438 DevLoss = 0.2072 TrainTime = 70.7928s DevTime = 10.4432s
INFO:root:Epoch = [ 74/300] Iter = [   0/  70] Loss = 0.1374 Avg Loss = 0.1374 rec_loss: 0.1374, vel_loss: 2.191e-06, acc_loss: 2.191e-06
INFO:root:Epoch = [  74/ 300] TrainLoss = 0.14 DevLoss = 0.2084 TrainTime = 70.2586s DevTime = 9.3636s
INFO:root:Epoch = [ 75/300] Iter = [   0/  70] Loss = 0.1438 Avg Loss = 0.1438 rec_loss: 0.1438, vel_loss: 2.191e-06, acc_loss: 2.191e-06
INFO:root:Epoch = [  75/ 300] TrainLoss = 0.143 DevLoss = 0.207 TrainTime = 70.3866s DevTime = 9.4690s
INFO:root:Epoch = [ 76/300] Iter = [   0/  70] Loss = 0.1428 Avg Loss = 0.1428 rec_loss: 0.1428, vel_loss: 2.191e-06, acc_loss: 2.191e-06
INFO:root:Epoch = [  76/ 300] TrainLoss = 0.1423 DevLoss = 0.2081 TrainTime = 71.0999s DevTime = 9.5805s
INFO:root:Epoch = [ 77/300] Iter = [   0/  70] Loss = 0.1408 Avg Loss = 0.1408 rec_loss: 0.1408, vel_loss: 2.191e-06, acc_loss: 2.191e-06
INFO:root:Epoch = [  77/ 300] TrainLoss = 0.1411 DevLoss = 0.2061 TrainTime = 69.8382s DevTime = 9.8384s
INFO:root:Epoch = [ 78/300] Iter = [   0/  70] Loss = 0.146 Avg Loss = 0.146 rec_loss: 0.146, vel_loss: 2.191e-06, acc_loss: 2.191e-06
INFO:root:Epoch = [  78/ 300] TrainLoss = 0.1437 DevLoss = 0.2077 TrainTime = 70.6968s DevTime = 9.6810s
INFO:root:Epoch = [ 79/300] Iter = [   0/  70] Loss = 0.1427 Avg Loss = 0.1427 rec_loss: 0.1427, vel_loss: 2.191e-06, acc_loss: 2.191e-06
INFO:root:Epoch = [  79/ 300] TrainLoss = 0.1416 DevLoss = 0.2079 TrainTime = 69.6041s DevTime = 10.7934s
INFO:root:Epoch = [ 80/300] Iter = [   0/  70] Loss = 0.1389 Avg Loss = 0.1389 rec_loss: 0.1389, vel_loss: 2.191e-06, acc_loss: 2.191e-06
INFO:root:Epoch = [  80/ 300] TrainLoss = 0.1399 DevLoss = 0.2102 TrainTime = 69.6293s DevTime = 10.0707s
INFO:root:Epoch = [ 81/300] Iter = [   0/  70] Loss = 0.1431 Avg Loss = 0.1431 rec_loss: 0.1431, vel_loss: 2.191e-06, acc_loss: 2.191e-06
INFO:root:Epoch = [  81/ 300] TrainLoss = 0.1417 DevLoss = 0.2082 TrainTime = 69.8590s DevTime = 9.6470s
INFO:root:Epoch = [ 82/300] Iter = [   0/  70] Loss = 0.1419 Avg Loss = 0.1419 rec_loss: 0.1419, vel_loss: 2.191e-06, acc_loss: 2.191e-06
INFO:root:Epoch = [  82/ 300] TrainLoss = 0.1413 DevLoss = 0.2103 TrainTime = 70.2691s DevTime = 9.5552s
INFO:root:Epoch = [ 83/300] Iter = [   0/  70] Loss = 0.1384 Avg Loss = 0.1384 rec_loss: 0.1384, vel_loss: 2.191e-06, acc_loss: 2.191e-06
INFO:root:Epoch = [  83/ 300] TrainLoss = 0.1387 DevLoss = 0.2081 TrainTime = 69.6611s DevTime = 9.5845s
INFO:root:Epoch = [ 84/300] Iter = [   0/  70] Loss = 0.128 Avg Loss = 0.128 rec_loss: 0.128, vel_loss: 2.191e-06, acc_loss: 2.191e-06
INFO:root:Epoch = [  84/ 300] TrainLoss = 0.1335 DevLoss = 0.2068 TrainTime = 68.7650s DevTime = 10.8013s
INFO:root:Epoch = [ 85/300] Iter = [   0/  70] Loss = 0.122 Avg Loss = 0.122 rec_loss: 0.122, vel_loss: 2.191e-06, acc_loss: 2.191e-06
INFO:root:Epoch = [  85/ 300] TrainLoss = 0.131 DevLoss = 0.2085 TrainTime = 70.5486s DevTime = 9.4825s
INFO:root:Epoch = [ 86/300] Iter = [   0/  70] Loss = 0.1519 Avg Loss = 0.1519 rec_loss: 0.1519, vel_loss: 2.191e-06, acc_loss: 2.191e-06
INFO:root:Epoch = [  86/ 300] TrainLoss = 0.1456 DevLoss = 0.2083 TrainTime = 69.7846s DevTime = 9.5129s
INFO:root:Epoch = [ 87/300] Iter = [   0/  70] Loss = 0.1491 Avg Loss = 0.1491 rec_loss: 0.1491, vel_loss: 2.191e-06, acc_loss: 2.191e-06
INFO:root:Epoch = [  87/ 300] TrainLoss = 0.144 DevLoss = 0.2071 TrainTime = 71.1325s DevTime = 9.4929s
INFO:root:Epoch = [ 88/300] Iter = [   0/  70] Loss = 0.1422 Avg Loss = 0.1422 rec_loss: 0.1422, vel_loss: 2.191e-06, acc_loss: 2.191e-06
INFO:root:Epoch = [  88/ 300] TrainLoss = 0.1402 DevLoss = 0.2081 TrainTime = 69.0870s DevTime = 9.4563s
INFO:root:Epoch = [ 89/300] Iter = [   0/  70] Loss = 0.1381 Avg Loss = 0.1381 rec_loss: 0.1381, vel_loss: 2.191e-06, acc_loss: 2.191e-06
INFO:root:Epoch = [  89/ 300] TrainLoss = 0.1383 DevLoss = 0.2093 TrainTime = 70.4271s DevTime = 9.5791s
INFO:root:Epoch = [ 90/300] Iter = [   0/  70] Loss = 0.1407 Avg Loss = 0.1407 rec_loss: 0.1407, vel_loss: 2.191e-06, acc_loss: 2.191e-06
INFO:root:Epoch = [  90/ 300] TrainLoss = 0.1391 DevLoss = 0.2069 TrainTime = 70.1630s DevTime = 10.2903s
INFO:root:Epoch = [ 91/300] Iter = [   0/  70] Loss = 0.1338 Avg Loss = 0.1338 rec_loss: 0.1338, vel_loss: 2.191e-06, acc_loss: 2.191e-06
INFO:root:Epoch = [  91/ 300] TrainLoss = 0.1354 DevLoss = 0.2076 TrainTime = 70.1900s DevTime = 9.5869s
INFO:root:Epoch = [ 92/300] Iter = [   0/  70] Loss = 0.1342 Avg Loss = 0.1342 rec_loss: 0.1342, vel_loss: 2.191e-06, acc_loss: 2.191e-06
INFO:root:Epoch = [  92/ 300] TrainLoss = 0.136 DevLoss = 0.2076 TrainTime = 70.3514s DevTime = 9.4757s
INFO:root:Epoch = [ 93/300] Iter = [   0/  70] Loss = 0.1378 Avg Loss = 0.1378 rec_loss: 0.1378, vel_loss: 2.191e-06, acc_loss: 2.191e-06
INFO:root:Epoch = [  93/ 300] TrainLoss = 0.1377 DevLoss = 0.2081 TrainTime = 70.3930s DevTime = 9.6489s
INFO:root:Epoch = [ 94/300] Iter = [   0/  70] Loss = 0.1323 Avg Loss = 0.1323 rec_loss: 0.1323, vel_loss: 2.191e-06, acc_loss: 2.191e-06
INFO:root:Epoch = [  94/ 300] TrainLoss = 0.1351 DevLoss = 0.208 TrainTime = 68.9058s DevTime = 9.4007s
INFO:root:Epoch = [ 95/300] Iter = [   0/  70] Loss = 0.1305 Avg Loss = 0.1305 rec_loss: 0.1305, vel_loss: 2.191e-06, acc_loss: 2.191e-06
INFO:root:Epoch = [  95/ 300] TrainLoss = 0.1335 DevLoss = 0.21 TrainTime = 71.3677s DevTime = 10.5239s
INFO:root:Epoch = [ 96/300] Iter = [   0/  70] Loss = 0.1407 Avg Loss = 0.1407 rec_loss: 0.1407, vel_loss: 2.191e-06, acc_loss: 2.191e-06
INFO:root:Epoch = [  96/ 300] TrainLoss = 0.138 DevLoss = 0.206 TrainTime = 70.3733s DevTime = 9.3821s
INFO:root:Epoch = [ 97/300] Iter = [   0/  70] Loss = 0.1373 Avg Loss = 0.1373 rec_loss: 0.1373, vel_loss: 2.191e-06, acc_loss: 2.191e-06
INFO:root:Epoch = [  97/ 300] TrainLoss = 0.1367 DevLoss = 0.2101 TrainTime = 70.6560s DevTime = 10.9854s
INFO:root:Epoch = [ 98/300] Iter = [   0/  70] Loss = 0.1257 Avg Loss = 0.1257 rec_loss: 0.1257, vel_loss: 2.191e-06, acc_loss: 2.191e-06
INFO:root:Epoch = [  98/ 300] TrainLoss = 0.1307 DevLoss = 0.2094 TrainTime = 70.3649s DevTime = 9.4180s
INFO:root:Epoch = [ 99/300] Iter = [   0/  70] Loss = 0.1396 Avg Loss = 0.1396 rec_loss: 0.1396, vel_loss: 2.191e-06, acc_loss: 2.191e-06
INFO:root:Epoch = [  99/ 300] TrainLoss = 0.1376 DevLoss = 0.2089 TrainTime = 70.6141s DevTime = 9.6039s
INFO:root:Epoch = [100/300] Iter = [   0/  70] Loss = 0.1378 Avg Loss = 0.1378 rec_loss: 0.1378, vel_loss: 2.191e-06, acc_loss: 2.191e-06
INFO:root:Epoch = [ 100/ 300] TrainLoss = 0.1368 DevLoss = 0.207 TrainTime = 69.7390s DevTime = 9.6819s
INFO:root:Epoch = [101/300] Iter = [   0/  70] Loss = 0.134 Avg Loss = 0.134 rec_loss: 0.1339, vel_loss: 2.191e-06, acc_loss: 2.191e-06
INFO:root:Epoch = [ 101/ 300] TrainLoss = 0.1345 DevLoss = 0.2096 TrainTime = 71.0514s DevTime = 10.2914s
INFO:root:Epoch = [102/300] Iter = [   0/  70] Loss = 0.1348 Avg Loss = 0.1348 rec_loss: 0.1348, vel_loss: 2.191e-06, acc_loss: 2.191e-06
INFO:root:Epoch = [ 102/ 300] TrainLoss = 0.1351 DevLoss = 0.2081 TrainTime = 70.4816s DevTime = 9.4481s
INFO:root:Epoch = [103/300] Iter = [   0/  70] Loss = 0.1428 Avg Loss = 0.1428 rec_loss: 0.1428, vel_loss: 2.191e-06, acc_loss: 2.191e-06
INFO:root:Epoch = [ 103/ 300] TrainLoss = 0.1389 DevLoss = 0.2079 TrainTime = 69.6746s DevTime = 9.4479s
INFO:root:Epoch = [104/300] Iter = [   0/  70] Loss = 0.1413 Avg Loss = 0.1413 rec_loss: 0.1413, vel_loss: 2.191e-06, acc_loss: 2.191e-06
INFO:root:Epoch = [ 104/ 300] TrainLoss = 0.1376 DevLoss = 0.2112 TrainTime = 70.7794s DevTime = 10.1897s
INFO:root:Epoch = [105/300] Iter = [   0/  70] Loss = 0.1321 Avg Loss = 0.1321 rec_loss: 0.1321, vel_loss: 2.191e-06, acc_loss: 2.191e-06
INFO:root:Epoch = [ 105/ 300] TrainLoss = 0.1332 DevLoss = 0.2108 TrainTime = 69.8846s DevTime = 9.4823s
INFO:root:Epoch = [106/300] Iter = [   0/  70] Loss = 0.1485 Avg Loss = 0.1485 rec_loss: 0.1485, vel_loss: 2.191e-06, acc_loss: 2.191e-06
INFO:root:Epoch = [ 106/ 300] TrainLoss = 0.1414 DevLoss = 0.2083 TrainTime = 70.8782s DevTime = 10.1675s
INFO:root:Epoch = [107/300] Iter = [   0/  70] Loss = 0.1384 Avg Loss = 0.1384 rec_loss: 0.1384, vel_loss: 2.191e-06, acc_loss: 2.191e-06
INFO:root:Epoch = [ 107/ 300] TrainLoss = 0.1362 DevLoss = 0.2109 TrainTime = 70.0092s DevTime = 9.7050s
INFO:root:Epoch = [108/300] Iter = [   0/  70] Loss = 0.1309 Avg Loss = 0.1309 rec_loss: 0.1309, vel_loss: 2.191e-06, acc_loss: 2.191e-06
INFO:root:Epoch = [ 108/ 300] TrainLoss = 0.1325 DevLoss = 0.2078 TrainTime = 70.8419s DevTime = 9.5267s
INFO:root:Epoch = [109/300] Iter = [   0/  70] Loss = 0.1222 Avg Loss = 0.1222 rec_loss: 0.1222, vel_loss: 2.191e-06, acc_loss: 2.191e-06
INFO:root:Epoch = [ 109/ 300] TrainLoss = 0.1283 DevLoss = 0.2091 TrainTime = 70.3221s DevTime = 10.8397s
INFO:root:Epoch = [110/300] Iter = [   0/  70] Loss = 0.1359 Avg Loss = 0.1359 rec_loss: 0.1359, vel_loss: 2.191e-06, acc_loss: 2.191e-06
INFO:root:Epoch = [ 110/ 300] TrainLoss = 0.1345 DevLoss = 0.2088 TrainTime = 69.4388s DevTime = 9.4526s
INFO:root:Epoch = [111/300] Iter = [   0/  70] Loss = 0.1339 Avg Loss = 0.1339 rec_loss: 0.1339, vel_loss: 2.191e-06, acc_loss: 2.191e-06
INFO:root:Epoch = [ 111/ 300] TrainLoss = 0.1338 DevLoss = 0.2103 TrainTime = 70.7338s DevTime = 9.3800s
INFO:root:Epoch = [112/300] Iter = [   0/  70] Loss = 0.1349 Avg Loss = 0.1349 rec_loss: 0.1349, vel_loss: 2.191e-06, acc_loss: 2.191e-06
INFO:root:Epoch = [ 112/ 300] TrainLoss = 0.1344 DevLoss = 0.2091 TrainTime = 69.3293s DevTime = 10.5508s
INFO:root:Epoch = [113/300] Iter = [   0/  70] Loss = 0.132 Avg Loss = 0.132 rec_loss: 0.132, vel_loss: 2.191e-06, acc_loss: 2.191e-06
INFO:root:Epoch = [ 113/ 300] TrainLoss = 0.1325 DevLoss = 0.2081 TrainTime = 70.9857s DevTime = 9.8979s
INFO:root:Epoch = [114/300] Iter = [   0/  70] Loss = 0.1269 Avg Loss = 0.1269 rec_loss: 0.1269, vel_loss: 2.191e-06, acc_loss: 2.191e-06
INFO:root:Epoch = [ 114/ 300] TrainLoss = 0.1299 DevLoss = 0.2074 TrainTime = 68.8572s DevTime = 9.3955s
INFO:root:Epoch = [115/300] Iter = [   0/  70] Loss = 0.1313 Avg Loss = 0.1313 rec_loss: 0.1313, vel_loss: 2.191e-06, acc_loss: 2.191e-06
INFO:root:Epoch = [ 115/ 300] TrainLoss = 0.1318 DevLoss = 0.2099 TrainTime = 70.6394s DevTime = 10.2824s
INFO:root:Epoch = [116/300] Iter = [   0/  70] Loss = 0.1306 Avg Loss = 0.1306 rec_loss: 0.1306, vel_loss: 2.191e-06, acc_loss: 2.191e-06
INFO:root:Epoch = [ 116/ 300] TrainLoss = 0.1317 DevLoss = 0.2104 TrainTime = 69.4780s DevTime = 10.3456s
INFO:root:Epoch = [117/300] Iter = [   0/  70] Loss = 0.1255 Avg Loss = 0.1255 rec_loss: 0.1255, vel_loss: 2.191e-06, acc_loss: 2.191e-06
INFO:root:Epoch = [ 117/ 300] TrainLoss = 0.1289 DevLoss = 0.2072 TrainTime = 70.8094s DevTime = 10.2753s
INFO:root:Epoch = [118/300] Iter = [   0/  70] Loss = 0.1321 Avg Loss = 0.1321 rec_loss: 0.1321, vel_loss: 2.191e-06, acc_loss: 2.191e-06
INFO:root:Epoch = [ 118/ 300] TrainLoss = 0.1318 DevLoss = 0.2099 TrainTime = 69.1982s DevTime = 9.4470s
INFO:root:Epoch = [119/300] Iter = [   0/  70] Loss = 0.1347 Avg Loss = 0.1347 rec_loss: 0.1347, vel_loss: 2.191e-06, acc_loss: 2.191e-06
INFO:root:Epoch = [ 119/ 300] TrainLoss = 0.1336 DevLoss = 0.2102 TrainTime = 69.8255s DevTime = 9.7409s
INFO:root:Epoch = [120/300] Iter = [   0/  70] Loss = 0.1339 Avg Loss = 0.1339 rec_loss: 0.1339, vel_loss: 2.191e-06, acc_loss: 2.191e-06
INFO:root:Epoch = [ 120/ 300] TrainLoss = 0.1326 DevLoss = 0.2115 TrainTime = 70.8952s DevTime = 10.6535s
INFO:root:Epoch = [121/300] Iter = [   0/  70] Loss = 0.1408 Avg Loss = 0.1408 rec_loss: 0.1408, vel_loss: 2.191e-06, acc_loss: 2.191e-06
INFO:root:Epoch = [ 121/ 300] TrainLoss = 0.1362 DevLoss = 0.2084 TrainTime = 70.6799s DevTime = 9.7504s
INFO:root:Epoch = [122/300] Iter = [   0/  70] Loss = 0.1303 Avg Loss = 0.1303 rec_loss: 0.1303, vel_loss: 2.191e-06, acc_loss: 2.191e-06
INFO:root:Epoch = [ 122/ 300] TrainLoss = 0.131 DevLoss = 0.2088 TrainTime = 70.3671s DevTime = 10.4326s
INFO:root:Epoch = [123/300] Iter = [   0/  70] Loss = 0.1295 Avg Loss = 0.1295 rec_loss: 0.1295, vel_loss: 2.191e-06, acc_loss: 2.191e-06
INFO:root:Epoch = [ 123/ 300] TrainLoss = 0.1309 DevLoss = 0.2116 TrainTime = 71.5202s DevTime = 9.5277s
INFO:root:Epoch = [124/300] Iter = [   0/  70] Loss = 0.1311 Avg Loss = 0.1311 rec_loss: 0.1311, vel_loss: 2.191e-06, acc_loss: 2.191e-06
INFO:root:Epoch = [ 124/ 300] TrainLoss = 0.131 DevLoss = 0.2091 TrainTime = 69.3127s DevTime = 10.1225s
INFO:root:Epoch = [125/300] Iter = [   0/  70] Loss = 0.1336 Avg Loss = 0.1336 rec_loss: 0.1336, vel_loss: 2.191e-06, acc_loss: 2.191e-06
INFO:root:Epoch = [ 125/ 300] TrainLoss = 0.1324 DevLoss = 0.212 TrainTime = 69.6888s DevTime = 9.4417s
INFO:root:Epoch = [126/300] Iter = [   0/  70] Loss = 0.1414 Avg Loss = 0.1414 rec_loss: 0.1414, vel_loss: 2.191e-06, acc_loss: 2.191e-06
INFO:root:Epoch = [ 126/ 300] TrainLoss = 0.1361 DevLoss = 0.2143 TrainTime = 70.7708s DevTime = 10.7131s
INFO:root:Epoch = [127/300] Iter = [   0/  70] Loss = 0.1217 Avg Loss = 0.1217 rec_loss: 0.1217, vel_loss: 2.191e-06, acc_loss: 2.191e-06
INFO:root:Epoch = [ 127/ 300] TrainLoss = 0.1263 DevLoss = 0.2116 TrainTime = 71.0173s DevTime = 9.5465s
INFO:root:Epoch = [128/300] Iter = [   0/  70] Loss = 0.1286 Avg Loss = 0.1286 rec_loss: 0.1286, vel_loss: 2.191e-06, acc_loss: 2.191e-06
INFO:root:Epoch = [ 128/ 300] TrainLoss = 0.1296 DevLoss = 0.2105 TrainTime = 70.5678s DevTime = 10.1573s
INFO:root:Epoch = [129/300] Iter = [   0/  70] Loss = 0.1282 Avg Loss = 0.1282 rec_loss: 0.1282, vel_loss: 2.191e-06, acc_loss: 2.191e-06
INFO:root:Epoch = [ 129/ 300] TrainLoss = 0.1295 DevLoss = 0.212 TrainTime = 69.9980s DevTime = 10.2421s
INFO:root:Epoch = [130/300] Iter = [   0/  70] Loss = 0.1406 Avg Loss = 0.1406 rec_loss: 0.1406, vel_loss: 2.191e-06, acc_loss: 2.191e-06
INFO:root:Epoch = [ 130/ 300] TrainLoss = 0.1356 DevLoss = 0.2111 TrainTime = 69.5288s DevTime = 9.2869s
INFO:root:Epoch = [131/300] Iter = [   0/  70] Loss = 0.1401 Avg Loss = 0.1401 rec_loss: 0.1401, vel_loss: 2.191e-06, acc_loss: 2.191e-06
INFO:root:Epoch = [ 131/ 300] TrainLoss = 0.1354 DevLoss = 0.2103 TrainTime = 69.7766s DevTime = 10.2762s
INFO:root:Epoch = [132/300] Iter = [   0/  70] Loss = 0.1357 Avg Loss = 0.1357 rec_loss: 0.1357, vel_loss: 2.191e-06, acc_loss: 2.191e-06
INFO:root:Epoch = [ 132/ 300] TrainLoss = 0.1326 DevLoss = 0.2101 TrainTime = 70.0589s DevTime = 9.4698s
INFO:root:Epoch = [133/300] Iter = [   0/  70] Loss = 0.1316 Avg Loss = 0.1316 rec_loss: 0.1316, vel_loss: 2.191e-06, acc_loss: 2.191e-06
INFO:root:Epoch = [ 133/ 300] TrainLoss = 0.1305 DevLoss = 0.2091 TrainTime = 70.3272s DevTime = 9.6297s
INFO:root:Epoch = [134/300] Iter = [   0/  70] Loss = 0.1275 Avg Loss = 0.1275 rec_loss: 0.1275, vel_loss: 2.191e-06, acc_loss: 2.191e-06
INFO:root:Epoch = [ 134/ 300] TrainLoss = 0.1282 DevLoss = 0.2115 TrainTime = 71.1205s DevTime = 9.7991s
INFO:root:Epoch = [135/300] Iter = [   0/  70] Loss = 0.125 Avg Loss = 0.125 rec_loss: 0.125, vel_loss: 2.191e-06, acc_loss: 2.191e-06
INFO:root:Epoch = [ 135/ 300] TrainLoss = 0.1273 DevLoss = 0.2109 TrainTime = 68.6646s DevTime = 9.8736s
INFO:root:Epoch = [136/300] Iter = [   0/  70] Loss = 0.1166 Avg Loss = 0.1166 rec_loss: 0.1166, vel_loss: 2.191e-06, acc_loss: 2.191e-06
INFO:root:Epoch = [ 136/ 300] TrainLoss = 0.1231 DevLoss = 0.2092 TrainTime = 69.9029s DevTime = 9.8072s
INFO:root:Epoch = [137/300] Iter = [   0/  70] Loss = 0.1186 Avg Loss = 0.1186 rec_loss: 0.1186, vel_loss: 2.191e-06, acc_loss: 2.191e-06
INFO:root:Epoch = [ 137/ 300] TrainLoss = 0.124 DevLoss = 0.2098 TrainTime = 69.8833s DevTime = 10.4141s
INFO:root:Epoch = [138/300] Iter = [   0/  70] Loss = 0.1351 Avg Loss = 0.1351 rec_loss: 0.1351, vel_loss: 2.191e-06, acc_loss: 2.191e-06
INFO:root:Epoch = [ 138/ 300] TrainLoss = 0.1324 DevLoss = 0.2108 TrainTime = 69.2898s DevTime = 9.7796s
INFO:root:Epoch = [139/300] Iter = [   0/  70] Loss = 0.1281 Avg Loss = 0.1281 rec_loss: 0.1281, vel_loss: 2.191e-06, acc_loss: 2.191e-06
INFO:root:Epoch = [ 139/ 300] TrainLoss = 0.1285 DevLoss = 0.2117 TrainTime = 69.7723s DevTime = 10.4653s
INFO:root:Epoch = [140/300] Iter = [   0/  70] Loss = 0.1402 Avg Loss = 0.1402 rec_loss: 0.1402, vel_loss: 2.191e-06, acc_loss: 2.191e-06
INFO:root:Epoch = [ 140/ 300] TrainLoss = 0.1343 DevLoss = 0.2104 TrainTime = 70.2375s DevTime = 9.5289s
INFO:root:Epoch = [141/300] Iter = [   0/  70] Loss = 0.1186 Avg Loss = 0.1186 rec_loss: 0.1186, vel_loss: 2.191e-06, acc_loss: 2.191e-06
INFO:root:Epoch = [ 141/ 300] TrainLoss = 0.1241 DevLoss = 0.211 TrainTime = 70.3771s DevTime = 9.6383s
INFO:root:Epoch = [142/300] Iter = [   0/  70] Loss = 0.1259 Avg Loss = 0.1259 rec_loss: 0.1259, vel_loss: 2.191e-06, acc_loss: 2.191e-06
INFO:root:Epoch = [ 142/ 300] TrainLoss = 0.1269 DevLoss = 0.2116 TrainTime = 70.9466s DevTime = 10.3017s
INFO:root:Epoch = [143/300] Iter = [   0/  70] Loss = 0.128 Avg Loss = 0.128 rec_loss: 0.1279, vel_loss: 2.191e-06, acc_loss: 2.191e-06
INFO:root:Epoch = [ 143/ 300] TrainLoss = 0.1282 DevLoss = 0.21 TrainTime = 69.8692s DevTime = 9.5400s
INFO:root:Epoch = [144/300] Iter = [   0/  70] Loss = 0.1336 Avg Loss = 0.1336 rec_loss: 0.1336, vel_loss: 2.191e-06, acc_loss: 2.191e-06
INFO:root:Epoch = [ 144/ 300] TrainLoss = 0.1309 DevLoss = 0.2121 TrainTime = 70.4501s DevTime = 10.1578s
INFO:root:Epoch = [145/300] Iter = [   0/  70] Loss = 0.1158 Avg Loss = 0.1158 rec_loss: 0.1158, vel_loss: 2.191e-06, acc_loss: 2.191e-06
INFO:root:Epoch = [ 145/ 300] TrainLoss = 0.1221 DevLoss = 0.2101 TrainTime = 70.7455s DevTime = 10.4933s
INFO:root:Epoch = [146/300] Iter = [   0/  70] Loss = 0.1369 Avg Loss = 0.1369 rec_loss: 0.1369, vel_loss: 2.191e-06, acc_loss: 2.191e-06
INFO:root:Epoch = [ 146/ 300] TrainLoss = 0.1324 DevLoss = 0.2113 TrainTime = 69.5768s DevTime = 9.6228s
INFO:root:Epoch = [147/300] Iter = [   0/  70] Loss = 0.1242 Avg Loss = 0.1242 rec_loss: 0.1242, vel_loss: 2.191e-06, acc_loss: 2.191e-06
INFO:root:Epoch = [ 147/ 300] TrainLoss = 0.1261 DevLoss = 0.21 TrainTime = 70.1646s DevTime = 9.5091s
INFO:root:Epoch = [148/300] Iter = [   0/  70] Loss = 0.1278 Avg Loss = 0.1278 rec_loss: 0.1278, vel_loss: 2.191e-06, acc_loss: 2.191e-06
INFO:root:Epoch = [ 148/ 300] TrainLoss = 0.1279 DevLoss = 0.2112 TrainTime = 69.9895s DevTime = 10.3342s
INFO:root:Epoch = [149/300] Iter = [   0/  70] Loss = 0.1254 Avg Loss = 0.1254 rec_loss: 0.1254, vel_loss: 2.191e-06, acc_loss: 2.191e-06
INFO:root:Epoch = [ 149/ 300] TrainLoss = 0.1266 DevLoss = 0.211 TrainTime = 70.2981s DevTime = 9.4805s
INFO:root:Epoch = [150/300] Iter = [   0/  70] Loss = 0.1205 Avg Loss = 0.1205 rec_loss: 0.1205, vel_loss: 2.191e-06, acc_loss: 2.191e-06
INFO:root:Epoch = [ 150/ 300] TrainLoss = 0.1243 DevLoss = 0.2124 TrainTime = 70.0003s DevTime = 10.3831s
INFO:root:Epoch = [151/300] Iter = [   0/  70] Loss = 0.1282 Avg Loss = 0.1282 rec_loss: 0.1282, vel_loss: 2.191e-06, acc_loss: 2.191e-06
INFO:root:Epoch = [ 151/ 300] TrainLoss = 0.1279 DevLoss = 0.2109 TrainTime = 70.2832s DevTime = 9.9324s
INFO:root:Epoch = [152/300] Iter = [   0/  70] Loss = 0.121 Avg Loss = 0.121 rec_loss: 0.121, vel_loss: 2.191e-06, acc_loss: 2.191e-06
INFO:root:Epoch = [ 152/ 300] TrainLoss = 0.1242 DevLoss = 0.211 TrainTime = 69.5381s DevTime = 9.7728s
INFO:root:Epoch = [153/300] Iter = [   0/  70] Loss = 0.1346 Avg Loss = 0.1346 rec_loss: 0.1346, vel_loss: 2.191e-06, acc_loss: 2.191e-06
INFO:root:Epoch = [ 153/ 300] TrainLoss = 0.131 DevLoss = 0.2136 TrainTime = 70.3175s DevTime = 10.3192s
INFO:root:Epoch = [154/300] Iter = [   0/  70] Loss = 0.1294 Avg Loss = 0.1294 rec_loss: 0.1294, vel_loss: 2.191e-06, acc_loss: 2.191e-06
INFO:root:Epoch = [ 154/ 300] TrainLoss = 0.1284 DevLoss = 0.2129 TrainTime = 69.8251s DevTime = 9.4289s
INFO:root:Epoch = [155/300] Iter = [   0/  70] Loss = 0.1217 Avg Loss = 0.1217 rec_loss: 0.1217, vel_loss: 2.191e-06, acc_loss: 2.191e-06
INFO:root:Epoch = [ 155/ 300] TrainLoss = 0.1244 DevLoss = 0.211 TrainTime = 69.9699s DevTime = 9.5887s
INFO:root:Epoch = [156/300] Iter = [   0/  70] Loss = 0.1224 Avg Loss = 0.1224 rec_loss: 0.1224, vel_loss: 2.191e-06, acc_loss: 2.191e-06
INFO:root:Epoch = [ 156/ 300] TrainLoss = 0.125 DevLoss = 0.2126 TrainTime = 69.7318s DevTime = 10.5537s
INFO:root:Epoch = [157/300] Iter = [   0/  70] Loss = 0.1272 Avg Loss = 0.1272 rec_loss: 0.1272, vel_loss: 2.191e-06, acc_loss: 2.191e-06
INFO:root:Epoch = [ 157/ 300] TrainLoss = 0.1278 DevLoss = 0.215 TrainTime = 69.4031s DevTime = 9.5096s
INFO:root:Epoch = [158/300] Iter = [   0/  70] Loss = 0.1237 Avg Loss = 0.1237 rec_loss: 0.1237, vel_loss: 2.191e-06, acc_loss: 2.191e-06
INFO:root:Epoch = [ 158/ 300] TrainLoss = 0.1253 DevLoss = 0.2103 TrainTime = 69.6274s DevTime = 9.5591s
INFO:root:Epoch = [159/300] Iter = [   0/  70] Loss = 0.1271 Avg Loss = 0.1271 rec_loss: 0.1271, vel_loss: 2.191e-06, acc_loss: 2.191e-06
INFO:root:Epoch = [ 159/ 300] TrainLoss = 0.1268 DevLoss = 0.2128 TrainTime = 70.2111s DevTime = 10.5222s
INFO:root:Epoch = [160/300] Iter = [   0/  70] Loss = 0.1252 Avg Loss = 0.1252 rec_loss: 0.1251, vel_loss: 2.191e-06, acc_loss: 2.191e-06
INFO:root:Epoch = [ 160/ 300] TrainLoss = 0.1257 DevLoss = 0.2128 TrainTime = 70.4796s DevTime = 9.4474s
INFO:root:Epoch = [161/300] Iter = [   0/  70] Loss = 0.1306 Avg Loss = 0.1306 rec_loss: 0.1306, vel_loss: 2.191e-06, acc_loss: 2.191e-06
INFO:root:Epoch = [ 161/ 300] TrainLoss = 0.1284 DevLoss = 0.2113 TrainTime = 70.5626s DevTime = 10.7125s
INFO:root:Epoch = [162/300] Iter = [   0/  70] Loss = 0.1231 Avg Loss = 0.1231 rec_loss: 0.1231, vel_loss: 2.191e-06, acc_loss: 2.191e-06
INFO:root:Epoch = [ 162/ 300] TrainLoss = 0.1247 DevLoss = 0.2114 TrainTime = 70.6365s DevTime = 10.3345s
INFO:root:Epoch = [163/300] Iter = [   0/  70] Loss = 0.1348 Avg Loss = 0.1348 rec_loss: 0.1348, vel_loss: 2.191e-06, acc_loss: 2.191e-06
INFO:root:Epoch = [ 163/ 300] TrainLoss = 0.1307 DevLoss = 0.2117 TrainTime = 71.1531s DevTime = 9.8360s
INFO:root:Epoch = [164/300] Iter = [   0/  70] Loss = 0.1318 Avg Loss = 0.1318 rec_loss: 0.1318, vel_loss: 2.191e-06, acc_loss: 2.191e-06
INFO:root:Epoch = [ 164/ 300] TrainLoss = 0.1289 DevLoss = 0.2109 TrainTime = 71.6839s DevTime = 9.8167s
INFO:root:Epoch = [165/300] Iter = [   0/  70] Loss = 0.1207 Avg Loss = 0.1207 rec_loss: 0.1207, vel_loss: 2.191e-06, acc_loss: 2.191e-06
INFO:root:Epoch = [ 165/ 300] TrainLoss = 0.1231 DevLoss = 0.2119 TrainTime = 73.1563s DevTime = 9.7285s
INFO:root:Epoch = [166/300] Iter = [   0/  70] Loss = 0.1229 Avg Loss = 0.1229 rec_loss: 0.1229, vel_loss: 2.191e-06, acc_loss: 2.191e-06
INFO:root:Epoch = [ 166/ 300] TrainLoss = 0.1244 DevLoss = 0.2127 TrainTime = 72.1371s DevTime = 9.6467s
INFO:root:Epoch = [167/300] Iter = [   0/  70] Loss = 0.1234 Avg Loss = 0.1234 rec_loss: 0.1234, vel_loss: 2.191e-06, acc_loss: 2.191e-06
INFO:root:Epoch = [ 167/ 300] TrainLoss = 0.1245 DevLoss = 0.2116 TrainTime = 72.5569s DevTime = 10.6833s
INFO:root:Epoch = [168/300] Iter = [   0/  70] Loss = 0.1189 Avg Loss = 0.1189 rec_loss: 0.1189, vel_loss: 2.191e-06, acc_loss: 2.191e-06
INFO:root:Epoch = [ 168/ 300] TrainLoss = 0.1226 DevLoss = 0.2141 TrainTime = 72.1299s DevTime = 10.3667s
INFO:root:Epoch = [169/300] Iter = [   0/  70] Loss = 0.1315 Avg Loss = 0.1315 rec_loss: 0.1315, vel_loss: 2.191e-06, acc_loss: 2.191e-06
INFO:root:Epoch = [ 169/ 300] TrainLoss = 0.1291 DevLoss = 0.2128 TrainTime = 70.8790s DevTime = 9.7613s
INFO:root:Epoch = [170/300] Iter = [   0/  70] Loss = 0.137 Avg Loss = 0.137 rec_loss: 0.137, vel_loss: 2.191e-06, acc_loss: 2.191e-06
INFO:root:Epoch = [ 170/ 300] TrainLoss = 0.1312 DevLoss = 0.2134 TrainTime = 71.5918s DevTime = 10.3999s
INFO:root:Epoch = [171/300] Iter = [   0/  70] Loss = 0.1164 Avg Loss = 0.1164 rec_loss: 0.1164, vel_loss: 2.191e-06, acc_loss: 2.191e-06
INFO:root:Epoch = [ 171/ 300] TrainLoss = 0.1213 DevLoss = 0.2122 TrainTime = 71.9368s DevTime = 9.9394s
INFO:root:Epoch = [172/300] Iter = [   0/  70] Loss = 0.1233 Avg Loss = 0.1233 rec_loss: 0.1233, vel_loss: 2.191e-06, acc_loss: 2.191e-06
INFO:root:Epoch = [ 172/ 300] TrainLoss = 0.1245 DevLoss = 0.2128 TrainTime = 71.4696s DevTime = 10.6964s
INFO:root:Epoch = [173/300] Iter = [   0/  70] Loss = 0.1261 Avg Loss = 0.1261 rec_loss: 0.1261, vel_loss: 2.191e-06, acc_loss: 2.191e-06
INFO:root:Epoch = [ 173/ 300] TrainLoss = 0.1255 DevLoss = 0.2111 TrainTime = 71.5319s DevTime = 10.4526s
INFO:root:Epoch = [174/300] Iter = [   0/  70] Loss = 0.1242 Avg Loss = 0.1242 rec_loss: 0.1242, vel_loss: 2.191e-06, acc_loss: 2.191e-06
INFO:root:Epoch = [ 174/ 300] TrainLoss = 0.1247 DevLoss = 0.2136 TrainTime = 71.6520s DevTime = 10.0029s
INFO:root:Epoch = [175/300] Iter = [   0/  70] Loss = 0.1312 Avg Loss = 0.1312 rec_loss: 0.1312, vel_loss: 2.191e-06, acc_loss: 2.191e-06
INFO:root:Epoch = [ 175/ 300] TrainLoss = 0.1283 DevLoss = 0.2121 TrainTime = 72.7124s DevTime = 9.7837s
INFO:root:Epoch = [176/300] Iter = [   0/  70] Loss = 0.1297 Avg Loss = 0.1297 rec_loss: 0.1297, vel_loss: 2.191e-06, acc_loss: 2.191e-06
INFO:root:Epoch = [ 176/ 300] TrainLoss = 0.1273 DevLoss = 0.212 TrainTime = 73.2219s DevTime = 10.1964s
INFO:root:Epoch = [177/300] Iter = [   0/  70] Loss = 0.1227 Avg Loss = 0.1227 rec_loss: 0.1227, vel_loss: 2.191e-06, acc_loss: 2.191e-06
INFO:root:Epoch = [ 177/ 300] TrainLoss = 0.1235 DevLoss = 0.2135 TrainTime = 73.1117s DevTime = 9.7023s
INFO:root:Epoch = [178/300] Iter = [   0/  70] Loss = 0.1171 Avg Loss = 0.1171 rec_loss: 0.1171, vel_loss: 2.191e-06, acc_loss: 2.191e-06
INFO:root:Epoch = [ 178/ 300] TrainLoss = 0.1208 DevLoss = 0.2126 TrainTime = 72.6833s DevTime = 10.8056s
INFO:root:Epoch = [179/300] Iter = [   0/  70] Loss = 0.1264 Avg Loss = 0.1264 rec_loss: 0.1264, vel_loss: 2.191e-06, acc_loss: 2.191e-06
INFO:root:Epoch = [ 179/ 300] TrainLoss = 0.1255 DevLoss = 0.2119 TrainTime = 73.2903s DevTime = 9.8289s
INFO:root:Epoch = [180/300] Iter = [   0/  70] Loss = 0.1214 Avg Loss = 0.1214 rec_loss: 0.1214, vel_loss: 2.191e-06, acc_loss: 2.191e-06
INFO:root:Epoch = [ 180/ 300] TrainLoss = 0.1231 DevLoss = 0.2147 TrainTime = 73.6625s DevTime = 9.7420s
INFO:root:Epoch = [181/300] Iter = [   0/  70] Loss = 0.1224 Avg Loss = 0.1224 rec_loss: 0.1224, vel_loss: 2.191e-06, acc_loss: 2.191e-06
INFO:root:Epoch = [ 181/ 300] TrainLoss = 0.1236 DevLoss = 0.2128 TrainTime = 72.4302s DevTime = 10.5380s
INFO:root:Epoch = [182/300] Iter = [   0/  70] Loss = 0.1205 Avg Loss = 0.1205 rec_loss: 0.1205, vel_loss: 2.191e-06, acc_loss: 2.191e-06
INFO:root:Epoch = [ 182/ 300] TrainLoss = 0.1223 DevLoss = 0.2139 TrainTime = 74.2358s DevTime = 9.6139s
INFO:root:Epoch = [183/300] Iter = [   0/  70] Loss = 0.1209 Avg Loss = 0.1209 rec_loss: 0.1209, vel_loss: 2.191e-06, acc_loss: 2.191e-06
INFO:root:Epoch = [ 183/ 300] TrainLoss = 0.1223 DevLoss = 0.2123 TrainTime = 75.2753s DevTime = 10.5852s
INFO:root:Epoch = [184/300] Iter = [   0/  70] Loss = 0.1208 Avg Loss = 0.1208 rec_loss: 0.1208, vel_loss: 2.191e-06, acc_loss: 2.191e-06
INFO:root:Epoch = [ 184/ 300] TrainLoss = 0.1223 DevLoss = 0.2111 TrainTime = 73.7318s DevTime = 10.8814s
INFO:root:Epoch = [185/300] Iter = [   0/  70] Loss = 0.1351 Avg Loss = 0.1351 rec_loss: 0.1351, vel_loss: 2.191e-06, acc_loss: 2.191e-06
INFO:root:Epoch = [ 185/ 300] TrainLoss = 0.1296 DevLoss = 0.2131 TrainTime = 73.4182s DevTime = 10.4647s
INFO:root:Epoch = [186/300] Iter = [   0/  70] Loss = 0.1219 Avg Loss = 0.1219 rec_loss: 0.1219, vel_loss: 2.191e-06, acc_loss: 2.191e-06
INFO:root:Epoch = [ 186/ 300] TrainLoss = 0.1229 DevLoss = 0.2139 TrainTime = 81.3772s DevTime = 11.1235s
INFO:root:Epoch = [187/300] Iter = [   0/  70] Loss = 0.1239 Avg Loss = 0.1239 rec_loss: 0.1239, vel_loss: 2.191e-06, acc_loss: 2.191e-06
INFO:root:Epoch = [ 187/ 300] TrainLoss = 0.1238 DevLoss = 0.2127 TrainTime = 76.3179s DevTime = 10.1824s
INFO:root:Epoch = [188/300] Iter = [   0/  70] Loss = 0.1246 Avg Loss = 0.1246 rec_loss: 0.1246, vel_loss: 2.191e-06, acc_loss: 2.191e-06
INFO:root:Epoch = [ 188/ 300] TrainLoss = 0.1243 DevLoss = 0.2129 TrainTime = 76.2173s DevTime = 10.3414s
INFO:root:Epoch = [189/300] Iter = [   0/  70] Loss = 0.1209 Avg Loss = 0.1209 rec_loss: 0.1209, vel_loss: 2.191e-06, acc_loss: 2.191e-06
INFO:root:Epoch = [ 189/ 300] TrainLoss = 0.1221 DevLoss = 0.2131 TrainTime = 76.9280s DevTime = 9.6757s
INFO:root:Epoch = [190/300] Iter = [   0/  70] Loss = 0.1225 Avg Loss = 0.1225 rec_loss: 0.1225, vel_loss: 2.191e-06, acc_loss: 2.191e-06
INFO:root:Epoch = [ 190/ 300] TrainLoss = 0.1231 DevLoss = 0.2112 TrainTime = 76.9451s DevTime = 9.9138s
INFO:root:Epoch = [191/300] Iter = [   0/  70] Loss = 0.1283 Avg Loss = 0.1283 rec_loss: 0.1283, vel_loss: 2.191e-06, acc_loss: 2.191e-06
INFO:root:Epoch = [ 191/ 300] TrainLoss = 0.1258 DevLoss = 0.2122 TrainTime = 75.9369s DevTime = 9.9946s
INFO:root:Epoch = [192/300] Iter = [   0/  70] Loss = 0.1262 Avg Loss = 0.1262 rec_loss: 0.1262, vel_loss: 2.191e-06, acc_loss: 2.191e-06
INFO:root:Epoch = [ 192/ 300] TrainLoss = 0.1251 DevLoss = 0.2117 TrainTime = 75.8613s DevTime = 10.1508s
INFO:root:Epoch = [193/300] Iter = [   0/  70] Loss = 0.1203 Avg Loss = 0.1203 rec_loss: 0.1203, vel_loss: 2.191e-06, acc_loss: 2.191e-06
INFO:root:Epoch = [ 193/ 300] TrainLoss = 0.1218 DevLoss = 0.213 TrainTime = 76.9605s DevTime = 10.1162s
INFO:root:Epoch = [194/300] Iter = [   0/  70] Loss = 0.1238 Avg Loss = 0.1238 rec_loss: 0.1238, vel_loss: 2.191e-06, acc_loss: 2.191e-06
INFO:root:Epoch = [ 194/ 300] TrainLoss = 0.1234 DevLoss = 0.2128 TrainTime = 75.7410s DevTime = 10.7114s
INFO:root:Epoch = [195/300] Iter = [   0/  70] Loss = 0.1215 Avg Loss = 0.1215 rec_loss: 0.1215, vel_loss: 2.191e-06, acc_loss: 2.191e-06
INFO:root:Epoch = [ 195/ 300] TrainLoss = 0.1225 DevLoss = 0.2131 TrainTime = 76.5429s DevTime = 9.8344s
INFO:root:Epoch = [196/300] Iter = [   0/  70] Loss = 0.1252 Avg Loss = 0.1252 rec_loss: 0.1252, vel_loss: 2.191e-06, acc_loss: 2.191e-06
INFO:root:Epoch = [ 196/ 300] TrainLoss = 0.1241 DevLoss = 0.2119 TrainTime = 76.8057s DevTime = 10.0255s
INFO:root:Epoch = [197/300] Iter = [   0/  70] Loss = 0.1232 Avg Loss = 0.1232 rec_loss: 0.1232, vel_loss: 2.191e-06, acc_loss: 2.191e-06
INFO:root:Epoch = [ 197/ 300] TrainLoss = 0.1234 DevLoss = 0.2145 TrainTime = 76.6130s DevTime = 10.1514s
INFO:root:Epoch = [198/300] Iter = [   0/  70] Loss = 0.1246 Avg Loss = 0.1246 rec_loss: 0.1246, vel_loss: 2.191e-06, acc_loss: 2.191e-06
INFO:root:Epoch = [ 198/ 300] TrainLoss = 0.1237 DevLoss = 0.2146 TrainTime = 76.9262s DevTime = 9.8058s
INFO:root:Epoch = [199/300] Iter = [   0/  70] Loss = 0.1301 Avg Loss = 0.1301 rec_loss: 0.1301, vel_loss: 2.191e-06, acc_loss: 2.191e-06
INFO:root:Epoch = [ 199/ 300] TrainLoss = 0.1264 DevLoss = 0.2127 TrainTime = 76.9974s DevTime = 10.7296s
INFO:root:Epoch = [200/300] Iter = [   0/  70] Loss = 0.1208 Avg Loss = 0.1208 rec_loss: 0.1208, vel_loss: 2.191e-06, acc_loss: 2.191e-06
INFO:root:Epoch = [ 200/ 300] TrainLoss = 0.1218 DevLoss = 0.2143 TrainTime = 76.9104s DevTime = 11.1028s
INFO:root:Epoch = [201/300] Iter = [   0/  70] Loss = 0.1205 Avg Loss = 0.1205 rec_loss: 0.1205, vel_loss: 2.191e-06, acc_loss: 2.191e-06
INFO:root:Epoch = [ 201/ 300] TrainLoss = 0.1214 DevLoss = 0.2132 TrainTime = 76.0842s DevTime = 9.8769s
INFO:root:Epoch = [202/300] Iter = [   0/  70] Loss = 0.1178 Avg Loss = 0.1178 rec_loss: 0.1178, vel_loss: 2.191e-06, acc_loss: 2.191e-06
INFO:root:Epoch = [ 202/ 300] TrainLoss = 0.1201 DevLoss = 0.2155 TrainTime = 76.0655s DevTime = 10.0104s
INFO:root:Epoch = [203/300] Iter = [   0/  70] Loss = 0.1284 Avg Loss = 0.1284 rec_loss: 0.1284, vel_loss: 2.191e-06, acc_loss: 2.191e-06
INFO:root:Epoch = [ 203/ 300] TrainLoss = 0.1256 DevLoss = 0.2141 TrainTime = 76.8301s DevTime = 11.0047s
INFO:root:Epoch = [204/300] Iter = [   0/  70] Loss = 0.1161 Avg Loss = 0.1161 rec_loss: 0.1161, vel_loss: 2.191e-06, acc_loss: 2.191e-06
INFO:root:Epoch = [ 204/ 300] TrainLoss = 0.1191 DevLoss = 0.2126 TrainTime = 76.4820s DevTime = 9.7907s
INFO:root:Epoch = [205/300] Iter = [   0/  70] Loss = 0.1274 Avg Loss = 0.1274 rec_loss: 0.1274, vel_loss: 2.191e-06, acc_loss: 2.191e-06
INFO:root:Epoch = [ 205/ 300] TrainLoss = 0.1248 DevLoss = 0.2112 TrainTime = 76.0374s DevTime = 10.5937s
INFO:root:Epoch = [206/300] Iter = [   0/  70] Loss = 0.1232 Avg Loss = 0.1232 rec_loss: 0.1232, vel_loss: 2.191e-06, acc_loss: 2.191e-06
INFO:root:Epoch = [ 206/ 300] TrainLoss = 0.1228 DevLoss = 0.2128 TrainTime = 77.0785s DevTime = 10.0247s
INFO:root:Epoch = [207/300] Iter = [   0/  70] Loss = 0.1202 Avg Loss = 0.1202 rec_loss: 0.1202, vel_loss: 2.191e-06, acc_loss: 2.191e-06
INFO:root:Epoch = [ 207/ 300] TrainLoss = 0.1213 DevLoss = 0.2126 TrainTime = 76.2211s DevTime = 10.3305s
INFO:root:Epoch = [208/300] Iter = [   0/  70] Loss = 0.1265 Avg Loss = 0.1265 rec_loss: 0.1265, vel_loss: 2.191e-06, acc_loss: 2.191e-06
INFO:root:Epoch = [ 208/ 300] TrainLoss = 0.1244 DevLoss = 0.2121 TrainTime = 77.0018s DevTime = 9.7920s
INFO:root:Epoch = [209/300] Iter = [   0/  70] Loss = 0.1176 Avg Loss = 0.1176 rec_loss: 0.1176, vel_loss: 2.191e-06, acc_loss: 2.191e-06
INFO:root:Epoch = [ 209/ 300] TrainLoss = 0.1199 DevLoss = 0.213 TrainTime = 77.0357s DevTime = 10.2339s
INFO:root:Epoch = [210/300] Iter = [   0/  70] Loss = 0.131 Avg Loss = 0.131 rec_loss: 0.131, vel_loss: 2.191e-06, acc_loss: 2.191e-06
INFO:root:Epoch = [ 210/ 300] TrainLoss = 0.1265 DevLoss = 0.2156 TrainTime = 76.1632s DevTime = 9.9316s
INFO:root:Epoch = [211/300] Iter = [   0/  70] Loss = 0.1276 Avg Loss = 0.1276 rec_loss: 0.1276, vel_loss: 2.191e-06, acc_loss: 2.191e-06
INFO:root:Epoch = [ 211/ 300] TrainLoss = 0.1248 DevLoss = 0.2157 TrainTime = 76.1735s DevTime = 10.6128s
INFO:root:Epoch = [212/300] Iter = [   0/  70] Loss = 0.1201 Avg Loss = 0.1201 rec_loss: 0.1201, vel_loss: 2.191e-06, acc_loss: 2.191e-06
INFO:root:Epoch = [ 212/ 300] TrainLoss = 0.121 DevLoss = 0.2137 TrainTime = 77.6443s DevTime = 9.9330s
INFO:root:Epoch = [213/300] Iter = [   0/  70] Loss = 0.1302 Avg Loss = 0.1302 rec_loss: 0.1302, vel_loss: 2.191e-06, acc_loss: 2.191e-06
INFO:root:Epoch = [ 213/ 300] TrainLoss = 0.126 DevLoss = 0.2119 TrainTime = 76.8961s DevTime = 9.8846s
INFO:root:Epoch = [214/300] Iter = [   0/  70] Loss = 0.1208 Avg Loss = 0.1208 rec_loss: 0.1208, vel_loss: 2.191e-06, acc_loss: 2.191e-06
INFO:root:Epoch = [ 214/ 300] TrainLoss = 0.1217 DevLoss = 0.2139 TrainTime = 77.1871s DevTime = 9.9706s
INFO:root:Epoch = [215/300] Iter = [   0/  70] Loss = 0.1162 Avg Loss = 0.1162 rec_loss: 0.1162, vel_loss: 2.191e-06, acc_loss: 2.191e-06
INFO:root:Epoch = [ 215/ 300] TrainLoss = 0.119 DevLoss = 0.212 TrainTime = 76.8654s DevTime = 10.0164s
INFO:root:Epoch = [216/300] Iter = [   0/  70] Loss = 0.1133 Avg Loss = 0.1133 rec_loss: 0.1133, vel_loss: 2.191e-06, acc_loss: 2.191e-06
INFO:root:Epoch = [ 216/ 300] TrainLoss = 0.1176 DevLoss = 0.2137 TrainTime = 75.9585s DevTime = 11.1120s
INFO:root:Epoch = [217/300] Iter = [   0/  70] Loss = 0.1274 Avg Loss = 0.1274 rec_loss: 0.1274, vel_loss: 2.191e-06, acc_loss: 2.191e-06
INFO:root:Epoch = [ 217/ 300] TrainLoss = 0.1244 DevLoss = 0.2142 TrainTime = 76.2000s DevTime = 9.9990s
INFO:root:Epoch = [218/300] Iter = [   0/  70] Loss = 0.1306 Avg Loss = 0.1306 rec_loss: 0.1306, vel_loss: 2.191e-06, acc_loss: 2.191e-06
INFO:root:Epoch = [ 218/ 300] TrainLoss = 0.1257 DevLoss = 0.2138 TrainTime = 76.8250s DevTime = 9.8862s
INFO:root:Epoch = [219/300] Iter = [   0/  70] Loss = 0.1245 Avg Loss = 0.1245 rec_loss: 0.1245, vel_loss: 2.191e-06, acc_loss: 2.191e-06
INFO:root:Epoch = [ 219/ 300] TrainLoss = 0.1226 DevLoss = 0.2132 TrainTime = 76.9007s DevTime = 10.7696s
INFO:root:Epoch = [220/300] Iter = [   0/  70] Loss = 0.1203 Avg Loss = 0.1203 rec_loss: 0.1203, vel_loss: 2.191e-06, acc_loss: 2.191e-06
INFO:root:Epoch = [ 220/ 300] TrainLoss = 0.121 DevLoss = 0.2142 TrainTime = 76.8790s DevTime = 9.7869s
INFO:root:Epoch = [221/300] Iter = [   0/  70] Loss = 0.12 Avg Loss = 0.12 rec_loss: 0.12, vel_loss: 2.191e-06, acc_loss: 2.191e-06
INFO:root:Epoch = [ 221/ 300] TrainLoss = 0.121 DevLoss = 0.2155 TrainTime = 76.8085s DevTime = 10.3930s
INFO:root:Epoch = [222/300] Iter = [   0/  70] Loss = 0.1113 Avg Loss = 0.1113 rec_loss: 0.1113, vel_loss: 2.191e-06, acc_loss: 2.191e-06
INFO:root:Epoch = [ 222/ 300] TrainLoss = 0.1168 DevLoss = 0.2153 TrainTime = 75.9007s DevTime = 10.4834s
INFO:root:Epoch = [223/300] Iter = [   0/  70] Loss = 0.1162 Avg Loss = 0.1162 rec_loss: 0.1162, vel_loss: 2.191e-06, acc_loss: 2.191e-06
INFO:root:Epoch = [ 223/ 300] TrainLoss = 0.1189 DevLoss = 0.2133 TrainTime = 76.3763s DevTime = 10.4955s
INFO:root:Epoch = [224/300] Iter = [   0/  70] Loss = 0.1197 Avg Loss = 0.1197 rec_loss: 0.1197, vel_loss: 2.191e-06, acc_loss: 2.191e-06
INFO:root:Epoch = [ 224/ 300] TrainLoss = 0.1205 DevLoss = 0.2131 TrainTime = 76.1978s DevTime = 9.7675s
INFO:root:Epoch = [225/300] Iter = [   0/  70] Loss = 0.1328 Avg Loss = 0.1328 rec_loss: 0.1328, vel_loss: 2.191e-06, acc_loss: 2.191e-06
INFO:root:Epoch = [ 225/ 300] TrainLoss = 0.1269 DevLoss = 0.2132 TrainTime = 76.4793s DevTime = 10.3829s
INFO:root:Epoch = [226/300] Iter = [   0/  70] Loss = 0.1244 Avg Loss = 0.1244 rec_loss: 0.1244, vel_loss: 2.191e-06, acc_loss: 2.191e-06
INFO:root:Epoch = [ 226/ 300] TrainLoss = 0.1226 DevLoss = 0.2142 TrainTime = 76.1602s DevTime = 9.9856s
INFO:root:Epoch = [227/300] Iter = [   0/  70] Loss = 0.1254 Avg Loss = 0.1254 rec_loss: 0.1254, vel_loss: 2.191e-06, acc_loss: 2.191e-06
INFO:root:Epoch = [ 227/ 300] TrainLoss = 0.1226 DevLoss = 0.213 TrainTime = 76.3640s DevTime = 9.8764s
INFO:root:Epoch = [228/300] Iter = [   0/  70] Loss = 0.1085 Avg Loss = 0.1085 rec_loss: 0.1085, vel_loss: 2.191e-06, acc_loss: 2.191e-06
INFO:root:Epoch = [ 228/ 300] TrainLoss = 0.1146 DevLoss = 0.2141 TrainTime = 75.3577s DevTime = 9.8829s
INFO:root:Epoch = [229/300] Iter = [   0/  70] Loss = 0.1215 Avg Loss = 0.1215 rec_loss: 0.1215, vel_loss: 2.191e-06, acc_loss: 2.191e-06
INFO:root:Epoch = [ 229/ 300] TrainLoss = 0.1209 DevLoss = 0.2152 TrainTime = 76.3175s DevTime = 9.8027s
INFO:root:Epoch = [230/300] Iter = [   0/  70] Loss = 0.1202 Avg Loss = 0.1202 rec_loss: 0.1202, vel_loss: 2.191e-06, acc_loss: 2.191e-06
INFO:root:Epoch = [ 230/ 300] TrainLoss = 0.1202 DevLoss = 0.2131 TrainTime = 77.2176s DevTime = 10.6412s
INFO:root:Epoch = [231/300] Iter = [   0/  70] Loss = 0.1172 Avg Loss = 0.1172 rec_loss: 0.1172, vel_loss: 2.191e-06, acc_loss: 2.191e-06
INFO:root:Epoch = [ 231/ 300] TrainLoss = 0.1189 DevLoss = 0.2144 TrainTime = 76.5690s DevTime = 9.6984s
INFO:root:Epoch = [232/300] Iter = [   0/  70] Loss = 0.1212 Avg Loss = 0.1212 rec_loss: 0.1212, vel_loss: 2.191e-06, acc_loss: 2.191e-06
INFO:root:Epoch = [ 232/ 300] TrainLoss = 0.1209 DevLoss = 0.2134 TrainTime = 76.2817s DevTime = 10.6335s
INFO:root:Epoch = [233/300] Iter = [   0/  70] Loss = 0.1165 Avg Loss = 0.1165 rec_loss: 0.1165, vel_loss: 2.191e-06, acc_loss: 2.191e-06
INFO:root:Epoch = [ 233/ 300] TrainLoss = 0.1185 DevLoss = 0.2142 TrainTime = 76.8875s DevTime = 10.7490s
INFO:root:Epoch = [234/300] Iter = [   0/  70] Loss = 0.1189 Avg Loss = 0.1189 rec_loss: 0.1189, vel_loss: 2.191e-06, acc_loss: 2.191e-06
INFO:root:Epoch = [ 234/ 300] TrainLoss = 0.1197 DevLoss = 0.2154 TrainTime = 76.7720s DevTime = 10.2243s
INFO:root:Epoch = [235/300] Iter = [   0/  70] Loss = 0.1298 Avg Loss = 0.1298 rec_loss: 0.1298, vel_loss: 2.191e-06, acc_loss: 2.191e-06
INFO:root:Epoch = [ 235/ 300] TrainLoss = 0.125 DevLoss = 0.2122 TrainTime = 76.8594s DevTime = 9.8648s
INFO:root:Epoch = [236/300] Iter = [   0/  70] Loss = 0.1164 Avg Loss = 0.1164 rec_loss: 0.1164, vel_loss: 2.191e-06, acc_loss: 2.191e-06
INFO:root:Epoch = [ 236/ 300] TrainLoss = 0.1184 DevLoss = 0.2134 TrainTime = 76.3077s DevTime = 10.6050s
INFO:root:Epoch = [237/300] Iter = [   0/  70] Loss = 0.122 Avg Loss = 0.122 rec_loss: 0.122, vel_loss: 2.191e-06, acc_loss: 2.191e-06
INFO:root:Epoch = [ 237/ 300] TrainLoss = 0.1212 DevLoss = 0.2169 TrainTime = 75.4868s DevTime = 9.8156s
INFO:root:Epoch = [238/300] Iter = [   0/  70] Loss = 0.1266 Avg Loss = 0.1266 rec_loss: 0.1266, vel_loss: 2.191e-06, acc_loss: 2.191e-06
INFO:root:Epoch = [ 238/ 300] TrainLoss = 0.1234 DevLoss = 0.2152 TrainTime = 76.6071s DevTime = 10.1035s
INFO:root:Epoch = [239/300] Iter = [   0/  70] Loss = 0.1156 Avg Loss = 0.1156 rec_loss: 0.1156, vel_loss: 2.191e-06, acc_loss: 2.191e-06
INFO:root:Epoch = [ 239/ 300] TrainLoss = 0.1177 DevLoss = 0.2148 TrainTime = 77.2614s DevTime = 9.6894s
INFO:root:Epoch = [240/300] Iter = [   0/  70] Loss = 0.1271 Avg Loss = 0.1271 rec_loss: 0.1271, vel_loss: 2.191e-06, acc_loss: 2.191e-06
INFO:root:Epoch = [ 240/ 300] TrainLoss = 0.1234 DevLoss = 0.2139 TrainTime = 76.9742s DevTime = 9.7834s
INFO:root:Epoch = [241/300] Iter = [   0/  70] Loss = 0.113 Avg Loss = 0.113 rec_loss: 0.113, vel_loss: 2.191e-06, acc_loss: 2.191e-06
INFO:root:Epoch = [ 241/ 300] TrainLoss = 0.1167 DevLoss = 0.2148 TrainTime = 76.0033s DevTime = 10.5608s
INFO:root:Epoch = [242/300] Iter = [   0/  70] Loss = 0.1193 Avg Loss = 0.1193 rec_loss: 0.1193, vel_loss: 2.191e-06, acc_loss: 2.191e-06
INFO:root:Epoch = [ 242/ 300] TrainLoss = 0.1198 DevLoss = 0.2145 TrainTime = 76.2476s DevTime = 10.0256s
INFO:root:Epoch = [243/300] Iter = [   0/  70] Loss = 0.1194 Avg Loss = 0.1194 rec_loss: 0.1194, vel_loss: 2.191e-06, acc_loss: 2.191e-06
INFO:root:Epoch = [ 243/ 300] TrainLoss = 0.1199 DevLoss = 0.2164 TrainTime = 76.8280s DevTime = 10.7964s
INFO:root:Epoch = [244/300] Iter = [   0/  70] Loss = 0.1273 Avg Loss = 0.1273 rec_loss: 0.1273, vel_loss: 2.191e-06, acc_loss: 2.191e-06
INFO:root:Epoch = [ 244/ 300] TrainLoss = 0.1234 DevLoss = 0.2153 TrainTime = 76.7811s DevTime = 10.2958s
INFO:root:Epoch = [245/300] Iter = [   0/  70] Loss = 0.1142 Avg Loss = 0.1142 rec_loss: 0.1142, vel_loss: 2.191e-06, acc_loss: 2.191e-06
INFO:root:Epoch = [ 245/ 300] TrainLoss = 0.117 DevLoss = 0.2176 TrainTime = 75.5689s DevTime = 10.0236s
INFO:root:Epoch = [246/300] Iter = [   0/  70] Loss = 0.124 Avg Loss = 0.124 rec_loss: 0.124, vel_loss: 2.191e-06, acc_loss: 2.191e-06
INFO:root:Epoch = [ 246/ 300] TrainLoss = 0.122 DevLoss = 0.2163 TrainTime = 75.5219s DevTime = 10.0356s
INFO:root:Epoch = [247/300] Iter = [   0/  70] Loss = 0.115 Avg Loss = 0.115 rec_loss: 0.115, vel_loss: 2.191e-06, acc_loss: 2.191e-06
INFO:root:Epoch = [ 247/ 300] TrainLoss = 0.1174 DevLoss = 0.2159 TrainTime = 76.9487s DevTime = 10.8574s
INFO:root:Epoch = [248/300] Iter = [   0/  70] Loss = 0.1227 Avg Loss = 0.1227 rec_loss: 0.1227, vel_loss: 2.191e-06, acc_loss: 2.191e-06
INFO:root:Epoch = [ 248/ 300] TrainLoss = 0.1211 DevLoss = 0.2142 TrainTime = 76.9135s DevTime = 9.8466s
INFO:root:Epoch = [249/300] Iter = [   0/  70] Loss = 0.1227 Avg Loss = 0.1227 rec_loss: 0.1227, vel_loss: 2.191e-06, acc_loss: 2.191e-06
INFO:root:Epoch = [ 249/ 300] TrainLoss = 0.1213 DevLoss = 0.2149 TrainTime = 76.4670s DevTime = 11.0248s
INFO:root:Epoch = [250/300] Iter = [   0/  70] Loss = 0.1232 Avg Loss = 0.1232 rec_loss: 0.1232, vel_loss: 2.191e-06, acc_loss: 2.191e-06
INFO:root:Epoch = [ 250/ 300] TrainLoss = 0.1211 DevLoss = 0.2131 TrainTime = 76.2797s DevTime = 9.8150s
INFO:root:Epoch = [251/300] Iter = [   0/  70] Loss = 0.1272 Avg Loss = 0.1272 rec_loss: 0.1272, vel_loss: 2.191e-06, acc_loss: 2.191e-06
INFO:root:Epoch = [ 251/ 300] TrainLoss = 0.1232 DevLoss = 0.2167 TrainTime = 76.4808s DevTime = 9.9327s
INFO:root:Epoch = [252/300] Iter = [   0/  70] Loss = 0.1249 Avg Loss = 0.1249 rec_loss: 0.1249, vel_loss: 2.191e-06, acc_loss: 2.191e-06
INFO:root:Epoch = [ 252/ 300] TrainLoss = 0.1223 DevLoss = 0.2157 TrainTime = 75.6612s DevTime = 10.8028s
INFO:root:Epoch = [253/300] Iter = [   0/  70] Loss = 0.1199 Avg Loss = 0.1199 rec_loss: 0.1199, vel_loss: 2.191e-06, acc_loss: 2.191e-06
INFO:root:Epoch = [ 253/ 300] TrainLoss = 0.1198 DevLoss = 0.215 TrainTime = 76.5974s DevTime = 10.1570s
INFO:root:Epoch = [254/300] Iter = [   0/  70] Loss = 0.1197 Avg Loss = 0.1197 rec_loss: 0.1197, vel_loss: 2.191e-06, acc_loss: 2.191e-06
INFO:root:Epoch = [ 254/ 300] TrainLoss = 0.1198 DevLoss = 0.2132 TrainTime = 75.4725s DevTime = 10.5888s
INFO:root:Epoch = [255/300] Iter = [   0/  70] Loss = 0.1092 Avg Loss = 0.1092 rec_loss: 0.1092, vel_loss: 2.191e-06, acc_loss: 2.191e-06
INFO:root:Epoch = [ 255/ 300] TrainLoss = 0.1143 DevLoss = 0.2157 TrainTime = 78.8493s DevTime = 11.1779s
INFO:root:Epoch = [256/300] Iter = [   0/  70] Loss = 0.1139 Avg Loss = 0.1139 rec_loss: 0.1139, vel_loss: 2.191e-06, acc_loss: 2.191e-06
INFO:root:Epoch = [ 256/ 300] TrainLoss = 0.1163 DevLoss = 0.2167 TrainTime = 77.0090s DevTime = 9.7873s
INFO:root:Epoch = [257/300] Iter = [   0/  70] Loss = 0.1185 Avg Loss = 0.1185 rec_loss: 0.1185, vel_loss: 2.191e-06, acc_loss: 2.191e-06
INFO:root:Epoch = [ 257/ 300] TrainLoss = 0.1185 DevLoss = 0.2152 TrainTime = 76.9957s DevTime = 10.6014s
INFO:root:Epoch = [258/300] Iter = [   0/  70] Loss = 0.117 Avg Loss = 0.117 rec_loss: 0.117, vel_loss: 2.191e-06, acc_loss: 2.191e-06
INFO:root:Epoch = [ 258/ 300] TrainLoss = 0.1179 DevLoss = 0.218 TrainTime = 76.3801s DevTime = 10.5732s
INFO:root:Epoch = [259/300] Iter = [   0/  70] Loss = 0.1177 Avg Loss = 0.1177 rec_loss: 0.1177, vel_loss: 2.191e-06, acc_loss: 2.191e-06
INFO:root:Epoch = [ 259/ 300] TrainLoss = 0.1184 DevLoss = 0.2154 TrainTime = 75.9797s DevTime = 9.8992s
INFO:root:Epoch = [260/300] Iter = [   0/  70] Loss = 0.1219 Avg Loss = 0.1219 rec_loss: 0.1219, vel_loss: 2.191e-06, acc_loss: 2.191e-06
INFO:root:Epoch = [ 260/ 300] TrainLoss = 0.1204 DevLoss = 0.2155 TrainTime = 77.5441s DevTime = 10.7539s
INFO:root:Epoch = [261/300] Iter = [   0/  70] Loss = 0.1156 Avg Loss = 0.1156 rec_loss: 0.1156, vel_loss: 2.191e-06, acc_loss: 2.191e-06
INFO:root:Epoch = [ 261/ 300] TrainLoss = 0.1172 DevLoss = 0.2142 TrainTime = 76.9930s DevTime = 9.9129s
INFO:root:Epoch = [262/300] Iter = [   0/  70] Loss = 0.1126 Avg Loss = 0.1126 rec_loss: 0.1126, vel_loss: 2.191e-06, acc_loss: 2.191e-06
INFO:root:Epoch = [ 262/ 300] TrainLoss = 0.116 DevLoss = 0.2169 TrainTime = 77.0448s DevTime = 10.0169s
INFO:root:Epoch = [263/300] Iter = [   0/  70] Loss = 0.1228 Avg Loss = 0.1228 rec_loss: 0.1228, vel_loss: 2.191e-06, acc_loss: 2.191e-06
INFO:root:Epoch = [ 263/ 300] TrainLoss = 0.1209 DevLoss = 0.2137 TrainTime = 77.0394s DevTime = 10.5155s
INFO:root:Epoch = [264/300] Iter = [   0/  70] Loss = 0.1121 Avg Loss = 0.1121 rec_loss: 0.1121, vel_loss: 2.191e-06, acc_loss: 2.191e-06
INFO:root:Epoch = [ 264/ 300] TrainLoss = 0.1154 DevLoss = 0.2158 TrainTime = 75.2369s DevTime = 10.1951s
INFO:root:Epoch = [265/300] Iter = [   0/  70] Loss = 0.1204 Avg Loss = 0.1204 rec_loss: 0.1204, vel_loss: 2.191e-06, acc_loss: 2.191e-06
INFO:root:Epoch = [ 265/ 300] TrainLoss = 0.1196 DevLoss = 0.2151 TrainTime = 77.2051s DevTime = 9.8332s
INFO:root:Epoch = [266/300] Iter = [   0/  70] Loss = 0.1192 Avg Loss = 0.1192 rec_loss: 0.1192, vel_loss: 2.191e-06, acc_loss: 2.191e-06
INFO:root:Epoch = [ 266/ 300] TrainLoss = 0.1187 DevLoss = 0.2159 TrainTime = 77.1675s DevTime = 10.5541s
INFO:root:Epoch = [267/300] Iter = [   0/  70] Loss = 0.1124 Avg Loss = 0.1124 rec_loss: 0.1124, vel_loss: 2.191e-06, acc_loss: 2.191e-06
INFO:root:Epoch = [ 267/ 300] TrainLoss = 0.1155 DevLoss = 0.2153 TrainTime = 75.2263s DevTime = 9.6748s
INFO:root:Epoch = [268/300] Iter = [   0/  70] Loss = 0.1181 Avg Loss = 0.1181 rec_loss: 0.1181, vel_loss: 2.191e-06, acc_loss: 2.191e-06
INFO:root:Epoch = [ 268/ 300] TrainLoss = 0.1183 DevLoss = 0.2157 TrainTime = 76.6428s DevTime = 9.6678s
INFO:root:Epoch = [269/300] Iter = [   0/  70] Loss = 0.1192 Avg Loss = 0.1192 rec_loss: 0.1192, vel_loss: 2.191e-06, acc_loss: 2.191e-06
INFO:root:Epoch = [ 269/ 300] TrainLoss = 0.1188 DevLoss = 0.2155 TrainTime = 75.4447s DevTime = 9.8405s
INFO:root:Epoch = [270/300] Iter = [   0/  70] Loss = 0.1154 Avg Loss = 0.1154 rec_loss: 0.1154, vel_loss: 2.191e-06, acc_loss: 2.191e-06
INFO:root:Epoch = [ 270/ 300] TrainLoss = 0.1169 DevLoss = 0.2136 TrainTime = 76.4659s DevTime = 9.5707s
INFO:root:Epoch = [271/300] Iter = [   0/  70] Loss = 0.1199 Avg Loss = 0.1199 rec_loss: 0.1199, vel_loss: 2.191e-06, acc_loss: 2.191e-06
INFO:root:Epoch = [ 271/ 300] TrainLoss = 0.1196 DevLoss = 0.2149 TrainTime = 76.4813s DevTime = 10.1595s
INFO:root:Epoch = [272/300] Iter = [   0/  70] Loss = 0.1131 Avg Loss = 0.1131 rec_loss: 0.1131, vel_loss: 2.191e-06, acc_loss: 2.191e-06
INFO:root:Epoch = [ 272/ 300] TrainLoss = 0.1158 DevLoss = 0.2153 TrainTime = 76.0015s DevTime = 9.6902s
INFO:root:Epoch = [273/300] Iter = [   0/  70] Loss = 0.1205 Avg Loss = 0.1205 rec_loss: 0.1205, vel_loss: 2.191e-06, acc_loss: 2.191e-06
INFO:root:Epoch = [ 273/ 300] TrainLoss = 0.1193 DevLoss = 0.2149 TrainTime = 75.6499s DevTime = 9.7142s
INFO:root:Epoch = [274/300] Iter = [   0/  70] Loss = 0.1185 Avg Loss = 0.1185 rec_loss: 0.1185, vel_loss: 2.191e-06, acc_loss: 2.191e-06
INFO:root:Epoch = [ 274/ 300] TrainLoss = 0.1184 DevLoss = 0.2171 TrainTime = 75.3009s DevTime = 10.7518s
INFO:root:Epoch = [275/300] Iter = [   0/  70] Loss = 0.1173 Avg Loss = 0.1173 rec_loss: 0.1173, vel_loss: 2.191e-06, acc_loss: 2.191e-06
INFO:root:Epoch = [ 275/ 300] TrainLoss = 0.1179 DevLoss = 0.2165 TrainTime = 76.6106s DevTime = 9.7233s
INFO:root:Epoch = [276/300] Iter = [   0/  70] Loss = 0.1185 Avg Loss = 0.1185 rec_loss: 0.1185, vel_loss: 2.191e-06, acc_loss: 2.191e-06
INFO:root:Epoch = [ 276/ 300] TrainLoss = 0.1181 DevLoss = 0.2152 TrainTime = 76.1399s DevTime = 9.7676s
INFO:root:Epoch = [277/300] Iter = [   0/  70] Loss = 0.1238 Avg Loss = 0.1238 rec_loss: 0.1238, vel_loss: 2.191e-06, acc_loss: 2.191e-06
INFO:root:Epoch = [ 277/ 300] TrainLoss = 0.1209 DevLoss = 0.2158 TrainTime = 76.2066s DevTime = 10.7232s
INFO:root:Epoch = [278/300] Iter = [   0/  70] Loss = 0.1123 Avg Loss = 0.1123 rec_loss: 0.1123, vel_loss: 2.191e-06, acc_loss: 2.191e-06
INFO:root:Epoch = [ 278/ 300] TrainLoss = 0.1152 DevLoss = 0.2146 TrainTime = 76.6014s DevTime = 10.0158s
INFO:root:Epoch = [279/300] Iter = [   0/  70] Loss = 0.1168 Avg Loss = 0.1168 rec_loss: 0.1168, vel_loss: 2.191e-06, acc_loss: 2.191e-06
INFO:root:Epoch = [ 279/ 300] TrainLoss = 0.1173 DevLoss = 0.2148 TrainTime = 76.1913s DevTime = 10.2264s
INFO:root:Epoch = [280/300] Iter = [   0/  70] Loss = 0.1217 Avg Loss = 0.1217 rec_loss: 0.1217, vel_loss: 2.191e-06, acc_loss: 2.191e-06
INFO:root:Epoch = [ 280/ 300] TrainLoss = 0.1199 DevLoss = 0.2167 TrainTime = 75.6395s DevTime = 11.0978s
INFO:root:Epoch = [281/300] Iter = [   0/  70] Loss = 0.1142 Avg Loss = 0.1142 rec_loss: 0.1142, vel_loss: 2.191e-06, acc_loss: 2.191e-06
INFO:root:Epoch = [ 281/ 300] TrainLoss = 0.1161 DevLoss = 0.2173 TrainTime = 75.6965s DevTime = 9.9594s
INFO:root:Epoch = [282/300] Iter = [   0/  70] Loss = 0.1114 Avg Loss = 0.1114 rec_loss: 0.1114, vel_loss: 2.191e-06, acc_loss: 2.191e-06
INFO:root:Epoch = [ 282/ 300] TrainLoss = 0.1146 DevLoss = 0.2155 TrainTime = 76.8063s DevTime = 11.0132s
INFO:root:Epoch = [283/300] Iter = [   0/  70] Loss = 0.1134 Avg Loss = 0.1134 rec_loss: 0.1134, vel_loss: 2.191e-06, acc_loss: 2.191e-06
INFO:root:Epoch = [ 283/ 300] TrainLoss = 0.1157 DevLoss = 0.2149 TrainTime = 76.1028s DevTime = 9.8924s
INFO:root:Epoch = [284/300] Iter = [   0/  70] Loss = 0.122 Avg Loss = 0.122 rec_loss: 0.122, vel_loss: 2.191e-06, acc_loss: 2.191e-06
INFO:root:Epoch = [ 284/ 300] TrainLoss = 0.1201 DevLoss = 0.2151 TrainTime = 76.6272s DevTime = 10.0253s
INFO:root:Epoch = [285/300] Iter = [   0/  70] Loss = 0.1185 Avg Loss = 0.1185 rec_loss: 0.1185, vel_loss: 2.191e-06, acc_loss: 2.191e-06
INFO:root:Epoch = [ 285/ 300] TrainLoss = 0.1182 DevLoss = 0.2156 TrainTime = 76.5770s DevTime = 9.9664s
INFO:root:Epoch = [286/300] Iter = [   0/  70] Loss = 0.1222 Avg Loss = 0.1222 rec_loss: 0.1222, vel_loss: 2.191e-06, acc_loss: 2.191e-06
INFO:root:Epoch = [ 286/ 300] TrainLoss = 0.1198 DevLoss = 0.2172 TrainTime = 76.1139s DevTime = 10.0257s
INFO:root:Epoch = [287/300] Iter = [   0/  70] Loss = 0.1241 Avg Loss = 0.1241 rec_loss: 0.1241, vel_loss: 2.191e-06, acc_loss: 2.191e-06
INFO:root:Epoch = [ 287/ 300] TrainLoss = 0.1207 DevLoss = 0.2163 TrainTime = 75.9682s DevTime = 10.0019s
INFO:root:Epoch = [288/300] Iter = [   0/  70] Loss = 0.1252 Avg Loss = 0.1252 rec_loss: 0.1252, vel_loss: 2.191e-06, acc_loss: 2.191e-06
INFO:root:Epoch = [ 288/ 300] TrainLoss = 0.1214 DevLoss = 0.2167 TrainTime = 76.9053s DevTime = 10.6433s
INFO:root:Epoch = [289/300] Iter = [   0/  70] Loss = 0.1134 Avg Loss = 0.1134 rec_loss: 0.1134, vel_loss: 2.191e-06, acc_loss: 2.191e-06
INFO:root:Epoch = [ 289/ 300] TrainLoss = 0.1156 DevLoss = 0.2156 TrainTime = 76.1408s DevTime = 9.8504s
INFO:root:Epoch = [290/300] Iter = [   0/  70] Loss = 0.1198 Avg Loss = 0.1198 rec_loss: 0.1198, vel_loss: 2.191e-06, acc_loss: 2.191e-06
INFO:root:Epoch = [ 290/ 300] TrainLoss = 0.1188 DevLoss = 0.2162 TrainTime = 76.1363s DevTime = 10.5289s
INFO:root:Epoch = [291/300] Iter = [   0/  70] Loss = 0.1218 Avg Loss = 0.1218 rec_loss: 0.1218, vel_loss: 2.191e-06, acc_loss: 2.191e-06
INFO:root:Epoch = [ 291/ 300] TrainLoss = 0.1196 DevLoss = 0.2174 TrainTime = 76.0922s DevTime = 9.9703s
INFO:root:Epoch = [292/300] Iter = [   0/  70] Loss = 0.1167 Avg Loss = 0.1167 rec_loss: 0.1167, vel_loss: 2.191e-06, acc_loss: 2.191e-06
INFO:root:Epoch = [ 292/ 300] TrainLoss = 0.1169 DevLoss = 0.2179 TrainTime = 76.9796s DevTime = 9.8501s
INFO:root:Epoch = [293/300] Iter = [   0/  70] Loss = 0.1193 Avg Loss = 0.1193 rec_loss: 0.1193, vel_loss: 2.191e-06, acc_loss: 2.191e-06
INFO:root:Epoch = [ 293/ 300] TrainLoss = 0.1183 DevLoss = 0.2151 TrainTime = 75.5420s DevTime = 10.7100s
INFO:root:Epoch = [294/300] Iter = [   0/  70] Loss = 0.1193 Avg Loss = 0.1193 rec_loss: 0.1193, vel_loss: 2.191e-06, acc_loss: 2.191e-06
INFO:root:Epoch = [ 294/ 300] TrainLoss = 0.1181 DevLoss = 0.2149 TrainTime = 76.3089s DevTime = 9.9494s
INFO:root:Epoch = [295/300] Iter = [   0/  70] Loss = 0.11 Avg Loss = 0.11 rec_loss: 0.11, vel_loss: 2.191e-06, acc_loss: 2.191e-06
INFO:root:Epoch = [ 295/ 300] TrainLoss = 0.1139 DevLoss = 0.2155 TrainTime = 76.7345s DevTime = 10.6637s
INFO:root:Epoch = [296/300] Iter = [   0/  70] Loss = 0.1138 Avg Loss = 0.1138 rec_loss: 0.1138, vel_loss: 2.191e-06, acc_loss: 2.191e-06
INFO:root:Epoch = [ 296/ 300] TrainLoss = 0.1156 DevLoss = 0.2184 TrainTime = 76.3502s DevTime = 10.7197s
INFO:root:Epoch = [297/300] Iter = [   0/  70] Loss = 0.1151 Avg Loss = 0.1151 rec_loss: 0.1151, vel_loss: 2.191e-06, acc_loss: 2.191e-06
INFO:root:Epoch = [ 297/ 300] TrainLoss = 0.116 DevLoss = 0.2153 TrainTime = 75.9369s DevTime = 9.7873s
INFO:root:Epoch = [298/300] Iter = [   0/  70] Loss = 0.112 Avg Loss = 0.112 rec_loss: 0.112, vel_loss: 2.191e-06, acc_loss: 2.191e-06
INFO:root:Epoch = [ 298/ 300] TrainLoss = 0.1146 DevLoss = 0.2178 TrainTime = 75.6098s DevTime = 10.0887s
INFO:root:Epoch = [299/300] Iter = [   0/  70] Loss = 0.1175 Avg Loss = 0.1175 rec_loss: 0.1175, vel_loss: 2.191e-06, acc_loss: 2.191e-06
INFO:root:Epoch = [ 299/ 300] TrainLoss = 0.1173 DevLoss = 0.2175 TrainTime = 76.7090s DevTime = 10.6742s
