a_max=0.17030400000000004, v_max=3.40608
a_max=0.17030400000000004, v_max=3.40608
a_max=0.17030400000000004, v_max=3.40608
a_max=0.17030400000000004, v_max=3.40608
a_max=0.17030400000000004, v_max=3.40608
a_max=0.17030400000000004, v_max=3.40608
a_max=0.17030400000000004, v_max=3.40608
a_max=0.17030400000000004, v_max=3.40608
a_max=0.17030400000000004, v_max=3.40608
a_max=0.17030400000000004, v_max=3.40608
a_max=0.17030400000000004, v_max=3.40608
a_max=0.17030400000000004, v_max=3.40608
a_max=0.17030400000000004, v_max=3.40608
a_max=0.17030400000000004, v_max=3.40608
a_max=0.17030400000000004, v_max=3.40608
a_max=0.17030400000000004, v_max=3.40608
a_max=0.17030400000000004, v_max=3.40608
a_max=0.17030400000000004, v_max=3.40608
a_max=0.17030400000000004, v_max=3.40608
a_max=0.17030400000000004, v_max=3.40608
a_max=0.17030400000000004, v_max=3.40608
a_max=0.17030400000000004, v_max=3.40608
a_max=0.17030400000000004, v_max=3.40608
a_max=0.17030400000000004, v_max=3.40608
a_max=0.17030400000000004, v_max=3.40608
a_max=0.17030400000000004, v_max=3.40608
a_max=0.17030400000000004, v_max=3.40608
a_max=0.17030400000000004, v_max=3.40608
a_max=0.17030400000000004, v_max=3.40608
a_max=0.17030400000000004, v_max=3.40608
a_max=0.17030400000000004, v_max=3.40608
a_max=0.17030400000000004, v_max=3.40608
a_max=0.17030400000000004, v_max=3.40608
a_max=0.17030400000000004, v_max=3.40608
a_max=0.17030400000000004, v_max=3.40608
a_max=0.17030400000000004, v_max=3.40608
a_max=0.17030400000000004, v_max=3.40608
a_max=0.17030400000000004, v_max=3.40608
a_max=0.17030400000000004, v_max=3.40608
a_max=0.17030400000000004, v_max=3.40608
a_max=0.17030400000000004, v_max=3.40608
a_max=0.17030400000000004, v_max=3.40608
a_max=0.17030400000000004, v_max=3.40608
a_max=0.17030400000000004, v_max=3.40608
a_max=0.17030400000000004, v_max=3.40608
a_max=0.17030400000000004, v_max=3.40608
a_max=0.17030400000000004, v_max=3.40608
a_max=0.17030400000000004, v_max=3.40608
a_max=0.17030400000000004, v_max=3.40608
a_max=0.17030400000000004, v_max=3.40608
a_max=0.17030400000000004, v_max=3.40608
a_max=0.17030400000000004, v_max=3.40608
a_max=0.17030400000000004, v_max=3.40608
a_max=0.17030400000000004, v_max=3.40608
a_max=0.17030400000000004, v_max=3.40608
a_max=0.17030400000000004, v_max=3.40608
a_max=0.17030400000000004, v_max=3.40608
a_max=0.17030400000000004, v_max=3.40608
a_max=0.17030400000000004, v_max=3.40608
a_max=0.17030400000000004, v_max=3.40608
a_max=0.17030400000000004, v_max=3.40608
a_max=0.17030400000000004, v_max=3.40608
a_max=0.17030400000000004, v_max=3.40608
a_max=0.17030400000000004, v_max=3.40608
a_max=0.17030400000000004, v_max=3.40608
a_max=0.17030400000000004, v_max=3.40608
a_max=0.17030400000000004, v_max=3.40608
a_max=0.17030400000000004, v_max=3.40608
a_max=0.17030400000000004, v_max=3.40608
a_max=0.17030400000000004, v_max=3.40608
a_max=0.17030400000000004, v_max=3.40608
a_max=0.17030400000000004, v_max=3.40608
a_max=0.17030400000000004, v_max=3.40608
a_max=0.17030400000000004, v_max=3.40608
a_max=0.17030400000000004, v_max=3.40608
a_max=0.17030400000000004, v_max=3.40608
a_max=0.17030400000000004, v_max=3.40608
a_max=0.17030400000000004, v_max=3.40608
a_max=0.17030400000000004, v_max=3.40608
a_max=0.17030400000000004, v_max=3.40608
a_max=0.17030400000000004, v_max=3.40608
a_max=0.17030400000000004, v_max=3.40608
a_max=0.17030400000000004, v_max=3.40608
a_max=0.17030400000000004, v_max=3.40608
a_max=0.17030400000000004, v_max=3.40608
a_max=0.17030400000000004, v_max=3.40608
a_max=0.17030400000000004, v_max=3.40608
a_max=0.17030400000000004, v_max=3.40608
a_max=0.17030400000000004, v_max=3.40608
a_max=0.17030400000000004, v_max=3.40608
a_max=0.17030400000000004, v_max=3.40608
a_max=0.17030400000000004, v_max=3.40608
a_max=0.17030400000000004, v_max=3.40608
a_max=0.17030400000000004, v_max=3.40608
a_max=0.17030400000000004, v_max=3.40608
a_max=0.17030400000000004, v_max=3.40608
a_max=0.17030400000000004, v_max=3.40608
a_max=0.17030400000000004, v_max=3.40608
a_max=0.17030400000000004, v_max=3.40608
a_max=0.17030400000000004, v_max=3.40608
a_max=0.17030400000000004, v_max=3.40608
a_max=0.17030400000000004, v_max=3.40608
a_max=0.17030400000000004, v_max=3.40608
a_max=0.17030400000000004, v_max=3.40608
a_max=0.17030400000000004, v_max=3.40608
a_max=0.17030400000000004, v_max=3.40608
a_max=0.17030400000000004, v_max=3.40608
a_max=0.17030400000000004, v_max=3.40608
a_max=0.17030400000000004, v_max=3.40608
a_max=0.17030400000000004, v_max=3.40608
a_max=0.17030400000000004, v_max=3.40608
a_max=0.17030400000000004, v_max=3.40608
a_max=0.17030400000000004, v_max=3.40608
a_max=0.17030400000000004, v_max=3.40608
a_max=0.17030400000000004, v_max=3.40608
a_max=0.17030400000000004, v_max=3.40608
a_max=0.17030400000000004, v_max=3.40608
a_max=0.17030400000000004, v_max=3.40608
a_max=0.17030400000000004, v_max=3.40608
a_max=0.17030400000000004, v_max=3.40608
a_max=0.17030400000000004, v_max=3.40608
a_max=0.17030400000000004, v_max=3.40608
a_max=0.17030400000000004, v_max=3.40608
a_max=0.17030400000000004, v_max=3.40608
a_max=0.17030400000000004, v_max=3.40608
a_max=0.17030400000000004, v_max=3.40608
a_max=0.17030400000000004, v_max=3.40608
a_max=0.17030400000000004, v_max=3.40608
a_max=0.17030400000000004, v_max=3.40608
a_max=0.17030400000000004, v_max=3.40608
a_max=0.17030400000000004, v_max=3.40608
a_max=0.17030400000000004, v_max=3.40608
a_max=0.17030400000000004, v_max=3.40608
a_max=0.17030400000000004, v_max=3.40608
a_max=0.17030400000000004, v_max=3.40608
a_max=0.17030400000000004, v_max=3.40608
a_max=0.17030400000000004, v_max=3.40608
a_max=0.17030400000000004, v_max=3.40608
a_max=0.17030400000000004, v_max=3.40608
a_max=0.17030400000000004, v_max=3.40608
a_max=0.17030400000000004, v_max=3.40608
a_max=0.17030400000000004, v_max=3.40608
a_max=0.17030400000000004, v_max=3.40608
a_max=0.17030400000000004, v_max=3.40608
a_max=0.17030400000000004, v_max=3.40608
a_max=0.17030400000000004, v_max=3.40608
a_max=0.17030400000000004, v_max=3.40608
a_max=0.17030400000000004, v_max=3.40608
a_max=0.17030400000000004, v_max=3.40608
a_max=0.17030400000000004, v_max=3.40608
a_max=0.17030400000000004, v_max=3.40608
a_max=0.17030400000000004, v_max=3.40608
a_max=0.17030400000000004, v_max=3.40608
a_max=0.17030400000000004, v_max=3.40608
a_max=0.17030400000000004, v_max=3.40608
a_max=0.17030400000000004, v_max=3.40608
a_max=0.17030400000000004, v_max=3.40608
a_max=0.17030400000000004, v_max=3.40608
a_max=0.17030400000000004, v_max=3.40608
a_max=0.17030400000000004, v_max=3.40608
a_max=0.17030400000000004, v_max=3.40608
a_max=0.17030400000000004, v_max=3.40608
a_max=0.17030400000000004, v_max=3.40608
a_max=0.17030400000000004, v_max=3.40608
a_max=0.17030400000000004, v_max=3.40608
a_max=0.17030400000000004, v_max=3.40608
a_max=0.17030400000000004, v_max=3.40608
a_max=0.17030400000000004, v_max=3.40608
a_max=0.17030400000000004, v_max=3.40608
a_max=0.17030400000000004, v_max=3.40608
a_max=0.17030400000000004, v_max=3.40608
a_max=0.17030400000000004, v_max=3.40608
a_max=0.17030400000000004, v_max=3.40608
a_max=0.17030400000000004, v_max=3.40608
a_max=0.17030400000000004, v_max=3.40608
a_max=0.17030400000000004, v_max=3.40608
a_max=0.17030400000000004, v_max=3.40608
a_max=0.17030400000000004, v_max=3.40608
a_max=0.17030400000000004, v_max=3.40608
a_max=0.17030400000000004, v_max=3.40608
a_max=0.17030400000000004, v_max=3.40608
a_max=0.17030400000000004, v_max=3.40608
a_max=0.17030400000000004, v_max=3.40608
a_max=0.17030400000000004, v_max=3.40608
a_max=0.17030400000000004, v_max=3.40608
a_max=0.17030400000000004, v_max=3.40608
a_max=0.17030400000000004, v_max=3.40608
a_max=0.17030400000000004, v_max=3.40608
a_max=0.17030400000000004, v_max=3.40608
a_max=0.17030400000000004, v_max=3.40608
a_max=0.17030400000000004, v_max=3.40608
a_max=0.17030400000000004, v_max=3.40608
a_max=0.17030400000000004, v_max=3.40608
a_max=0.17030400000000004, v_max=3.40608
a_max=0.17030400000000004, v_max=3.40608
a_max=0.17030400000000004, v_max=3.40608
a_max=0.17030400000000004, v_max=3.40608
a_max=0.17030400000000004, v_max=3.40608
a_max=0.17030400000000004, v_max=3.40608
a_max=0.17030400000000004, v_max=3.40608
a_max=0.17030400000000004, v_max=3.40608
a_max=0.17030400000000004, v_max=3.40608
a_max=0.17030400000000004, v_max=3.40608
a_max=0.17030400000000004, v_max=3.40608
a_max=0.17030400000000004, v_max=3.40608
a_max=0.17030400000000004, v_max=3.40608
a_max=0.17030400000000004, v_max=3.40608
a_max=0.17030400000000004, v_max=3.40608
a_max=0.17030400000000004, v_max=3.40608
a_max=0.17030400000000004, v_max=3.40608
a_max=0.17030400000000004, v_max=3.40608
a_max=0.17030400000000004, v_max=3.40608
a_max=0.17030400000000004, v_max=3.40608
a_max=0.17030400000000004, v_max=3.40608
a_max=0.17030400000000004, v_max=3.40608
a_max=0.17030400000000004, v_max=3.40608
a_max=0.17030400000000004, v_max=3.40608
a_max=0.17030400000000004, v_max=3.40608
a_max=0.17030400000000004, v_max=3.40608
a_max=0.17030400000000004, v_max=3.40608
a_max=0.17030400000000004, v_max=3.40608
a_max=0.17030400000000004, v_max=3.40608
a_max=0.17030400000000004, v_max=3.40608
a_max=0.17030400000000004, v_max=3.40608
a_max=0.17030400000000004, v_max=3.40608
a_max=0.17030400000000004, v_max=3.40608
a_max=0.17030400000000004, v_max=3.40608
a_max=0.17030400000000004, v_max=3.40608
a_max=0.17030400000000004, v_max=3.40608
a_max=0.17030400000000004, v_max=3.40608
a_max=0.17030400000000004, v_max=3.40608
a_max=0.17030400000000004, v_max=3.40608
a_max=0.17030400000000004, v_max=3.40608
a_max=0.17030400000000004, v_max=3.40608
a_max=0.17030400000000004, v_max=3.40608
a_max=0.17030400000000004, v_max=3.40608
a_max=0.17030400000000004, v_max=3.40608
a_max=0.17030400000000004, v_max=3.40608
a_max=0.17030400000000004, v_max=3.40608
a_max=0.17030400000000004, v_max=3.40608
a_max=0.17030400000000004, v_max=3.40608
a_max=0.17030400000000004, v_max=3.40608
a_max=0.17030400000000004, v_max=3.40608
a_max=0.17030400000000004, v_max=3.40608
a_max=0.17030400000000004, v_max=3.40608
a_max=0.17030400000000004, v_max=3.40608
a_max=0.17030400000000004, v_max=3.40608
a_max=0.17030400000000004, v_max=3.40608
a_max=0.17030400000000004, v_max=3.40608
a_max=0.17030400000000004, v_max=3.40608
a_max=0.17030400000000004, v_max=3.40608
a_max=0.17030400000000004, v_max=3.40608
a_max=0.17030400000000004, v_max=3.40608
a_max=0.17030400000000004, v_max=3.40608
a_max=0.17030400000000004, v_max=3.40608
a_max=0.17030400000000004, v_max=3.40608
a_max=0.17030400000000004, v_max=3.40608
a_max=0.17030400000000004, v_max=3.40608
a_max=0.17030400000000004, v_max=3.40608
a_max=0.17030400000000004, v_max=3.40608
a_max=0.17030400000000004, v_max=3.40608
a_max=0.17030400000000004, v_max=3.40608
a_max=0.17030400000000004, v_max=3.40608
a_max=0.17030400000000004, v_max=3.40608
a_max=0.17030400000000004, v_max=3.40608
a_max=0.17030400000000004, v_max=3.40608
a_max=0.17030400000000004, v_max=3.40608
a_max=0.17030400000000004, v_max=3.40608
a_max=0.17030400000000004, v_max=3.40608
a_max=0.17030400000000004, v_max=3.40608
a_max=0.17030400000000004, v_max=3.40608
a_max=0.17030400000000004, v_max=3.40608
a_max=0.17030400000000004, v_max=3.40608
a_max=0.17030400000000004, v_max=3.40608
a_max=0.17030400000000004, v_max=3.40608
a_max=0.17030400000000004, v_max=3.40608
a_max=0.17030400000000004, v_max=3.40608
a_max=0.17030400000000004, v_max=3.40608
a_max=0.17030400000000004, v_max=3.40608
a_max=0.17030400000000004, v_max=3.40608
a_max=0.17030400000000004, v_max=3.40608
a_max=0.17030400000000004, v_max=3.40608
a_max=0.17030400000000004, v_max=3.40608
a_max=0.17030400000000004, v_max=3.40608
a_max=0.17030400000000004, v_max=3.40608
a_max=0.17030400000000004, v_max=3.40608
a_max=0.17030400000000004, v_max=3.40608
a_max=0.17030400000000004, v_max=3.40608
a_max=0.17030400000000004, v_max=3.40608
a_max=0.17030400000000004, v_max=3.40608
a_max=0.17030400000000004, v_max=3.40608
a_max=0.17030400000000004, v_max=3.40608
a_max=0.17030400000000004, v_max=3.40608
a_max=0.17030400000000004, v_max=3.40608
a_max=0.17030400000000004, v_max=3.40608
a_max=0.17030400000000004, v_max=3.40608
a_max=0.17030400000000004, v_max=3.40608
a_max=0.17030400000000004, v_max=3.40608
a_max=0.17030400000000004, v_max=3.40608
a_max=0.17030400000000004, v_max=3.40608
8/radial_fixed
Training done, best epoch: 51
summary/8/radial_fixed
PSNR: 25.15 +- 0.78, SSIM: 0.6256 +- 0.0342
cuda
