a_max=0.17030400000000004, v_max=3.40608
a_max=0.17030400000000004, v_max=3.40608
a_max=0.17030400000000004, v_max=3.40608
a_max=0.17030400000000004, v_max=3.40608
a_max=0.17030400000000004, v_max=3.40608
a_max=0.17030400000000004, v_max=3.40608
a_max=0.17030400000000004, v_max=3.40608
a_max=0.17030400000000004, v_max=3.40608
a_max=0.17030400000000004, v_max=3.40608
a_max=0.17030400000000004, v_max=3.40608
a_max=0.17030400000000004, v_max=3.40608
a_max=0.17030400000000004, v_max=3.40608
a_max=0.17030400000000004, v_max=3.40608
a_max=0.17030400000000004, v_max=3.40608
a_max=0.17030400000000004, v_max=3.40608
a_max=0.17030400000000004, v_max=3.40608
a_max=0.17030400000000004, v_max=3.40608
a_max=0.17030400000000004, v_max=3.40608
a_max=0.17030400000000004, v_max=3.40608
a_max=0.17030400000000004, v_max=3.40608
a_max=0.17030400000000004, v_max=3.40608
a_max=0.17030400000000004, v_max=3.40608
a_max=0.17030400000000004, v_max=3.40608
a_max=0.17030400000000004, v_max=3.40608
a_max=0.17030400000000004, v_max=3.40608
a_max=0.17030400000000004, v_max=3.40608
a_max=0.17030400000000004, v_max=3.40608
a_max=0.17030400000000004, v_max=3.40608
a_max=0.17030400000000004, v_max=3.40608
a_max=0.17030400000000004, v_max=3.40608
a_max=0.17030400000000004, v_max=3.40608
a_max=0.17030400000000004, v_max=3.40608
a_max=0.17030400000000004, v_max=3.40608
a_max=0.17030400000000004, v_max=3.40608
a_max=0.17030400000000004, v_max=3.40608
a_max=0.17030400000000004, v_max=3.40608
a_max=0.17030400000000004, v_max=3.40608
a_max=0.17030400000000004, v_max=3.40608
a_max=0.17030400000000004, v_max=3.40608
a_max=0.17030400000000004, v_max=3.40608
a_max=0.17030400000000004, v_max=3.40608
a_max=0.17030400000000004, v_max=3.40608
a_max=0.17030400000000004, v_max=3.40608
a_max=0.17030400000000004, v_max=3.40608
a_max=0.17030400000000004, v_max=3.40608
a_max=0.17030400000000004, v_max=3.40608
a_max=0.17030400000000004, v_max=3.40608
a_max=0.17030400000000004, v_max=3.40608
a_max=0.17030400000000004, v_max=3.40608
a_max=0.17030400000000004, v_max=3.40608
a_max=0.17030400000000004, v_max=3.40608
a_max=0.17030400000000004, v_max=3.40608
a_max=0.17030400000000004, v_max=3.40608
a_max=0.17030400000000004, v_max=3.40608
a_max=0.17030400000000004, v_max=3.40608
a_max=0.17030400000000004, v_max=3.40608
a_max=0.17030400000000004, v_max=3.40608
a_max=0.17030400000000004, v_max=3.40608
a_max=0.17030400000000004, v_max=3.40608
a_max=0.17030400000000004, v_max=3.40608
a_max=0.17030400000000004, v_max=3.40608
a_max=0.17030400000000004, v_max=3.40608
a_max=0.17030400000000004, v_max=3.40608
a_max=0.17030400000000004, v_max=3.40608
a_max=0.17030400000000004, v_max=3.40608
a_max=0.17030400000000004, v_max=3.40608
a_max=0.17030400000000004, v_max=3.40608
a_max=0.17030400000000004, v_max=3.40608
a_max=0.17030400000000004, v_max=3.40608
a_max=0.17030400000000004, v_max=3.40608
a_max=0.17030400000000004, v_max=3.40608
a_max=0.17030400000000004, v_max=3.40608
a_max=0.17030400000000004, v_max=3.40608
a_max=0.17030400000000004, v_max=3.40608
a_max=0.17030400000000004, v_max=3.40608
a_max=0.17030400000000004, v_max=3.40608
a_max=0.17030400000000004, v_max=3.40608
a_max=0.17030400000000004, v_max=3.40608
a_max=0.17030400000000004, v_max=3.40608
a_max=0.17030400000000004, v_max=3.40608
a_max=0.17030400000000004, v_max=3.40608
a_max=0.17030400000000004, v_max=3.40608
a_max=0.17030400000000004, v_max=3.40608
a_max=0.17030400000000004, v_max=3.40608
a_max=0.17030400000000004, v_max=3.40608
a_max=0.17030400000000004, v_max=3.40608
a_max=0.17030400000000004, v_max=3.40608
a_max=0.17030400000000004, v_max=3.40608
a_max=0.17030400000000004, v_max=3.40608
a_max=0.17030400000000004, v_max=3.40608
a_max=0.17030400000000004, v_max=3.40608
a_max=0.17030400000000004, v_max=3.40608
a_max=0.17030400000000004, v_max=3.40608
a_max=0.17030400000000004, v_max=3.40608
a_max=0.17030400000000004, v_max=3.40608
a_max=0.17030400000000004, v_max=3.40608
a_max=0.17030400000000004, v_max=3.40608
a_max=0.17030400000000004, v_max=3.40608
a_max=0.17030400000000004, v_max=3.40608
a_max=0.17030400000000004, v_max=3.40608
a_max=0.17030400000000004, v_max=3.40608
a_max=0.17030400000000004, v_max=3.40608
a_max=0.17030400000000004, v_max=3.40608
a_max=0.17030400000000004, v_max=3.40608
a_max=0.17030400000000004, v_max=3.40608
a_max=0.17030400000000004, v_max=3.40608
a_max=0.17030400000000004, v_max=3.40608
a_max=0.17030400000000004, v_max=3.40608
a_max=0.17030400000000004, v_max=3.40608
a_max=0.17030400000000004, v_max=3.40608
a_max=0.17030400000000004, v_max=3.40608
a_max=0.17030400000000004, v_max=3.40608
a_max=0.17030400000000004, v_max=3.40608
a_max=0.17030400000000004, v_max=3.40608
a_max=0.17030400000000004, v_max=3.40608
a_max=0.17030400000000004, v_max=3.40608
a_max=0.17030400000000004, v_max=3.40608
a_max=0.17030400000000004, v_max=3.40608
a_max=0.17030400000000004, v_max=3.40608
a_max=0.17030400000000004, v_max=3.40608
a_max=0.17030400000000004, v_max=3.40608
a_max=0.17030400000000004, v_max=3.40608
a_max=0.17030400000000004, v_max=3.40608
a_max=0.17030400000000004, v_max=3.40608
a_max=0.17030400000000004, v_max=3.40608
a_max=0.17030400000000004, v_max=3.40608
a_max=0.17030400000000004, v_max=3.40608
a_max=0.17030400000000004, v_max=3.40608
a_max=0.17030400000000004, v_max=3.40608
a_max=0.17030400000000004, v_max=3.40608
a_max=0.17030400000000004, v_max=3.40608
a_max=0.17030400000000004, v_max=3.40608
a_max=0.17030400000000004, v_max=3.40608
a_max=0.17030400000000004, v_max=3.40608
a_max=0.17030400000000004, v_max=3.40608
a_max=0.17030400000000004, v_max=3.40608
a_max=0.17030400000000004, v_max=3.40608
a_max=0.17030400000000004, v_max=3.40608
a_max=0.17030400000000004, v_max=3.40608
a_max=0.17030400000000004, v_max=3.40608
a_max=0.17030400000000004, v_max=3.40608
a_max=0.17030400000000004, v_max=3.40608
a_max=0.17030400000000004, v_max=3.40608
a_max=0.17030400000000004, v_max=3.40608
a_max=0.17030400000000004, v_max=3.40608
a_max=0.17030400000000004, v_max=3.40608
a_max=0.17030400000000004, v_max=3.40608
a_max=0.17030400000000004, v_max=3.40608
a_max=0.17030400000000004, v_max=3.40608
a_max=0.17030400000000004, v_max=3.40608
a_max=0.17030400000000004, v_max=3.40608
a_max=0.17030400000000004, v_max=3.40608
a_max=0.17030400000000004, v_max=3.40608
a_max=0.17030400000000004, v_max=3.40608
a_max=0.17030400000000004, v_max=3.40608
a_max=0.17030400000000004, v_max=3.40608
a_max=0.17030400000000004, v_max=3.40608
a_max=0.17030400000000004, v_max=3.40608
a_max=0.17030400000000004, v_max=3.40608
a_max=0.17030400000000004, v_max=3.40608
a_max=0.17030400000000004, v_max=3.40608
a_max=0.17030400000000004, v_max=3.40608
a_max=0.17030400000000004, v_max=3.40608
a_max=0.17030400000000004, v_max=3.40608
a_max=0.17030400000000004, v_max=3.40608
a_max=0.17030400000000004, v_max=3.40608
a_max=0.17030400000000004, v_max=3.40608
a_max=0.17030400000000004, v_max=3.40608
a_max=0.17030400000000004, v_max=3.40608
a_max=0.17030400000000004, v_max=3.40608
a_max=0.17030400000000004, v_max=3.40608
a_max=0.17030400000000004, v_max=3.40608
a_max=0.17030400000000004, v_max=3.40608
a_max=0.17030400000000004, v_max=3.40608
a_max=0.17030400000000004, v_max=3.40608
a_max=0.17030400000000004, v_max=3.40608
a_max=0.17030400000000004, v_max=3.40608
a_max=0.17030400000000004, v_max=3.40608
a_max=0.17030400000000004, v_max=3.40608
a_max=0.17030400000000004, v_max=3.40608
a_max=0.17030400000000004, v_max=3.40608
a_max=0.17030400000000004, v_max=3.40608
a_max=0.17030400000000004, v_max=3.40608
a_max=0.17030400000000004, v_max=3.40608
a_max=0.17030400000000004, v_max=3.40608
a_max=0.17030400000000004, v_max=3.40608
a_max=0.17030400000000004, v_max=3.40608
a_max=0.17030400000000004, v_max=3.40608
a_max=0.17030400000000004, v_max=3.40608
a_max=0.17030400000000004, v_max=3.40608
a_max=0.17030400000000004, v_max=3.40608
a_max=0.17030400000000004, v_max=3.40608
a_max=0.17030400000000004, v_max=3.40608
a_max=0.17030400000000004, v_max=3.40608
a_max=0.17030400000000004, v_max=3.40608
a_max=0.17030400000000004, v_max=3.40608
a_max=0.17030400000000004, v_max=3.40608
a_max=0.17030400000000004, v_max=3.40608
a_max=0.17030400000000004, v_max=3.40608
a_max=0.17030400000000004, v_max=3.40608
a_max=0.17030400000000004, v_max=3.40608
a_max=0.17030400000000004, v_max=3.40608
a_max=0.17030400000000004, v_max=3.40608
a_max=0.17030400000000004, v_max=3.40608
a_max=0.17030400000000004, v_max=3.40608
a_max=0.17030400000000004, v_max=3.40608
a_max=0.17030400000000004, v_max=3.40608
a_max=0.17030400000000004, v_max=3.40608
a_max=0.17030400000000004, v_max=3.40608
a_max=0.17030400000000004, v_max=3.40608
a_max=0.17030400000000004, v_max=3.40608
a_max=0.17030400000000004, v_max=3.40608
a_max=0.17030400000000004, v_max=3.40608
a_max=0.17030400000000004, v_max=3.40608
a_max=0.17030400000000004, v_max=3.40608
a_max=0.17030400000000004, v_max=3.40608
a_max=0.17030400000000004, v_max=3.40608
a_max=0.17030400000000004, v_max=3.40608
a_max=0.17030400000000004, v_max=3.40608
a_max=0.17030400000000004, v_max=3.40608
a_max=0.17030400000000004, v_max=3.40608
a_max=0.17030400000000004, v_max=3.40608
a_max=0.17030400000000004, v_max=3.40608
a_max=0.17030400000000004, v_max=3.40608
a_max=0.17030400000000004, v_max=3.40608
a_max=0.17030400000000004, v_max=3.40608
a_max=0.17030400000000004, v_max=3.40608
a_max=0.17030400000000004, v_max=3.40608
a_max=0.17030400000000004, v_max=3.40608
a_max=0.17030400000000004, v_max=3.40608
a_max=0.17030400000000004, v_max=3.40608
a_max=0.17030400000000004, v_max=3.40608
a_max=0.17030400000000004, v_max=3.40608
a_max=0.17030400000000004, v_max=3.40608
a_max=0.17030400000000004, v_max=3.40608
a_max=0.17030400000000004, v_max=3.40608
a_max=0.17030400000000004, v_max=3.40608
a_max=0.17030400000000004, v_max=3.40608
a_max=0.17030400000000004, v_max=3.40608
a_max=0.17030400000000004, v_max=3.40608
a_max=0.17030400000000004, v_max=3.40608
a_max=0.17030400000000004, v_max=3.40608
a_max=0.17030400000000004, v_max=3.40608
a_max=0.17030400000000004, v_max=3.40608
a_max=0.17030400000000004, v_max=3.40608
a_max=0.17030400000000004, v_max=3.40608
a_max=0.17030400000000004, v_max=3.40608
a_max=0.17030400000000004, v_max=3.40608
a_max=0.17030400000000004, v_max=3.40608
a_max=0.17030400000000004, v_max=3.40608
a_max=0.17030400000000004, v_max=3.40608
a_max=0.17030400000000004, v_max=3.40608
a_max=0.17030400000000004, v_max=3.40608
a_max=0.17030400000000004, v_max=3.40608
a_max=0.17030400000000004, v_max=3.40608
a_max=0.17030400000000004, v_max=3.40608
a_max=0.17030400000000004, v_max=3.40608
a_max=0.17030400000000004, v_max=3.40608
a_max=0.17030400000000004, v_max=3.40608
a_max=0.17030400000000004, v_max=3.40608
a_max=0.17030400000000004, v_max=3.40608
a_max=0.17030400000000004, v_max=3.40608
a_max=0.17030400000000004, v_max=3.40608
a_max=0.17030400000000004, v_max=3.40608
a_max=0.17030400000000004, v_max=3.40608
a_max=0.17030400000000004, v_max=3.40608
a_max=0.17030400000000004, v_max=3.40608
a_max=0.17030400000000004, v_max=3.40608
a_max=0.17030400000000004, v_max=3.40608
a_max=0.17030400000000004, v_max=3.40608
a_max=0.17030400000000004, v_max=3.40608
a_max=0.17030400000000004, v_max=3.40608
a_max=0.17030400000000004, v_max=3.40608
a_max=0.17030400000000004, v_max=3.40608
a_max=0.17030400000000004, v_max=3.40608
a_max=0.17030400000000004, v_max=3.40608
a_max=0.17030400000000004, v_max=3.40608
a_max=0.17030400000000004, v_max=3.40608
a_max=0.17030400000000004, v_max=3.40608
a_max=0.17030400000000004, v_max=3.40608
a_max=0.17030400000000004, v_max=3.40608
a_max=0.17030400000000004, v_max=3.40608
a_max=0.17030400000000004, v_max=3.40608
a_max=0.17030400000000004, v_max=3.40608
a_max=0.17030400000000004, v_max=3.40608
a_max=0.17030400000000004, v_max=3.40608
a_max=0.17030400000000004, v_max=3.40608
a_max=0.17030400000000004, v_max=3.40608
a_max=0.17030400000000004, v_max=3.40608
a_max=0.17030400000000004, v_max=3.40608
a_max=0.17030400000000004, v_max=3.40608
a_max=0.17030400000000004, v_max=3.40608
a_max=0.17030400000000004, v_max=3.40608
a_max=0.17030400000000004, v_max=3.40608
a_max=0.17030400000000004, v_max=3.40608
a_max=0.17030400000000004, v_max=3.40608
a_max=0.17030400000000004, v_max=3.40608
a_max=0.17030400000000004, v_max=3.40608
a_max=0.17030400000000004, v_max=3.40608
a_max=0.17030400000000004, v_max=3.40608
16/radial_0.001_0.1_0.1
Training done, best epoch: 91
summary/16/radial_0.001_0.1_0.1
PSNR: 29.65 +- 0.69, SSIM: 0.7638 +- 0.0318
cuda
