a_max=0.17030400000000004, v_max=3.40608
a_max=0.17030400000000004, v_max=3.40608
a_max=0.17030400000000004, v_max=3.40608
a_max=0.17030400000000004, v_max=3.40608
a_max=0.17030400000000004, v_max=3.40608
a_max=0.17030400000000004, v_max=3.40608
a_max=0.17030400000000004, v_max=3.40608
a_max=0.17030400000000004, v_max=3.40608
a_max=0.17030400000000004, v_max=3.40608
a_max=0.17030400000000004, v_max=3.40608
a_max=0.17030400000000004, v_max=3.40608
a_max=0.17030400000000004, v_max=3.40608
a_max=0.17030400000000004, v_max=3.40608
a_max=0.17030400000000004, v_max=3.40608
a_max=0.17030400000000004, v_max=3.40608
a_max=0.17030400000000004, v_max=3.40608
a_max=0.17030400000000004, v_max=3.40608
a_max=0.17030400000000004, v_max=3.40608
a_max=0.17030400000000004, v_max=3.40608
a_max=0.17030400000000004, v_max=3.40608
a_max=0.17030400000000004, v_max=3.40608
a_max=0.17030400000000004, v_max=3.40608
a_max=0.17030400000000004, v_max=3.40608
a_max=0.17030400000000004, v_max=3.40608
a_max=0.17030400000000004, v_max=3.40608
a_max=0.17030400000000004, v_max=3.40608
a_max=0.17030400000000004, v_max=3.40608
a_max=0.17030400000000004, v_max=3.40608
a_max=0.17030400000000004, v_max=3.40608
a_max=0.17030400000000004, v_max=3.40608
a_max=0.17030400000000004, v_max=3.40608
a_max=0.17030400000000004, v_max=3.40608
a_max=0.17030400000000004, v_max=3.40608
a_max=0.17030400000000004, v_max=3.40608
a_max=0.17030400000000004, v_max=3.40608
a_max=0.17030400000000004, v_max=3.40608
a_max=0.17030400000000004, v_max=3.40608
a_max=0.17030400000000004, v_max=3.40608
a_max=0.17030400000000004, v_max=3.40608
a_max=0.17030400000000004, v_max=3.40608
a_max=0.17030400000000004, v_max=3.40608
a_max=0.17030400000000004, v_max=3.40608
a_max=0.17030400000000004, v_max=3.40608
a_max=0.17030400000000004, v_max=3.40608
a_max=0.17030400000000004, v_max=3.40608
a_max=0.17030400000000004, v_max=3.40608
a_max=0.17030400000000004, v_max=3.40608
a_max=0.17030400000000004, v_max=3.40608
a_max=0.17030400000000004, v_max=3.40608
a_max=0.17030400000000004, v_max=3.40608
a_max=0.17030400000000004, v_max=3.40608
a_max=0.17030400000000004, v_max=3.40608
a_max=0.17030400000000004, v_max=3.40608
a_max=0.17030400000000004, v_max=3.40608
a_max=0.17030400000000004, v_max=3.40608
a_max=0.17030400000000004, v_max=3.40608
a_max=0.17030400000000004, v_max=3.40608
a_max=0.17030400000000004, v_max=3.40608
a_max=0.17030400000000004, v_max=3.40608
a_max=0.17030400000000004, v_max=3.40608
a_max=0.17030400000000004, v_max=3.40608
a_max=0.17030400000000004, v_max=3.40608
a_max=0.17030400000000004, v_max=3.40608
a_max=0.17030400000000004, v_max=3.40608
a_max=0.17030400000000004, v_max=3.40608
a_max=0.17030400000000004, v_max=3.40608
a_max=0.17030400000000004, v_max=3.40608
a_max=0.17030400000000004, v_max=3.40608
a_max=0.17030400000000004, v_max=3.40608
a_max=0.17030400000000004, v_max=3.40608
a_max=0.17030400000000004, v_max=3.40608
a_max=0.17030400000000004, v_max=3.40608
a_max=0.17030400000000004, v_max=3.40608
a_max=0.17030400000000004, v_max=3.40608
a_max=0.17030400000000004, v_max=3.40608
a_max=0.17030400000000004, v_max=3.40608
a_max=0.17030400000000004, v_max=3.40608
a_max=0.17030400000000004, v_max=3.40608
a_max=0.17030400000000004, v_max=3.40608
a_max=0.17030400000000004, v_max=3.40608
a_max=0.17030400000000004, v_max=3.40608
a_max=0.17030400000000004, v_max=3.40608
a_max=0.17030400000000004, v_max=3.40608
a_max=0.17030400000000004, v_max=3.40608
a_max=0.17030400000000004, v_max=3.40608
a_max=0.17030400000000004, v_max=3.40608
a_max=0.17030400000000004, v_max=3.40608
a_max=0.17030400000000004, v_max=3.40608
a_max=0.17030400000000004, v_max=3.40608
a_max=0.17030400000000004, v_max=3.40608
a_max=0.17030400000000004, v_max=3.40608
a_max=0.17030400000000004, v_max=3.40608
a_max=0.17030400000000004, v_max=3.40608
a_max=0.17030400000000004, v_max=3.40608
a_max=0.17030400000000004, v_max=3.40608
a_max=0.17030400000000004, v_max=3.40608
a_max=0.17030400000000004, v_max=3.40608
a_max=0.17030400000000004, v_max=3.40608
a_max=0.17030400000000004, v_max=3.40608
a_max=0.17030400000000004, v_max=3.40608
a_max=0.17030400000000004, v_max=3.40608
a_max=0.17030400000000004, v_max=3.40608
a_max=0.17030400000000004, v_max=3.40608
a_max=0.17030400000000004, v_max=3.40608
a_max=0.17030400000000004, v_max=3.40608
a_max=0.17030400000000004, v_max=3.40608
a_max=0.17030400000000004, v_max=3.40608
a_max=0.17030400000000004, v_max=3.40608
a_max=0.17030400000000004, v_max=3.40608
a_max=0.17030400000000004, v_max=3.40608
a_max=0.17030400000000004, v_max=3.40608
a_max=0.17030400000000004, v_max=3.40608
a_max=0.17030400000000004, v_max=3.40608
a_max=0.17030400000000004, v_max=3.40608
a_max=0.17030400000000004, v_max=3.40608
a_max=0.17030400000000004, v_max=3.40608
a_max=0.17030400000000004, v_max=3.40608
a_max=0.17030400000000004, v_max=3.40608
a_max=0.17030400000000004, v_max=3.40608
a_max=0.17030400000000004, v_max=3.40608
a_max=0.17030400000000004, v_max=3.40608
a_max=0.17030400000000004, v_max=3.40608
a_max=0.17030400000000004, v_max=3.40608
a_max=0.17030400000000004, v_max=3.40608
a_max=0.17030400000000004, v_max=3.40608
a_max=0.17030400000000004, v_max=3.40608
a_max=0.17030400000000004, v_max=3.40608
a_max=0.17030400000000004, v_max=3.40608
a_max=0.17030400000000004, v_max=3.40608
a_max=0.17030400000000004, v_max=3.40608
a_max=0.17030400000000004, v_max=3.40608
a_max=0.17030400000000004, v_max=3.40608
a_max=0.17030400000000004, v_max=3.40608
a_max=0.17030400000000004, v_max=3.40608
a_max=0.17030400000000004, v_max=3.40608
a_max=0.17030400000000004, v_max=3.40608
a_max=0.17030400000000004, v_max=3.40608
a_max=0.17030400000000004, v_max=3.40608
a_max=0.17030400000000004, v_max=3.40608
a_max=0.17030400000000004, v_max=3.40608
a_max=0.17030400000000004, v_max=3.40608
a_max=0.17030400000000004, v_max=3.40608
a_max=0.17030400000000004, v_max=3.40608
a_max=0.17030400000000004, v_max=3.40608
a_max=0.17030400000000004, v_max=3.40608
a_max=0.17030400000000004, v_max=3.40608
a_max=0.17030400000000004, v_max=3.40608
a_max=0.17030400000000004, v_max=3.40608
a_max=0.17030400000000004, v_max=3.40608
a_max=0.17030400000000004, v_max=3.40608
a_max=0.17030400000000004, v_max=3.40608
a_max=0.17030400000000004, v_max=3.40608
a_max=0.17030400000000004, v_max=3.40608
a_max=0.17030400000000004, v_max=3.40608
a_max=0.17030400000000004, v_max=3.40608
a_max=0.17030400000000004, v_max=3.40608
a_max=0.17030400000000004, v_max=3.40608
a_max=0.17030400000000004, v_max=3.40608
a_max=0.17030400000000004, v_max=3.40608
a_max=0.17030400000000004, v_max=3.40608
a_max=0.17030400000000004, v_max=3.40608
a_max=0.17030400000000004, v_max=3.40608
a_max=0.17030400000000004, v_max=3.40608
a_max=0.17030400000000004, v_max=3.40608
a_max=0.17030400000000004, v_max=3.40608
a_max=0.17030400000000004, v_max=3.40608
a_max=0.17030400000000004, v_max=3.40608
a_max=0.17030400000000004, v_max=3.40608
a_max=0.17030400000000004, v_max=3.40608
a_max=0.17030400000000004, v_max=3.40608
a_max=0.17030400000000004, v_max=3.40608
a_max=0.17030400000000004, v_max=3.40608
a_max=0.17030400000000004, v_max=3.40608
a_max=0.17030400000000004, v_max=3.40608
a_max=0.17030400000000004, v_max=3.40608
a_max=0.17030400000000004, v_max=3.40608
a_max=0.17030400000000004, v_max=3.40608
a_max=0.17030400000000004, v_max=3.40608
a_max=0.17030400000000004, v_max=3.40608
a_max=0.17030400000000004, v_max=3.40608
a_max=0.17030400000000004, v_max=3.40608
a_max=0.17030400000000004, v_max=3.40608
a_max=0.17030400000000004, v_max=3.40608
a_max=0.17030400000000004, v_max=3.40608
a_max=0.17030400000000004, v_max=3.40608
a_max=0.17030400000000004, v_max=3.40608
a_max=0.17030400000000004, v_max=3.40608
a_max=0.17030400000000004, v_max=3.40608
a_max=0.17030400000000004, v_max=3.40608
a_max=0.17030400000000004, v_max=3.40608
a_max=0.17030400000000004, v_max=3.40608
a_max=0.17030400000000004, v_max=3.40608
a_max=0.17030400000000004, v_max=3.40608
a_max=0.17030400000000004, v_max=3.40608
a_max=0.17030400000000004, v_max=3.40608
a_max=0.17030400000000004, v_max=3.40608
a_max=0.17030400000000004, v_max=3.40608
a_max=0.17030400000000004, v_max=3.40608
a_max=0.17030400000000004, v_max=3.40608
a_max=0.17030400000000004, v_max=3.40608
a_max=0.17030400000000004, v_max=3.40608
a_max=0.17030400000000004, v_max=3.40608
a_max=0.17030400000000004, v_max=3.40608
a_max=0.17030400000000004, v_max=3.40608
a_max=0.17030400000000004, v_max=3.40608
a_max=0.17030400000000004, v_max=3.40608
a_max=0.17030400000000004, v_max=3.40608
a_max=0.17030400000000004, v_max=3.40608
a_max=0.17030400000000004, v_max=3.40608
a_max=0.17030400000000004, v_max=3.40608
a_max=0.17030400000000004, v_max=3.40608
a_max=0.17030400000000004, v_max=3.40608
a_max=0.17030400000000004, v_max=3.40608
a_max=0.17030400000000004, v_max=3.40608
a_max=0.17030400000000004, v_max=3.40608
a_max=0.17030400000000004, v_max=3.40608
a_max=0.17030400000000004, v_max=3.40608
a_max=0.17030400000000004, v_max=3.40608
a_max=0.17030400000000004, v_max=3.40608
a_max=0.17030400000000004, v_max=3.40608
a_max=0.17030400000000004, v_max=3.40608
a_max=0.17030400000000004, v_max=3.40608
a_max=0.17030400000000004, v_max=3.40608
a_max=0.17030400000000004, v_max=3.40608
a_max=0.17030400000000004, v_max=3.40608
a_max=0.17030400000000004, v_max=3.40608
a_max=0.17030400000000004, v_max=3.40608
a_max=0.17030400000000004, v_max=3.40608
a_max=0.17030400000000004, v_max=3.40608
a_max=0.17030400000000004, v_max=3.40608
a_max=0.17030400000000004, v_max=3.40608
a_max=0.17030400000000004, v_max=3.40608
a_max=0.17030400000000004, v_max=3.40608
a_max=0.17030400000000004, v_max=3.40608
a_max=0.17030400000000004, v_max=3.40608
a_max=0.17030400000000004, v_max=3.40608
a_max=0.17030400000000004, v_max=3.40608
a_max=0.17030400000000004, v_max=3.40608
a_max=0.17030400000000004, v_max=3.40608
a_max=0.17030400000000004, v_max=3.40608
a_max=0.17030400000000004, v_max=3.40608
a_max=0.17030400000000004, v_max=3.40608
a_max=0.17030400000000004, v_max=3.40608
a_max=0.17030400000000004, v_max=3.40608
a_max=0.17030400000000004, v_max=3.40608
a_max=0.17030400000000004, v_max=3.40608
a_max=0.17030400000000004, v_max=3.40608
a_max=0.17030400000000004, v_max=3.40608
a_max=0.17030400000000004, v_max=3.40608
a_max=0.17030400000000004, v_max=3.40608
a_max=0.17030400000000004, v_max=3.40608
a_max=0.17030400000000004, v_max=3.40608
a_max=0.17030400000000004, v_max=3.40608
a_max=0.17030400000000004, v_max=3.40608
a_max=0.17030400000000004, v_max=3.40608
a_max=0.17030400000000004, v_max=3.40608
a_max=0.17030400000000004, v_max=3.40608
a_max=0.17030400000000004, v_max=3.40608
a_max=0.17030400000000004, v_max=3.40608
a_max=0.17030400000000004, v_max=3.40608
a_max=0.17030400000000004, v_max=3.40608
a_max=0.17030400000000004, v_max=3.40608
a_max=0.17030400000000004, v_max=3.40608
a_max=0.17030400000000004, v_max=3.40608
a_max=0.17030400000000004, v_max=3.40608
a_max=0.17030400000000004, v_max=3.40608
a_max=0.17030400000000004, v_max=3.40608
a_max=0.17030400000000004, v_max=3.40608
a_max=0.17030400000000004, v_max=3.40608
a_max=0.17030400000000004, v_max=3.40608
a_max=0.17030400000000004, v_max=3.40608
a_max=0.17030400000000004, v_max=3.40608
a_max=0.17030400000000004, v_max=3.40608
a_max=0.17030400000000004, v_max=3.40608
a_max=0.17030400000000004, v_max=3.40608
a_max=0.17030400000000004, v_max=3.40608
a_max=0.17030400000000004, v_max=3.40608
a_max=0.17030400000000004, v_max=3.40608
a_max=0.17030400000000004, v_max=3.40608
a_max=0.17030400000000004, v_max=3.40608
a_max=0.17030400000000004, v_max=3.40608
a_max=0.17030400000000004, v_max=3.40608
a_max=0.17030400000000004, v_max=3.40608
a_max=0.17030400000000004, v_max=3.40608
a_max=0.17030400000000004, v_max=3.40608
a_max=0.17030400000000004, v_max=3.40608
a_max=0.17030400000000004, v_max=3.40608
a_max=0.17030400000000004, v_max=3.40608
a_max=0.17030400000000004, v_max=3.40608
a_max=0.17030400000000004, v_max=3.40608
a_max=0.17030400000000004, v_max=3.40608
a_max=0.17030400000000004, v_max=3.40608
a_max=0.17030400000000004, v_max=3.40608
a_max=0.17030400000000004, v_max=3.40608
a_max=0.17030400000000004, v_max=3.40608
a_max=0.17030400000000004, v_max=3.40608
a_max=0.17030400000000004, v_max=3.40608
a_max=0.17030400000000004, v_max=3.40608
a_max=0.17030400000000004, v_max=3.40608
a_max=0.17030400000000004, v_max=3.40608
16/radial_fixed
Training done, best epoch: 44
summary/16/radial_fixed
PSNR: 27.20 +- 0.83, SSIM: 0.6896 +- 0.0367
cuda
