a_max=0.17030400000000004, v_max=3.40608
a_max=0.17030400000000004, v_max=3.40608
a_max=0.17030400000000004, v_max=3.40608
a_max=0.17030400000000004, v_max=3.40608
a_max=0.17030400000000004, v_max=3.40608
a_max=0.17030400000000004, v_max=3.40608
a_max=0.17030400000000004, v_max=3.40608
a_max=0.17030400000000004, v_max=3.40608
a_max=0.17030400000000004, v_max=3.40608
a_max=0.17030400000000004, v_max=3.40608
a_max=0.17030400000000004, v_max=3.40608
a_max=0.17030400000000004, v_max=3.40608
a_max=0.17030400000000004, v_max=3.40608
a_max=0.17030400000000004, v_max=3.40608
a_max=0.17030400000000004, v_max=3.40608
a_max=0.17030400000000004, v_max=3.40608
a_max=0.17030400000000004, v_max=3.40608
a_max=0.17030400000000004, v_max=3.40608
a_max=0.17030400000000004, v_max=3.40608
a_max=0.17030400000000004, v_max=3.40608
a_max=0.17030400000000004, v_max=3.40608
a_max=0.17030400000000004, v_max=3.40608
a_max=0.17030400000000004, v_max=3.40608
a_max=0.17030400000000004, v_max=3.40608
a_max=0.17030400000000004, v_max=3.40608
a_max=0.17030400000000004, v_max=3.40608
a_max=0.17030400000000004, v_max=3.40608
a_max=0.17030400000000004, v_max=3.40608
a_max=0.17030400000000004, v_max=3.40608
a_max=0.17030400000000004, v_max=3.40608
a_max=0.17030400000000004, v_max=3.40608
a_max=0.17030400000000004, v_max=3.40608
a_max=0.17030400000000004, v_max=3.40608
a_max=0.17030400000000004, v_max=3.40608
a_max=0.17030400000000004, v_max=3.40608
a_max=0.17030400000000004, v_max=3.40608
a_max=0.17030400000000004, v_max=3.40608
a_max=0.17030400000000004, v_max=3.40608
a_max=0.17030400000000004, v_max=3.40608
a_max=0.17030400000000004, v_max=3.40608
a_max=0.17030400000000004, v_max=3.40608
a_max=0.17030400000000004, v_max=3.40608
a_max=0.17030400000000004, v_max=3.40608
a_max=0.17030400000000004, v_max=3.40608
a_max=0.17030400000000004, v_max=3.40608
a_max=0.17030400000000004, v_max=3.40608
a_max=0.17030400000000004, v_max=3.40608
a_max=0.17030400000000004, v_max=3.40608
a_max=0.17030400000000004, v_max=3.40608
a_max=0.17030400000000004, v_max=3.40608
a_max=0.17030400000000004, v_max=3.40608
a_max=0.17030400000000004, v_max=3.40608
a_max=0.17030400000000004, v_max=3.40608
a_max=0.17030400000000004, v_max=3.40608
a_max=0.17030400000000004, v_max=3.40608
a_max=0.17030400000000004, v_max=3.40608
a_max=0.17030400000000004, v_max=3.40608
a_max=0.17030400000000004, v_max=3.40608
a_max=0.17030400000000004, v_max=3.40608
a_max=0.17030400000000004, v_max=3.40608
a_max=0.17030400000000004, v_max=3.40608
a_max=0.17030400000000004, v_max=3.40608
a_max=0.17030400000000004, v_max=3.40608
a_max=0.17030400000000004, v_max=3.40608
a_max=0.17030400000000004, v_max=3.40608
a_max=0.17030400000000004, v_max=3.40608
a_max=0.17030400000000004, v_max=3.40608
a_max=0.17030400000000004, v_max=3.40608
a_max=0.17030400000000004, v_max=3.40608
a_max=0.17030400000000004, v_max=3.40608
a_max=0.17030400000000004, v_max=3.40608
a_max=0.17030400000000004, v_max=3.40608
a_max=0.17030400000000004, v_max=3.40608
a_max=0.17030400000000004, v_max=3.40608
a_max=0.17030400000000004, v_max=3.40608
a_max=0.17030400000000004, v_max=3.40608
a_max=0.17030400000000004, v_max=3.40608
a_max=0.17030400000000004, v_max=3.40608
a_max=0.17030400000000004, v_max=3.40608
a_max=0.17030400000000004, v_max=3.40608
a_max=0.17030400000000004, v_max=3.40608
a_max=0.17030400000000004, v_max=3.40608
a_max=0.17030400000000004, v_max=3.40608
a_max=0.17030400000000004, v_max=3.40608
a_max=0.17030400000000004, v_max=3.40608
a_max=0.17030400000000004, v_max=3.40608
a_max=0.17030400000000004, v_max=3.40608
a_max=0.17030400000000004, v_max=3.40608
a_max=0.17030400000000004, v_max=3.40608
a_max=0.17030400000000004, v_max=3.40608
a_max=0.17030400000000004, v_max=3.40608
a_max=0.17030400000000004, v_max=3.40608
a_max=0.17030400000000004, v_max=3.40608
a_max=0.17030400000000004, v_max=3.40608
a_max=0.17030400000000004, v_max=3.40608
a_max=0.17030400000000004, v_max=3.40608
a_max=0.17030400000000004, v_max=3.40608
a_max=0.17030400000000004, v_max=3.40608
a_max=0.17030400000000004, v_max=3.40608
a_max=0.17030400000000004, v_max=3.40608
a_max=0.17030400000000004, v_max=3.40608
a_max=0.17030400000000004, v_max=3.40608
a_max=0.17030400000000004, v_max=3.40608
a_max=0.17030400000000004, v_max=3.40608
a_max=0.17030400000000004, v_max=3.40608
a_max=0.17030400000000004, v_max=3.40608
a_max=0.17030400000000004, v_max=3.40608
a_max=0.17030400000000004, v_max=3.40608
a_max=0.17030400000000004, v_max=3.40608
a_max=0.17030400000000004, v_max=3.40608
a_max=0.17030400000000004, v_max=3.40608
a_max=0.17030400000000004, v_max=3.40608
a_max=0.17030400000000004, v_max=3.40608
a_max=0.17030400000000004, v_max=3.40608
a_max=0.17030400000000004, v_max=3.40608
a_max=0.17030400000000004, v_max=3.40608
a_max=0.17030400000000004, v_max=3.40608
a_max=0.17030400000000004, v_max=3.40608
a_max=0.17030400000000004, v_max=3.40608
a_max=0.17030400000000004, v_max=3.40608
a_max=0.17030400000000004, v_max=3.40608
a_max=0.17030400000000004, v_max=3.40608
a_max=0.17030400000000004, v_max=3.40608
a_max=0.17030400000000004, v_max=3.40608
a_max=0.17030400000000004, v_max=3.40608
a_max=0.17030400000000004, v_max=3.40608
a_max=0.17030400000000004, v_max=3.40608
a_max=0.17030400000000004, v_max=3.40608
a_max=0.17030400000000004, v_max=3.40608
a_max=0.17030400000000004, v_max=3.40608
a_max=0.17030400000000004, v_max=3.40608
a_max=0.17030400000000004, v_max=3.40608
a_max=0.17030400000000004, v_max=3.40608
a_max=0.17030400000000004, v_max=3.40608
a_max=0.17030400000000004, v_max=3.40608
a_max=0.17030400000000004, v_max=3.40608
a_max=0.17030400000000004, v_max=3.40608
a_max=0.17030400000000004, v_max=3.40608
a_max=0.17030400000000004, v_max=3.40608
a_max=0.17030400000000004, v_max=3.40608
a_max=0.17030400000000004, v_max=3.40608
a_max=0.17030400000000004, v_max=3.40608
a_max=0.17030400000000004, v_max=3.40608
a_max=0.17030400000000004, v_max=3.40608
a_max=0.17030400000000004, v_max=3.40608
a_max=0.17030400000000004, v_max=3.40608
a_max=0.17030400000000004, v_max=3.40608
a_max=0.17030400000000004, v_max=3.40608
a_max=0.17030400000000004, v_max=3.40608
a_max=0.17030400000000004, v_max=3.40608
a_max=0.17030400000000004, v_max=3.40608
a_max=0.17030400000000004, v_max=3.40608
a_max=0.17030400000000004, v_max=3.40608
a_max=0.17030400000000004, v_max=3.40608
a_max=0.17030400000000004, v_max=3.40608
a_max=0.17030400000000004, v_max=3.40608
a_max=0.17030400000000004, v_max=3.40608
a_max=0.17030400000000004, v_max=3.40608
a_max=0.17030400000000004, v_max=3.40608
a_max=0.17030400000000004, v_max=3.40608
a_max=0.17030400000000004, v_max=3.40608
a_max=0.17030400000000004, v_max=3.40608
a_max=0.17030400000000004, v_max=3.40608
a_max=0.17030400000000004, v_max=3.40608
a_max=0.17030400000000004, v_max=3.40608
a_max=0.17030400000000004, v_max=3.40608
a_max=0.17030400000000004, v_max=3.40608
a_max=0.17030400000000004, v_max=3.40608
a_max=0.17030400000000004, v_max=3.40608
a_max=0.17030400000000004, v_max=3.40608
a_max=0.17030400000000004, v_max=3.40608
a_max=0.17030400000000004, v_max=3.40608
a_max=0.17030400000000004, v_max=3.40608
a_max=0.17030400000000004, v_max=3.40608
a_max=0.17030400000000004, v_max=3.40608
a_max=0.17030400000000004, v_max=3.40608
a_max=0.17030400000000004, v_max=3.40608
a_max=0.17030400000000004, v_max=3.40608
a_max=0.17030400000000004, v_max=3.40608
a_max=0.17030400000000004, v_max=3.40608
a_max=0.17030400000000004, v_max=3.40608
a_max=0.17030400000000004, v_max=3.40608
a_max=0.17030400000000004, v_max=3.40608
a_max=0.17030400000000004, v_max=3.40608
a_max=0.17030400000000004, v_max=3.40608
a_max=0.17030400000000004, v_max=3.40608
a_max=0.17030400000000004, v_max=3.40608
a_max=0.17030400000000004, v_max=3.40608
a_max=0.17030400000000004, v_max=3.40608
a_max=0.17030400000000004, v_max=3.40608
a_max=0.17030400000000004, v_max=3.40608
a_max=0.17030400000000004, v_max=3.40608
a_max=0.17030400000000004, v_max=3.40608
a_max=0.17030400000000004, v_max=3.40608
a_max=0.17030400000000004, v_max=3.40608
a_max=0.17030400000000004, v_max=3.40608
a_max=0.17030400000000004, v_max=3.40608
a_max=0.17030400000000004, v_max=3.40608
a_max=0.17030400000000004, v_max=3.40608
a_max=0.17030400000000004, v_max=3.40608
a_max=0.17030400000000004, v_max=3.40608
a_max=0.17030400000000004, v_max=3.40608
a_max=0.17030400000000004, v_max=3.40608
a_max=0.17030400000000004, v_max=3.40608
a_max=0.17030400000000004, v_max=3.40608
a_max=0.17030400000000004, v_max=3.40608
a_max=0.17030400000000004, v_max=3.40608
a_max=0.17030400000000004, v_max=3.40608
a_max=0.17030400000000004, v_max=3.40608
a_max=0.17030400000000004, v_max=3.40608
a_max=0.17030400000000004, v_max=3.40608
a_max=0.17030400000000004, v_max=3.40608
a_max=0.17030400000000004, v_max=3.40608
a_max=0.17030400000000004, v_max=3.40608
a_max=0.17030400000000004, v_max=3.40608
a_max=0.17030400000000004, v_max=3.40608
a_max=0.17030400000000004, v_max=3.40608
a_max=0.17030400000000004, v_max=3.40608
a_max=0.17030400000000004, v_max=3.40608
a_max=0.17030400000000004, v_max=3.40608
a_max=0.17030400000000004, v_max=3.40608
a_max=0.17030400000000004, v_max=3.40608
a_max=0.17030400000000004, v_max=3.40608
a_max=0.17030400000000004, v_max=3.40608
a_max=0.17030400000000004, v_max=3.40608
a_max=0.17030400000000004, v_max=3.40608
a_max=0.17030400000000004, v_max=3.40608
a_max=0.17030400000000004, v_max=3.40608
a_max=0.17030400000000004, v_max=3.40608
a_max=0.17030400000000004, v_max=3.40608
a_max=0.17030400000000004, v_max=3.40608
a_max=0.17030400000000004, v_max=3.40608
a_max=0.17030400000000004, v_max=3.40608
a_max=0.17030400000000004, v_max=3.40608
a_max=0.17030400000000004, v_max=3.40608
a_max=0.17030400000000004, v_max=3.40608
a_max=0.17030400000000004, v_max=3.40608
a_max=0.17030400000000004, v_max=3.40608
a_max=0.17030400000000004, v_max=3.40608
a_max=0.17030400000000004, v_max=3.40608
a_max=0.17030400000000004, v_max=3.40608
a_max=0.17030400000000004, v_max=3.40608
a_max=0.17030400000000004, v_max=3.40608
a_max=0.17030400000000004, v_max=3.40608
a_max=0.17030400000000004, v_max=3.40608
a_max=0.17030400000000004, v_max=3.40608
a_max=0.17030400000000004, v_max=3.40608
a_max=0.17030400000000004, v_max=3.40608
a_max=0.17030400000000004, v_max=3.40608
a_max=0.17030400000000004, v_max=3.40608
a_max=0.17030400000000004, v_max=3.40608
a_max=0.17030400000000004, v_max=3.40608
a_max=0.17030400000000004, v_max=3.40608
a_max=0.17030400000000004, v_max=3.40608
a_max=0.17030400000000004, v_max=3.40608
a_max=0.17030400000000004, v_max=3.40608
a_max=0.17030400000000004, v_max=3.40608
a_max=0.17030400000000004, v_max=3.40608
a_max=0.17030400000000004, v_max=3.40608
a_max=0.17030400000000004, v_max=3.40608
a_max=0.17030400000000004, v_max=3.40608
a_max=0.17030400000000004, v_max=3.40608
a_max=0.17030400000000004, v_max=3.40608
a_max=0.17030400000000004, v_max=3.40608
a_max=0.17030400000000004, v_max=3.40608
a_max=0.17030400000000004, v_max=3.40608
a_max=0.17030400000000004, v_max=3.40608
a_max=0.17030400000000004, v_max=3.40608
a_max=0.17030400000000004, v_max=3.40608
a_max=0.17030400000000004, v_max=3.40608
a_max=0.17030400000000004, v_max=3.40608
a_max=0.17030400000000004, v_max=3.40608
a_max=0.17030400000000004, v_max=3.40608
a_max=0.17030400000000004, v_max=3.40608
a_max=0.17030400000000004, v_max=3.40608
a_max=0.17030400000000004, v_max=3.40608
a_max=0.17030400000000004, v_max=3.40608
a_max=0.17030400000000004, v_max=3.40608
a_max=0.17030400000000004, v_max=3.40608
a_max=0.17030400000000004, v_max=3.40608
a_max=0.17030400000000004, v_max=3.40608
a_max=0.17030400000000004, v_max=3.40608
a_max=0.17030400000000004, v_max=3.40608
a_max=0.17030400000000004, v_max=3.40608
a_max=0.17030400000000004, v_max=3.40608
a_max=0.17030400000000004, v_max=3.40608
a_max=0.17030400000000004, v_max=3.40608
a_max=0.17030400000000004, v_max=3.40608
a_max=0.17030400000000004, v_max=3.40608
a_max=0.17030400000000004, v_max=3.40608
a_max=0.17030400000000004, v_max=3.40608
a_max=0.17030400000000004, v_max=3.40608
a_max=0.17030400000000004, v_max=3.40608
a_max=0.17030400000000004, v_max=3.40608
a_max=0.17030400000000004, v_max=3.40608
a_max=0.17030400000000004, v_max=3.40608
a_max=0.17030400000000004, v_max=3.40608
a_max=0.17030400000000004, v_max=3.40608
a_max=0.17030400000000004, v_max=3.40608
a_max=0.17030400000000004, v_max=3.40608
8/radial_0.001_0.1_0.1
Training done, best epoch: 175
summary/8/radial_0.001_0.1_0.1
PSNR: 27.86 +- 0.69, SSIM: 0.7022 +- 0.0373
cuda
